{"meta": {"format": 3, "version": "7.10.2", "timestamp": "2025-09-23T21:36:30.553129", "branch_coverage": true, "show_contexts": false}, "files": {"src/rfd/__init__.py": {"executed_lines": [1, 8, 9, 10, 11, 13, 14, 15, 16, 17, 19], "summary": {"covered_lines": 10, "num_statements": 10, "percent_covered": 100.0, "percent_covered_display": "100.00", "missing_lines": 0, "excluded_lines": 0, "num_branches": 0, "num_partial_branches": 0, "covered_branches": 0, "missing_branches": 0}, "missing_lines": [], "excluded_lines": [], "executed_branches": [], "missing_branches": [], "functions": {"": {"executed_lines": [1, 8, 9, 10, 11, 13, 14, 15, 16, 17, 19], "summary": {"covered_lines": 10, "num_statements": 10, "percent_covered": 100.0, "percent_covered_display": "100.00", "missing_lines": 0, "excluded_lines": 0, "num_branches": 0, "num_partial_branches": 0, "covered_branches": 0, "missing_branches": 0}, "missing_lines": [], "excluded_lines": [], "executed_branches": [], "missing_branches": []}}, "classes": {"": {"executed_lines": [1, 8, 9, 10, 11, 13, 14, 15, 16, 17, 19], "summary": {"covered_lines": 10, "num_statements": 10, "percent_covered": 100.0, "percent_covered_display": "100.00", "missing_lines": 0, "excluded_lines": 0, "num_branches": 0, "num_partial_branches": 0, "covered_branches": 0, "missing_branches": 0}, "missing_lines": [], "excluded_lines": [], "executed_branches": [], "missing_branches": []}}}, "src/rfd/ai_validator.py": {"executed_lines": [1, 6, 7, 8, 11, 12, 14, 15, 17, 22, 25, 26, 27, 30, 31, 43, 44, 47, 48, 60, 115, 128, 130, 132, 134, 141, 142, 143, 144, 147, 148, 150, 153, 155, 156, 157, 159, 161, 190, 191, 192, 193, 207, 208, 247, 249, 267, 269, 271, 273, 275, 276, 279, 308, 366, 370, 445, 446, 447, 448, 453, 455, 457, 484, 485, 486, 491, 493, 602], "summary": {"covered_lines": 67, "num_statements": 208, "percent_covered": 28.143712574850298, "percent_covered_display": "28.14", "missing_lines": 141, "excluded_lines": 0, "num_branches": 126, "num_partial_branches": 15, "covered_branches": 27, "missing_branches": 99}, "missing_lines": [32, 33, 45, 62, 64, 65, 66, 69, 79, 88, 89, 100, 101, 116, 117, 151, 154, 194, 195, 199, 201, 203, 204, 210, 211, 213, 244, 245, 251, 258, 259, 260, 262, 263, 264, 265, 270, 272, 274, 277, 283, 284, 285, 286, 287, 288, 289, 292, 294, 298, 300, 301, 302, 303, 304, 306, 310, 311, 312, 315, 318, 321, 322, 328, 329, 336, 337, 343, 344, 351, 358, 359, 360, 362, 363, 364, 450, 451, 487, 488, 489, 498, 499, 502, 503, 504, 507, 508, 512, 514, 515, 516, 517, 530, 531, 532, 533, 535, 536, 539, 540, 541, 544, 545, 546, 549, 551, 555, 557, 559, 562, 564, 566, 575, 577, 579, 591, 593, 595, 598, 599, 600, 604, 607, 608, 610, 615, 616, 618, 619, 622, 623, 625, 626, 628, 629, 631, 632, 637, 638, 641], "excluded_lines": [], "executed_branches": [[31, 43], [43, 44], [43, 60], [44, 47], [60, 115], [115, 128], [142, 143], [142, 147], [148, 150], [148, 157], [150, 153], [153, 155], [155, 156], [191, 192], [191, 207], [193, 191], [208, 247], [269, 271], [271, 273], [273, 275], [275, 276], [446, 447], [446, 453], [448, 446], [485, 486], [485, 491], [486, 485]], "missing_branches": [[31, 32], [32, 31], [32, 33], [44, 45], [60, 62], [62, 64], [62, 100], [65, 66], [65, 79], [115, 116], [150, 151], [153, 154], [155, 148], [193, 194], [194, 195], [194, 199], [201, 193], [201, 203], [208, 210], [210, 211], [210, 213], [213, 244], [213, 245], [258, 259], [258, 265], [260, 258], [260, 262], [262, 258], [262, 263], [263, 262], [263, 264], [269, 270], [271, 272], [273, 274], [275, 277], [283, 284], [283, 292], [285, 286], [285, 292], [286, 287], [286, 292], [292, 294], [292, 306], [294, 298], [294, 300], [301, 292], [301, 302], [321, 322], [321, 328], [328, 329], [328, 336], [336, 337], [336, 343], [343, 344], [343, 351], [358, 359], [358, 362], [359, 358], [359, 360], [448, 450], [486, 487], [488, 485], [488, 489], [498, 499], [498, 502], [503, 504], [503, 507], [507, 508], [507, 535], [508, 512], [508, 514], [517, 507], [517, 530], [535, 536], [535, 539], [545, 546], [545, 549], [549, 551], [549, 557], [557, 559], [557, 564], [564, 566], [564, 577], [577, 579], [577, 593], [593, 595], [593, 598], [608, 610], [608, 618], [610, 608], [610, 615], [618, 619], [618, 622], [625, 626], [625, 641], [628, 629], [628, 631], [632, 625], [632, 637]], "functions": {"AIClaimValidator.__init__": {"executed_lines": [15], "summary": {"covered_lines": 1, "num_statements": 1, "percent_covered": 100.0, "percent_covered_display": "100.00", "missing_lines": 0, "excluded_lines": 0, "num_branches": 0, "num_partial_branches": 0, "covered_branches": 0, "missing_branches": 0}, "missing_lines": [], "excluded_lines": [], "executed_branches": [], "missing_branches": []}, "AIClaimValidator.validate_ai_claims": {"executed_lines": [22, 25, 26, 27, 30, 31, 43, 44, 47, 48, 60, 115, 128, 130], "summary": {"covered_lines": 14, "num_statements": 29, "percent_covered": 44.44444444444444, "percent_covered_display": "44.44", "missing_lines": 15, "excluded_lines": 0, "num_branches": 16, "num_partial_branches": 4, "covered_branches": 6, "missing_branches": 10}, "missing_lines": [32, 33, 45, 62, 64, 65, 66, 69, 79, 88, 89, 100, 101, 116, 117], "excluded_lines": [], "executed_branches": [[31, 43], [43, 44], [43, 60], [44, 47], [60, 115], [115, 128]], "missing_branches": [[31, 32], [32, 31], [32, 33], [44, 45], [60, 62], [62, 64], [62, 100], [65, 66], [65, 79], [115, 116]]}, "AIClaimValidator._extract_file_claims": {"executed_lines": [134, 141, 142, 143, 144, 147, 148, 150, 153, 155, 156, 157], "summary": {"covered_lines": 12, "num_statements": 14, "percent_covered": 79.16666666666667, "percent_covered_display": "79.17", "missing_lines": 2, "excluded_lines": 0, "num_branches": 10, "num_partial_branches": 3, "covered_branches": 7, "missing_branches": 3}, "missing_lines": [151, 154], "excluded_lines": [], "executed_branches": [[142, 143], [142, 147], [148, 150], [148, 157], [150, 153], [153, 155], [155, 156]], "missing_branches": [[150, 151], [153, 154], [155, 148]]}, "AIClaimValidator._extract_function_claims": {"executed_lines": [161, 190, 191, 192, 193, 207, 208, 247], "summary": {"covered_lines": 8, "num_statements": 19, "percent_covered": 36.36363636363637, "percent_covered_display": "36.36", "missing_lines": 11, "excluded_lines": 0, "num_branches": 14, "num_partial_branches": 2, "covered_branches": 4, "missing_branches": 10}, "missing_lines": [194, 195, 199, 201, 203, 204, 210, 211, 213, 244, 245], "excluded_lines": [], "executed_branches": [[191, 192], [191, 207], [193, 191], [208, 247]], "missing_branches": [[193, 194], [194, 195], [194, 199], [201, 193], [201, 203], [208, 210], [210, 211], [210, 213], [213, 244], [213, 245]]}, "AIClaimValidator._find_file_hint_for_function": {"executed_lines": [], "summary": {"covered_lines": 0, "num_statements": 8, "percent_covered": 0.0, "percent_covered_display": "0.00", "missing_lines": 8, "excluded_lines": 0, "num_branches": 8, "num_partial_branches": 0, "covered_branches": 0, "missing_branches": 8}, "missing_lines": [251, 258, 259, 260, 262, 263, 264, 265], "excluded_lines": [], "executed_branches": [], "missing_branches": [[258, 259], [258, 265], [260, 258], [260, 262], [262, 258], [262, 263], [263, 262], [263, 264]]}, "AIClaimValidator._is_valid_file_path": {"executed_lines": [269, 271, 273, 275, 276], "summary": {"covered_lines": 5, "num_statements": 9, "percent_covered": 52.94117647058823, "percent_covered_display": "52.94", "missing_lines": 4, "excluded_lines": 0, "num_branches": 8, "num_partial_branches": 4, "covered_branches": 4, "missing_branches": 4}, "missing_lines": [270, 272, 274, 277], "excluded_lines": [], "executed_branches": [[269, 271], [271, 273], [273, 275], [275, 276]], "missing_branches": [[269, 270], [271, 272], [273, 274], [275, 277]]}, "AIClaimValidator._verify_function_exists": {"executed_lines": [], "summary": {"covered_lines": 0, "num_statements": 16, "percent_covered": 0.0, "percent_covered_display": "0.00", "missing_lines": 16, "excluded_lines": 0, "num_branches": 12, "num_partial_branches": 0, "covered_branches": 0, "missing_branches": 12}, "missing_lines": [283, 284, 285, 286, 287, 288, 289, 292, 294, 298, 300, 301, 302, 303, 304, 306], "excluded_lines": [], "executed_branches": [], "missing_branches": [[283, 284], [283, 292], [285, 286], [285, 292], [286, 287], [286, 292], [292, 294], [292, 306], [294, 298], [294, 300], [301, 292], [301, 302]]}, "AIClaimValidator._check_function_in_file": {"executed_lines": [], "summary": {"covered_lines": 0, "num_statements": 20, "percent_covered": 0.0, "percent_covered_display": "0.00", "missing_lines": 20, "excluded_lines": 0, "num_branches": 12, "num_partial_branches": 0, "covered_branches": 0, "missing_branches": 12}, "missing_lines": [310, 311, 312, 315, 318, 321, 322, 328, 329, 336, 337, 343, 344, 351, 358, 359, 360, 362, 363, 364], "excluded_lines": [], "executed_branches": [], "missing_branches": [[321, 322], [321, 328], [328, 329], [328, 336], [336, 337], [336, 343], [343, 344], [343, 351], [358, 359], [358, 362], [359, 358], [359, 360]]}, "AIClaimValidator._extract_modification_claims": {"executed_lines": [370, 445, 446, 447, 448, 453], "summary": {"covered_lines": 6, "num_statements": 8, "percent_covered": 75.0, "percent_covered_display": "75.00", "missing_lines": 2, "excluded_lines": 0, "num_branches": 4, "num_partial_branches": 1, "covered_branches": 3, "missing_branches": 1}, "missing_lines": [450, 451], "excluded_lines": [], "executed_branches": [[446, 447], [446, 453], [448, 446]], "missing_branches": [[448, 450]]}, "AIClaimValidator._detect_vague_claims": {"executed_lines": [457, 484, 485, 486, 491], "summary": {"covered_lines": 5, "num_statements": 8, "percent_covered": 57.142857142857146, "percent_covered_display": "57.14", "missing_lines": 3, "excluded_lines": 0, "num_branches": 6, "num_partial_branches": 1, "covered_branches": 3, "missing_branches": 3}, "missing_lines": [487, 488, 489], "excluded_lines": [], "executed_branches": [[485, 486], [485, 491], [486, 485]], "missing_branches": [[486, 487], [488, 485], [488, 489]]}, "AIClaimValidator._verify_modification_claim": {"executed_lines": [], "summary": {"covered_lines": 0, "num_statements": 41, "percent_covered": 0.0, "percent_covered_display": "0.00", "missing_lines": 41, "excluded_lines": 0, "num_branches": 24, "num_partial_branches": 0, "covered_branches": 0, "missing_branches": 24}, "missing_lines": [498, 499, 502, 503, 504, 507, 508, 512, 514, 515, 516, 517, 530, 531, 532, 533, 535, 536, 539, 540, 541, 544, 545, 546, 549, 551, 555, 557, 559, 562, 564, 566, 575, 577, 579, 591, 593, 595, 598, 599, 600], "excluded_lines": [], "executed_branches": [], "missing_branches": [[498, 499], [498, 502], [503, 504], [503, 507], [507, 508], [507, 535], [508, 512], [508, 514], [517, 507], [517, 530], [535, 536], [535, 539], [545, 546], [545, 549], [549, 551], [549, 557], [557, 559], [557, 564], [564, 566], [564, 577], [577, 579], [577, 593], [593, 595], [593, 598]]}, "AIClaimValidator._extract_function_content": {"executed_lines": [], "summary": {"covered_lines": 0, "num_statements": 19, "percent_covered": 0.0, "percent_covered_display": "0.00", "missing_lines": 19, "excluded_lines": 0, "num_branches": 12, "num_partial_branches": 0, "covered_branches": 0, "missing_branches": 12}, "missing_lines": [604, 607, 608, 610, 615, 616, 618, 619, 622, 623, 625, 626, 628, 629, 631, 632, 637, 638, 641], "excluded_lines": [], "executed_branches": [], "missing_branches": [[608, 610], [608, 618], [610, 608], [610, 615], [618, 619], [618, 622], [625, 626], [625, 641], [628, 629], [628, 631], [632, 625], [632, 637]]}, "": {"executed_lines": [1, 6, 7, 8, 11, 12, 14, 17, 132, 159, 249, 267, 279, 308, 366, 455, 493, 602], "summary": {"covered_lines": 16, "num_statements": 16, "percent_covered": 100.0, "percent_covered_display": "100.00", "missing_lines": 0, "excluded_lines": 0, "num_branches": 0, "num_partial_branches": 0, "covered_branches": 0, "missing_branches": 0}, "missing_lines": [], "excluded_lines": [], "executed_branches": [], "missing_branches": []}}, "classes": {"AIClaimValidator": {"executed_lines": [15, 22, 25, 26, 27, 30, 31, 43, 44, 47, 48, 60, 115, 128, 130, 134, 141, 142, 143, 144, 147, 148, 150, 153, 155, 156, 157, 161, 190, 191, 192, 193, 207, 208, 247, 269, 271, 273, 275, 276, 370, 445, 446, 447, 448, 453, 457, 484, 485, 486, 491], "summary": {"covered_lines": 51, "num_statements": 192, "percent_covered": 24.528301886792452, "percent_covered_display": "24.53", "missing_lines": 141, "excluded_lines": 0, "num_branches": 126, "num_partial_branches": 15, "covered_branches": 27, "missing_branches": 99}, "missing_lines": [32, 33, 45, 62, 64, 65, 66, 69, 79, 88, 89, 100, 101, 116, 117, 151, 154, 194, 195, 199, 201, 203, 204, 210, 211, 213, 244, 245, 251, 258, 259, 260, 262, 263, 264, 265, 270, 272, 274, 277, 283, 284, 285, 286, 287, 288, 289, 292, 294, 298, 300, 301, 302, 303, 304, 306, 310, 311, 312, 315, 318, 321, 322, 328, 329, 336, 337, 343, 344, 351, 358, 359, 360, 362, 363, 364, 450, 451, 487, 488, 489, 498, 499, 502, 503, 504, 507, 508, 512, 514, 515, 516, 517, 530, 531, 532, 533, 535, 536, 539, 540, 541, 544, 545, 546, 549, 551, 555, 557, 559, 562, 564, 566, 575, 577, 579, 591, 593, 595, 598, 599, 600, 604, 607, 608, 610, 615, 616, 618, 619, 622, 623, 625, 626, 628, 629, 631, 632, 637, 638, 641], "excluded_lines": [], "executed_branches": [[31, 43], [43, 44], [43, 60], [44, 47], [60, 115], [115, 128], [142, 143], [142, 147], [148, 150], [148, 157], [150, 153], [153, 155], [155, 156], [191, 192], [191, 207], [193, 191], [208, 247], [269, 271], [271, 273], [273, 275], [275, 276], [446, 447], [446, 453], [448, 446], [485, 486], [485, 491], [486, 485]], "missing_branches": [[31, 32], [32, 31], [32, 33], [44, 45], [60, 62], [62, 64], [62, 100], [65, 66], [65, 79], [115, 116], [150, 151], [153, 154], [155, 148], [193, 194], [194, 195], [194, 199], [201, 193], [201, 203], [208, 210], [210, 211], [210, 213], [213, 244], [213, 245], [258, 259], [258, 265], [260, 258], [260, 262], [262, 258], [262, 263], [263, 262], [263, 264], [269, 270], [271, 272], [273, 274], [275, 277], [283, 284], [283, 292], [285, 286], [285, 292], [286, 287], [286, 292], [292, 294], [292, 306], [294, 298], [294, 300], [301, 292], [301, 302], [321, 322], [321, 328], [328, 329], [328, 336], [336, 337], [336, 343], [343, 344], [343, 351], [358, 359], [358, 362], [359, 358], [359, 360], [448, 450], [486, 487], [488, 485], [488, 489], [498, 499], [498, 502], [503, 504], [503, 507], [507, 508], [507, 535], [508, 512], [508, 514], [517, 507], [517, 530], [535, 536], [535, 539], [545, 546], [545, 549], [549, 551], [549, 557], [557, 559], [557, 564], [564, 566], [564, 577], [577, 579], [577, 593], [593, 595], [593, 598], [608, 610], [608, 618], [610, 608], [610, 615], [618, 619], [618, 622], [625, 626], [625, 641], [628, 629], [628, 631], [632, 625], [632, 637]]}, "": {"executed_lines": [1, 6, 7, 8, 11, 12, 14, 17, 132, 159, 249, 267, 279, 308, 366, 455, 493, 602], "summary": {"covered_lines": 16, "num_statements": 16, "percent_covered": 100.0, "percent_covered_display": "100.00", "missing_lines": 0, "excluded_lines": 0, "num_branches": 0, "num_partial_branches": 0, "covered_branches": 0, "missing_branches": 0}, "missing_lines": [], "excluded_lines": [], "executed_branches": [], "missing_branches": []}}}, "src/rfd/auto_handoff.py": {"executed_lines": [], "summary": {"covered_lines": 0, "num_statements": 220, "percent_covered": 0.0, "percent_covered_display": "0.00", "missing_lines": 220, "excluded_lines": 0, "num_branches": 86, "num_partial_branches": 0, "covered_branches": 0, "missing_branches": 86}, "missing_lines": [6, 7, 8, 9, 10, 11, 14, 20, 21, 22, 24, 29, 42, 44, 47, 51, 54, 57, 62, 66, 68, 81, 83, 84, 86, 89, 90, 91, 92, 93, 94, 95, 96, 99, 100, 101, 108, 109, 117, 118, 119, 120, 122, 124, 126, 128, 129, 131, 133, 139, 141, 153, 155, 158, 163, 168, 172, 174, 186, 189, 190, 192, 201, 203, 204, 212, 213, 214, 215, 216, 217, 218, 219, 220, 221, 222, 224, 225, 226, 228, 230, 233, 235, 236, 237, 238, 240, 243, 244, 245, 246, 249, 260, 261, 264, 265, 266, 267, 268, 271, 272, 278, 280, 282, 285, 286, 287, 294, 295, 296, 303, 304, 305, 306, 308, 309, 310, 316, 318, 320, 330, 332, 333, 337, 338, 340, 342, 344, 345, 346, 349, 350, 358, 359, 360, 362, 365, 366, 367, 368, 369, 370, 373, 374, 375, 376, 377, 378, 379, 380, 381, 384, 385, 386, 387, 388, 391, 392, 393, 394, 397, 398, 399, 400, 401, 402, 405, 406, 407, 408, 409, 412, 413, 414, 415, 416, 417, 418, 419, 420, 423, 424, 425, 426, 427, 428, 429, 432, 433, 441, 442, 445, 446, 447, 448, 449, 450, 451, 453, 454, 455, 456, 458, 460, 463, 464, 465, 466, 467, 469, 472, 477, 478, 480, 482, 484, 488, 490, 491, 492], "excluded_lines": [], "executed_branches": [], "missing_branches": [[89, 90], [89, 99], [93, 94], [93, 99], [99, 100], [99, 108], [117, 118], [117, 122], [128, 129], [128, 131], [214, 215], [214, 224], [215, 216], [215, 218], [218, 219], [218, 220], [220, 214], [220, 221], [235, 236], [235, 240], [244, 245], [244, 264], [260, 261], [260, 264], [265, 266], [265, 267], [267, 268], [267, 271], [271, 272], [271, 278], [286, 287], [286, 294], [295, 296], [295, 303], [304, 305], [304, 316], [305, 306], [305, 316], [306, 305], [306, 308], [309, 305], [309, 310], [358, 359], [358, 365], [359, 360], [359, 362], [374, 375], [374, 384], [376, 377], [376, 378], [378, 379], [378, 380], [380, 381], [380, 384], [385, 386], [385, 391], [387, 388], [387, 391], [398, 399], [398, 405], [400, 401], [400, 405], [406, 407], [406, 412], [408, 409], [408, 412], [413, 414], [413, 423], [415, 416], [415, 417], [417, 418], [417, 419], [419, 420], [419, 423], [426, 427], [426, 432], [427, 428], [427, 432], [428, 427], [428, 429], [441, 442], [441, 445], [465, 466], [465, 467], [490, 491], [490, 492]], "functions": {"AutoHandoff.__init__": {"executed_lines": [], "summary": {"covered_lines": 0, "num_statements": 2, "percent_covered": 0.0, "percent_covered_display": "0.00", "missing_lines": 2, "excluded_lines": 0, "num_branches": 0, "num_partial_branches": 0, "covered_branches": 0, "missing_branches": 0}, "missing_lines": [21, 22], "excluded_lines": [], "executed_branches": [], "missing_branches": []}, "AutoHandoff.generate_handoff": {"executed_lines": [], "summary": {"covered_lines": 0, "num_statements": 1, "percent_covered": 0.0, "percent_covered_display": "0.00", "missing_lines": 1, "excluded_lines": 0, "num_branches": 0, "num_partial_branches": 0, "covered_branches": 0, "missing_branches": 0}, "missing_lines": [29], "excluded_lines": [], "executed_branches": [], "missing_branches": []}, "AutoHandoff._get_system_status": {"executed_lines": [], "summary": {"covered_lines": 0, "num_statements": 8, "percent_covered": 0.0, "percent_covered_display": "0.00", "missing_lines": 8, "excluded_lines": 0, "num_branches": 0, "num_partial_branches": 0, "covered_branches": 0, "missing_branches": 0}, "missing_lines": [44, 47, 51, 54, 57, 62, 66, 68], "excluded_lines": [], "executed_branches": [], "missing_branches": []}, "AutoHandoff._get_current_session": {"executed_lines": [], "summary": {"covered_lines": 0, "num_statements": 22, "percent_covered": 0.0, "percent_covered_display": "0.00", "missing_lines": 22, "excluded_lines": 0, "num_branches": 8, "num_partial_branches": 0, "covered_branches": 0, "missing_branches": 8}, "missing_lines": [83, 84, 86, 89, 90, 91, 92, 93, 94, 95, 96, 99, 100, 101, 108, 109, 117, 118, 119, 120, 122, 124], "excluded_lines": [], "executed_branches": [], "missing_branches": [[89, 90], [89, 99], [93, 94], [93, 99], [99, 100], [99, 108], [117, 118], [117, 122]]}, "AutoHandoff._get_workflow_state": {"executed_lines": [], "summary": {"covered_lines": 0, "num_statements": 6, "percent_covered": 0.0, "percent_covered_display": "0.00", "missing_lines": 6, "excluded_lines": 0, "num_branches": 2, "num_partial_branches": 0, "covered_branches": 0, "missing_branches": 2}, "missing_lines": [128, 129, 131, 133, 139, 141], "excluded_lines": [], "executed_branches": [], "missing_branches": [[128, 129], [128, 131]]}, "AutoHandoff._get_pending_work": {"executed_lines": [], "summary": {"covered_lines": 0, "num_statements": 6, "percent_covered": 0.0, "percent_covered_display": "0.00", "missing_lines": 6, "excluded_lines": 0, "num_branches": 0, "num_partial_branches": 0, "covered_branches": 0, "missing_branches": 0}, "missing_lines": [155, 158, 163, 168, 172, 174], "excluded_lines": [], "executed_branches": [], "missing_branches": []}, "AutoHandoff._get_validation_status": {"executed_lines": [], "summary": {"covered_lines": 0, "num_statements": 3, "percent_covered": 0.0, "percent_covered_display": "0.00", "missing_lines": 3, "excluded_lines": 0, "num_branches": 0, "num_partial_branches": 0, "covered_branches": 0, "missing_branches": 0}, "missing_lines": [189, 190, 192], "excluded_lines": [], "executed_branches": [], "missing_branches": []}, "AutoHandoff._get_available_commands": {"executed_lines": [], "summary": {"covered_lines": 0, "num_statements": 16, "percent_covered": 0.0, "percent_covered_display": "0.00", "missing_lines": 16, "excluded_lines": 0, "num_branches": 8, "num_partial_branches": 0, "covered_branches": 0, "missing_branches": 8}, "missing_lines": [203, 204, 212, 213, 214, 215, 216, 217, 218, 219, 220, 221, 222, 224, 225, 226], "excluded_lines": [], "executed_branches": [], "missing_branches": [[214, 215], [214, 224], [215, 216], [215, 218], [218, 219], [218, 220], [220, 214], [220, 221]]}, "AutoHandoff._get_next_actions": {"executed_lines": [], "summary": {"covered_lines": 0, "num_statements": 22, "percent_covered": 0.0, "percent_covered_display": "0.00", "missing_lines": 22, "excluded_lines": 0, "num_branches": 12, "num_partial_branches": 0, "covered_branches": 0, "missing_branches": 12}, "missing_lines": [230, 233, 235, 236, 237, 238, 240, 243, 244, 245, 246, 249, 260, 261, 264, 265, 266, 267, 268, 271, 272, 278], "excluded_lines": [], "executed_branches": [], "missing_branches": [[235, 236], [235, 240], [244, 245], [244, 264], [260, 261], [260, 264], [265, 266], [265, 267], [267, 268], [267, 271], [271, 272], [271, 278]]}, "AutoHandoff._get_blockers": {"executed_lines": [], "summary": {"covered_lines": 0, "num_statements": 15, "percent_covered": 0.0, "percent_covered_display": "0.00", "missing_lines": 15, "excluded_lines": 0, "num_branches": 12, "num_partial_branches": 0, "covered_branches": 0, "missing_branches": 12}, "missing_lines": [282, 285, 286, 287, 294, 295, 296, 303, 304, 305, 306, 308, 309, 310, 316], "excluded_lines": [], "executed_branches": [], "missing_branches": [[286, 287], [286, 294], [295, 296], [295, 303], [304, 305], [304, 316], [305, 306], [305, 316], [306, 305], [306, 308], [309, 305], [309, 310]]}, "AutoHandoff._run_health_checks": {"executed_lines": [], "summary": {"covered_lines": 0, "num_statements": 1, "percent_covered": 0.0, "percent_covered_display": "0.00", "missing_lines": 1, "excluded_lines": 0, "num_branches": 0, "num_partial_branches": 0, "covered_branches": 0, "missing_branches": 0}, "missing_lines": [320], "excluded_lines": [], "executed_branches": [], "missing_branches": []}, "AutoHandoff._table_exists": {"executed_lines": [], "summary": {"covered_lines": 0, "num_statements": 4, "percent_covered": 0.0, "percent_covered_display": "0.00", "missing_lines": 4, "excluded_lines": 0, "num_branches": 0, "num_partial_branches": 0, "covered_branches": 0, "missing_branches": 0}, "missing_lines": [332, 333, 337, 338], "excluded_lines": [], "executed_branches": [], "missing_branches": []}, "AutoHandoff.display_handoff": {"executed_lines": [], "summary": {"covered_lines": 0, "num_statements": 76, "percent_covered": 0.0, "percent_covered_display": "0.00", "missing_lines": 76, "excluded_lines": 0, "num_branches": 40, "num_partial_branches": 0, "covered_branches": 0, "missing_branches": 40}, "missing_lines": [342, 344, 345, 346, 349, 350, 358, 359, 360, 362, 365, 366, 367, 368, 369, 370, 373, 374, 375, 376, 377, 378, 379, 380, 381, 384, 385, 386, 387, 388, 391, 392, 393, 394, 397, 398, 399, 400, 401, 402, 405, 406, 407, 408, 409, 412, 413, 414, 415, 416, 417, 418, 419, 420, 423, 424, 425, 426, 427, 428, 429, 432, 433, 441, 442, 445, 446, 447, 448, 449, 450, 451, 453, 454, 455, 456], "excluded_lines": [], "executed_branches": [], "missing_branches": [[358, 359], [358, 365], [359, 360], [359, 362], [374, 375], [374, 384], [376, 377], [376, 378], [378, 379], [378, 380], [380, 381], [380, 384], [385, 386], [385, 391], [387, 388], [387, 391], [398, 399], [398, 405], [400, 401], [400, 405], [406, 407], [406, 412], [408, 409], [408, 412], [413, 414], [413, 423], [415, 416], [415, 417], [417, 418], [417, 419], [419, 420], [419, 423], [426, 427], [426, 432], [427, 428], [427, 432], [428, 427], [428, 429], [441, 442], [441, 445]]}, "AutoHandoff.save_to_database": {"executed_lines": [], "summary": {"covered_lines": 0, "num_statements": 7, "percent_covered": 0.0, "percent_covered_display": "0.00", "missing_lines": 7, "excluded_lines": 0, "num_branches": 0, "num_partial_branches": 0, "covered_branches": 0, "missing_branches": 0}, "missing_lines": [460, 463, 464, 469, 472, 477, 478], "excluded_lines": [], "executed_branches": [], "missing_branches": []}, "AutoHandoff.save_to_database.DateTimeEncoder.default": {"executed_lines": [], "summary": {"covered_lines": 0, "num_statements": 3, "percent_covered": 0.0, "percent_covered_display": "0.00", "missing_lines": 3, "excluded_lines": 0, "num_branches": 2, "num_partial_branches": 0, "covered_branches": 0, "missing_branches": 2}, "missing_lines": [465, 466, 467], "excluded_lines": [], "executed_branches": [], "missing_branches": [[465, 466], [465, 467]]}, "AutoHandoff.load_from_database": {"executed_lines": [], "summary": {"covered_lines": 0, "num_statements": 6, "percent_covered": 0.0, "percent_covered_display": "0.00", "missing_lines": 6, "excluded_lines": 0, "num_branches": 2, "num_partial_branches": 0, "covered_branches": 0, "missing_branches": 2}, "missing_lines": [482, 484, 488, 490, 491, 492], "excluded_lines": [], "executed_branches": [], "missing_branches": [[490, 491], [490, 492]]}, "": {"executed_lines": [], "summary": {"covered_lines": 0, "num_statements": 22, "percent_covered": 0.0, "percent_covered_display": "0.00", "missing_lines": 22, "excluded_lines": 0, "num_branches": 0, "num_partial_branches": 0, "covered_branches": 0, "missing_branches": 0}, "missing_lines": [6, 7, 8, 9, 10, 11, 14, 20, 24, 42, 81, 126, 153, 186, 201, 228, 280, 318, 330, 340, 458, 480], "excluded_lines": [], "executed_branches": [], "missing_branches": []}}, "classes": {"AutoHandoff": {"executed_lines": [], "summary": {"covered_lines": 0, "num_statements": 195, "percent_covered": 0.0, "percent_covered_display": "0.00", "missing_lines": 195, "excluded_lines": 0, "num_branches": 84, "num_partial_branches": 0, "covered_branches": 0, "missing_branches": 84}, "missing_lines": [21, 22, 29, 44, 47, 51, 54, 57, 62, 66, 68, 83, 84, 86, 89, 90, 91, 92, 93, 94, 95, 96, 99, 100, 101, 108, 109, 117, 118, 119, 120, 122, 124, 128, 129, 131, 133, 139, 141, 155, 158, 163, 168, 172, 174, 189, 190, 192, 203, 204, 212, 213, 214, 215, 216, 217, 218, 219, 220, 221, 222, 224, 225, 226, 230, 233, 235, 236, 237, 238, 240, 243, 244, 245, 246, 249, 260, 261, 264, 265, 266, 267, 268, 271, 272, 278, 282, 285, 286, 287, 294, 295, 296, 303, 304, 305, 306, 308, 309, 310, 316, 320, 332, 333, 337, 338, 342, 344, 345, 346, 349, 350, 358, 359, 360, 362, 365, 366, 367, 368, 369, 370, 373, 374, 375, 376, 377, 378, 379, 380, 381, 384, 385, 386, 387, 388, 391, 392, 393, 394, 397, 398, 399, 400, 401, 402, 405, 406, 407, 408, 409, 412, 413, 414, 415, 416, 417, 418, 419, 420, 423, 424, 425, 426, 427, 428, 429, 432, 433, 441, 442, 445, 446, 447, 448, 449, 450, 451, 453, 454, 455, 456, 460, 463, 464, 469, 472, 477, 478, 482, 484, 488, 490, 491, 492], "excluded_lines": [], "executed_branches": [], "missing_branches": [[89, 90], [89, 99], [93, 94], [93, 99], [99, 100], [99, 108], [117, 118], [117, 122], [128, 129], [128, 131], [214, 215], [214, 224], [215, 216], [215, 218], [218, 219], [218, 220], [220, 214], [220, 221], [235, 236], [235, 240], [244, 245], [244, 264], [260, 261], [260, 264], [265, 266], [265, 267], [267, 268], [267, 271], [271, 272], [271, 278], [286, 287], [286, 294], [295, 296], [295, 303], [304, 305], [304, 316], [305, 306], [305, 316], [306, 305], [306, 308], [309, 305], [309, 310], [358, 359], [358, 365], [359, 360], [359, 362], [374, 375], [374, 384], [376, 377], [376, 378], [378, 379], [378, 380], [380, 381], [380, 384], [385, 386], [385, 391], [387, 388], [387, 391], [398, 399], [398, 405], [400, 401], [400, 405], [406, 407], [406, 412], [408, 409], [408, 412], [413, 414], [413, 423], [415, 416], [415, 417], [417, 418], [417, 419], [419, 420], [419, 423], [426, 427], [426, 432], [427, 428], [427, 432], [428, 427], [428, 429], [441, 442], [441, 445], [490, 491], [490, 492]]}, "AutoHandoff.save_to_database.DateTimeEncoder": {"executed_lines": [], "summary": {"covered_lines": 0, "num_statements": 3, "percent_covered": 0.0, "percent_covered_display": "0.00", "missing_lines": 3, "excluded_lines": 0, "num_branches": 2, "num_partial_branches": 0, "covered_branches": 0, "missing_branches": 2}, "missing_lines": [465, 466, 467], "excluded_lines": [], "executed_branches": [], "missing_branches": [[465, 466], [465, 467]]}, "": {"executed_lines": [], "summary": {"covered_lines": 0, "num_statements": 22, "percent_covered": 0.0, "percent_covered_display": "0.00", "missing_lines": 22, "excluded_lines": 0, "num_branches": 0, "num_partial_branches": 0, "covered_branches": 0, "missing_branches": 0}, "missing_lines": [6, 7, 8, 9, 10, 11, 14, 20, 24, 42, 81, 126, 153, 186, 201, 228, 280, 318, 330, 340, 458, 480], "excluded_lines": [], "executed_branches": [], "missing_branches": []}}}, "src/rfd/build.py": {"executed_lines": [1, 6, 7, 10, 11, 12, 13, 14, 16, 32, 105, 124, 154, 168, 184, 198, 216, 232, 261, 283, 302, 320, 338, 422, 443, 455, 470, 485, 503], "summary": {"covered_lines": 28, "num_statements": 265, "percent_covered": 7.387862796833773, "percent_covered_display": "7.39", "missing_lines": 237, "excluded_lines": 0, "num_branches": 114, "num_partial_branches": 0, "covered_branches": 0, "missing_branches": 114}, "missing_lines": [19, 20, 21, 24, 25, 26, 27, 30, 34, 36, 39, 44, 45, 46, 47, 49, 50, 51, 52, 53, 54, 55, 58, 59, 60, 61, 62, 63, 64, 65, 66, 67, 68, 69, 70, 71, 74, 75, 76, 77, 79, 80, 81, 82, 83, 84, 85, 86, 87, 88, 89, 92, 93, 96, 97, 100, 101, 103, 108, 109, 110, 111, 113, 114, 115, 116, 117, 118, 119, 120, 122, 126, 129, 130, 131, 136, 137, 140, 141, 144, 149, 150, 152, 156, 158, 159, 160, 165, 166, 170, 172, 173, 176, 181, 182, 186, 188, 189, 190, 195, 196, 200, 202, 203, 204, 205, 206, 207, 208, 209, 210, 211, 214, 219, 220, 221, 222, 225, 226, 227, 228, 230, 234, 247, 248, 249, 250, 251, 252, 253, 254, 255, 256, 257, 259, 263, 269, 270, 271, 272, 273, 274, 275, 276, 277, 278, 279, 281, 285, 286, 295, 296, 297, 298, 300, 304, 305, 307, 310, 312, 313, 317, 318, 322, 323, 325, 328, 330, 331, 335, 336, 341, 358, 359, 361, 365, 367, 368, 369, 370, 371, 372, 373, 374, 375, 376, 377, 378, 379, 380, 382, 385, 393, 395, 396, 397, 402, 408, 413, 414, 417, 424, 425, 432, 440, 441, 446, 447, 448, 449, 450, 451, 452, 453, 457, 458, 461, 467, 468, 472, 473, 476, 482, 483, 488, 493, 494, 497, 498, 499, 500, 501, 505, 506, 507, 508, 509], "excluded_lines": [], "executed_branches": [], "missing_branches": [[20, 21], [20, 24], [24, 25], [24, 26], [26, 27], [26, 30], [39, 44], [39, 74], [45, 46], [45, 47], [47, 49], [47, 58], [50, 51], [50, 58], [52, 53], [52, 58], [58, 59], [58, 103], [62, 63], [62, 64], [64, 65], [64, 66], [66, 67], [66, 68], [68, 69], [68, 103], [74, 75], [74, 92], [82, 83], [82, 84], [84, 85], [84, 86], [86, 87], [86, 103], [92, 93], [92, 96], [96, 97], [96, 100], [100, 101], [100, 103], [109, 110], [109, 113], [113, 114], [113, 115], [115, 116], [115, 117], [117, 118], [117, 119], [119, 120], [119, 122], [202, 203], [202, 204], [204, 205], [204, 206], [206, 207], [206, 208], [208, 209], [208, 210], [210, 211], [210, 214], [220, 221], [220, 225], [225, 226], [225, 227], [227, 228], [227, 230], [247, 248], [247, 259], [251, 252], [251, 255], [269, 270], [269, 281], [273, 274], [273, 277], [285, 286], [285, 295], [295, 296], [295, 297], [297, 298], [297, 300], [358, 359], [358, 417], [365, 358], [365, 367], [367, 368], [367, 369], [369, 370], [369, 371], [371, 372], [371, 373], [373, 374], [373, 375], [375, 376], [375, 377], [377, 378], [377, 379], [379, 380], [379, 382], [393, 395], [393, 408], [396, 397], [396, 402], [446, 447], [446, 453], [449, 446], [449, 450], [488, 493], [488, 501], [497, 488], [497, 498], [506, 507], [506, 509], [507, 506], [507, 508]], "functions": {"BuildEngine.__init__": {"executed_lines": [12, 13, 14], "summary": {"covered_lines": 3, "num_statements": 3, "percent_covered": 100.0, "percent_covered_display": "100.00", "missing_lines": 0, "excluded_lines": 0, "num_branches": 0, "num_partial_branches": 0, "covered_branches": 0, "missing_branches": 0}, "missing_lines": [], "excluded_lines": [], "executed_branches": [], "missing_branches": []}, "BuildEngine.get_status": {"executed_lines": [], "summary": {"covered_lines": 0, "num_statements": 8, "percent_covered": 0.0, "percent_covered_display": "0.00", "missing_lines": 8, "excluded_lines": 0, "num_branches": 6, "num_partial_branches": 0, "covered_branches": 0, "missing_branches": 6}, "missing_lines": [19, 20, 21, 24, 25, 26, 27, 30], "excluded_lines": [], "executed_branches": [], "missing_branches": [[20, 21], [20, 24], [24, 25], [24, 26], [26, 27], [26, 30]]}, "BuildEngine.detect_stack": {"executed_lines": [], "summary": {"covered_lines": 0, "num_statements": 50, "percent_covered": 0.0, "percent_covered_display": "0.00", "missing_lines": 50, "excluded_lines": 0, "num_branches": 34, "num_partial_branches": 0, "covered_branches": 0, "missing_branches": 34}, "missing_lines": [34, 36, 39, 44, 45, 46, 47, 49, 50, 51, 52, 53, 54, 55, 58, 59, 60, 61, 62, 63, 64, 65, 66, 67, 68, 69, 70, 71, 74, 75, 76, 77, 79, 80, 81, 82, 83, 84, 85, 86, 87, 88, 89, 92, 93, 96, 97, 100, 101, 103], "excluded_lines": [], "executed_branches": [], "missing_branches": [[39, 44], [39, 74], [45, 46], [45, 47], [47, 49], [47, 58], [50, 51], [50, 58], [52, 53], [52, 58], [58, 59], [58, 103], [62, 63], [62, 64], [64, 65], [64, 66], [66, 67], [66, 68], [68, 69], [68, 103], [74, 75], [74, 92], [82, 83], [82, 84], [84, 85], [84, 86], [86, 87], [86, 103], [92, 93], [92, 96], [96, 97], [96, 100], [100, 101], [100, 103]]}, "BuildEngine.run_tests": {"executed_lines": [], "summary": {"covered_lines": 0, "num_statements": 13, "percent_covered": 0.0, "percent_covered_display": "0.00", "missing_lines": 13, "excluded_lines": 0, "num_branches": 10, "num_partial_branches": 0, "covered_branches": 0, "missing_branches": 10}, "missing_lines": [108, 109, 110, 111, 113, 114, 115, 116, 117, 118, 119, 120, 122], "excluded_lines": [], "executed_branches": [], "missing_branches": [[109, 110], [109, 113], [113, 114], [113, 115], [115, 116], [115, 117], [117, 118], [117, 119], [119, 120], [119, 122]]}, "BuildEngine._run_python_tests": {"executed_lines": [], "summary": {"covered_lines": 0, "num_statements": 12, "percent_covered": 0.0, "percent_covered_display": "0.00", "missing_lines": 12, "excluded_lines": 0, "num_branches": 0, "num_partial_branches": 0, "covered_branches": 0, "missing_branches": 0}, "missing_lines": [126, 129, 130, 131, 136, 137, 140, 141, 144, 149, 150, 152], "excluded_lines": [], "executed_branches": [], "missing_branches": []}, "BuildEngine._run_javascript_tests": {"executed_lines": [], "summary": {"covered_lines": 0, "num_statements": 6, "percent_covered": 0.0, "percent_covered_display": "0.00", "missing_lines": 6, "excluded_lines": 0, "num_branches": 0, "num_partial_branches": 0, "covered_branches": 0, "missing_branches": 0}, "missing_lines": [156, 158, 159, 160, 165, 166], "excluded_lines": [], "executed_branches": [], "missing_branches": []}, "BuildEngine._run_go_tests": {"executed_lines": [], "summary": {"covered_lines": 0, "num_statements": 6, "percent_covered": 0.0, "percent_covered_display": "0.00", "missing_lines": 6, "excluded_lines": 0, "num_branches": 0, "num_partial_branches": 0, "covered_branches": 0, "missing_branches": 0}, "missing_lines": [170, 172, 173, 176, 181, 182], "excluded_lines": [], "executed_branches": [], "missing_branches": []}, "BuildEngine._run_rust_tests": {"executed_lines": [], "summary": {"covered_lines": 0, "num_statements": 6, "percent_covered": 0.0, "percent_covered_display": "0.00", "missing_lines": 6, "excluded_lines": 0, "num_branches": 0, "num_partial_branches": 0, "covered_branches": 0, "missing_branches": 0}, "missing_lines": [186, 188, 189, 190, 195, 196], "excluded_lines": [], "executed_branches": [], "missing_branches": []}, "BuildEngine.compile": {"executed_lines": [], "summary": {"covered_lines": 0, "num_statements": 12, "percent_covered": 0.0, "percent_covered_display": "0.00", "missing_lines": 12, "excluded_lines": 0, "num_branches": 10, "num_partial_branches": 0, "covered_branches": 0, "missing_branches": 10}, "missing_lines": [200, 202, 203, 204, 205, 206, 207, 208, 209, 210, 211, 214], "excluded_lines": [], "executed_branches": [], "missing_branches": [[202, 203], [202, 204], [204, 205], [204, 206], [206, 207], [206, 208], [208, 209], [208, 210], [210, 211], [210, 214]]}, "BuildEngine.build_feature": {"executed_lines": [], "summary": {"covered_lines": 0, "num_statements": 9, "percent_covered": 0.0, "percent_covered_display": "0.00", "missing_lines": 9, "excluded_lines": 0, "num_branches": 6, "num_partial_branches": 0, "covered_branches": 0, "missing_branches": 6}, "missing_lines": [219, 220, 221, 222, 225, 226, 227, 228, 230], "excluded_lines": [], "executed_branches": [], "missing_branches": [[220, 221], [220, 225], [225, 226], [225, 227], [227, 228], [227, 230]]}, "BuildEngine._build_python": {"executed_lines": [], "summary": {"covered_lines": 0, "num_statements": 13, "percent_covered": 0.0, "percent_covered_display": "0.00", "missing_lines": 13, "excluded_lines": 0, "num_branches": 4, "num_partial_branches": 0, "covered_branches": 0, "missing_branches": 4}, "missing_lines": [234, 247, 248, 249, 250, 251, 252, 253, 254, 255, 256, 257, 259], "excluded_lines": [], "executed_branches": [], "missing_branches": [[247, 248], [247, 259], [251, 252], [251, 255]]}, "BuildEngine._build_javascript": {"executed_lines": [], "summary": {"covered_lines": 0, "num_statements": 13, "percent_covered": 0.0, "percent_covered_display": "0.00", "missing_lines": 13, "excluded_lines": 0, "num_branches": 4, "num_partial_branches": 0, "covered_branches": 0, "missing_branches": 4}, "missing_lines": [263, 269, 270, 271, 272, 273, 274, 275, 276, 277, 278, 279, 281], "excluded_lines": [], "executed_branches": [], "missing_branches": [[269, 270], [269, 281], [273, 274], [273, 277]]}, "BuildEngine._get_start_command": {"executed_lines": [], "summary": {"covered_lines": 0, "num_statements": 7, "percent_covered": 0.0, "percent_covered_display": "0.00", "missing_lines": 7, "excluded_lines": 0, "num_branches": 6, "num_partial_branches": 0, "covered_branches": 0, "missing_branches": 6}, "missing_lines": [285, 286, 295, 296, 297, 298, 300], "excluded_lines": [], "executed_branches": [], "missing_branches": [[285, 286], [285, 295], [295, 296], [295, 297], [297, 298], [297, 300]]}, "BuildEngine._check_fastapi": {"executed_lines": [], "summary": {"covered_lines": 0, "num_statements": 8, "percent_covered": 0.0, "percent_covered_display": "0.00", "missing_lines": 8, "excluded_lines": 0, "num_branches": 0, "num_partial_branches": 0, "covered_branches": 0, "missing_branches": 0}, "missing_lines": [304, 305, 307, 310, 312, 313, 317, 318], "excluded_lines": [], "executed_branches": [], "missing_branches": []}, "BuildEngine._check_express": {"executed_lines": [], "summary": {"covered_lines": 0, "num_statements": 8, "percent_covered": 0.0, "percent_covered_display": "0.00", "missing_lines": 8, "excluded_lines": 0, "num_branches": 0, "num_partial_branches": 0, "covered_branches": 0, "missing_branches": 0}, "missing_lines": [322, 323, 325, 328, 330, 331, 335, 336], "excluded_lines": [], "executed_branches": [], "missing_branches": []}, "BuildEngine._check_tests": {"executed_lines": [], "summary": {"covered_lines": 0, "num_statements": 30, "percent_covered": 0.0, "percent_covered_display": "0.00", "missing_lines": 30, "excluded_lines": 0, "num_branches": 22, "num_partial_branches": 0, "covered_branches": 0, "missing_branches": 22}, "missing_lines": [341, 358, 359, 361, 365, 367, 368, 369, 370, 371, 372, 373, 374, 375, 376, 377, 378, 379, 380, 382, 385, 393, 395, 396, 397, 402, 408, 413, 414, 417], "excluded_lines": [], "executed_branches": [], "missing_branches": [[358, 359], [358, 417], [365, 358], [365, 367], [367, 368], [367, 369], [369, 370], [369, 371], [371, 372], [371, 373], [373, 374], [373, 375], [375, 376], [375, 377], [377, 378], [377, 379], [379, 380], [379, 382], [393, 395], [393, 408], [396, 397], [396, 402]]}, "BuildEngine._compile_python": {"executed_lines": [], "summary": {"covered_lines": 0, "num_statements": 5, "percent_covered": 0.0, "percent_covered_display": "0.00", "missing_lines": 5, "excluded_lines": 0, "num_branches": 0, "num_partial_branches": 0, "covered_branches": 0, "missing_branches": 0}, "missing_lines": [424, 425, 432, 440, 441], "excluded_lines": [], "executed_branches": [], "missing_branches": []}, "BuildEngine._compile_javascript": {"executed_lines": [], "summary": {"covered_lines": 0, "num_statements": 8, "percent_covered": 0.0, "percent_covered_display": "0.00", "missing_lines": 8, "excluded_lines": 0, "num_branches": 4, "num_partial_branches": 0, "covered_branches": 0, "missing_branches": 4}, "missing_lines": [446, 447, 448, 449, 450, 451, 452, 453], "excluded_lines": [], "executed_branches": [], "missing_branches": [[446, 447], [446, 453], [449, 446], [449, 450]]}, "BuildEngine._compile_go": {"executed_lines": [], "summary": {"covered_lines": 0, "num_statements": 5, "percent_covered": 0.0, "percent_covered_display": "0.00", "missing_lines": 5, "excluded_lines": 0, "num_branches": 0, "num_partial_branches": 0, "covered_branches": 0, "missing_branches": 0}, "missing_lines": [457, 458, 461, 467, 468], "excluded_lines": [], "executed_branches": [], "missing_branches": []}, "BuildEngine._compile_rust": {"executed_lines": [], "summary": {"covered_lines": 0, "num_statements": 5, "percent_covered": 0.0, "percent_covered_display": "0.00", "missing_lines": 5, "excluded_lines": 0, "num_branches": 0, "num_partial_branches": 0, "covered_branches": 0, "missing_branches": 0}, "missing_lines": [472, 473, 476, 482, 483], "excluded_lines": [], "executed_branches": [], "missing_branches": []}, "BuildEngine._compile_c": {"executed_lines": [], "summary": {"covered_lines": 0, "num_statements": 8, "percent_covered": 0.0, "percent_covered_display": "0.00", "missing_lines": 8, "excluded_lines": 0, "num_branches": 4, "num_partial_branches": 0, "covered_branches": 0, "missing_branches": 4}, "missing_lines": [488, 493, 494, 497, 498, 499, 500, 501], "excluded_lines": [], "executed_branches": [], "missing_branches": [[488, 493], [488, 501], [497, 488], [497, 498]]}, "BuildEngine._get_feature": {"executed_lines": [], "summary": {"covered_lines": 0, "num_statements": 5, "percent_covered": 0.0, "percent_covered_display": "0.00", "missing_lines": 5, "excluded_lines": 0, "num_branches": 4, "num_partial_branches": 0, "covered_branches": 0, "missing_branches": 4}, "missing_lines": [505, 506, 507, 508, 509], "excluded_lines": [], "executed_branches": [], "missing_branches": [[506, 507], [506, 509], [507, 506], [507, 508]]}, "": {"executed_lines": [1, 6, 7, 10, 11, 16, 32, 105, 124, 154, 168, 184, 198, 216, 232, 261, 283, 302, 320, 338, 422, 443, 455, 470, 485, 503], "summary": {"covered_lines": 25, "num_statements": 25, "percent_covered": 100.0, "percent_covered_display": "100.00", "missing_lines": 0, "excluded_lines": 0, "num_branches": 0, "num_partial_branches": 0, "covered_branches": 0, "missing_branches": 0}, "missing_lines": [], "excluded_lines": [], "executed_branches": [], "missing_branches": []}}, "classes": {"BuildEngine": {"executed_lines": [12, 13, 14], "summary": {"covered_lines": 3, "num_statements": 240, "percent_covered": 0.847457627118644, "percent_covered_display": "0.85", "missing_lines": 237, "excluded_lines": 0, "num_branches": 114, "num_partial_branches": 0, "covered_branches": 0, "missing_branches": 114}, "missing_lines": [19, 20, 21, 24, 25, 26, 27, 30, 34, 36, 39, 44, 45, 46, 47, 49, 50, 51, 52, 53, 54, 55, 58, 59, 60, 61, 62, 63, 64, 65, 66, 67, 68, 69, 70, 71, 74, 75, 76, 77, 79, 80, 81, 82, 83, 84, 85, 86, 87, 88, 89, 92, 93, 96, 97, 100, 101, 103, 108, 109, 110, 111, 113, 114, 115, 116, 117, 118, 119, 120, 122, 126, 129, 130, 131, 136, 137, 140, 141, 144, 149, 150, 152, 156, 158, 159, 160, 165, 166, 170, 172, 173, 176, 181, 182, 186, 188, 189, 190, 195, 196, 200, 202, 203, 204, 205, 206, 207, 208, 209, 210, 211, 214, 219, 220, 221, 222, 225, 226, 227, 228, 230, 234, 247, 248, 249, 250, 251, 252, 253, 254, 255, 256, 257, 259, 263, 269, 270, 271, 272, 273, 274, 275, 276, 277, 278, 279, 281, 285, 286, 295, 296, 297, 298, 300, 304, 305, 307, 310, 312, 313, 317, 318, 322, 323, 325, 328, 330, 331, 335, 336, 341, 358, 359, 361, 365, 367, 368, 369, 370, 371, 372, 373, 374, 375, 376, 377, 378, 379, 380, 382, 385, 393, 395, 396, 397, 402, 408, 413, 414, 417, 424, 425, 432, 440, 441, 446, 447, 448, 449, 450, 451, 452, 453, 457, 458, 461, 467, 468, 472, 473, 476, 482, 483, 488, 493, 494, 497, 498, 499, 500, 501, 505, 506, 507, 508, 509], "excluded_lines": [], "executed_branches": [], "missing_branches": [[20, 21], [20, 24], [24, 25], [24, 26], [26, 27], [26, 30], [39, 44], [39, 74], [45, 46], [45, 47], [47, 49], [47, 58], [50, 51], [50, 58], [52, 53], [52, 58], [58, 59], [58, 103], [62, 63], [62, 64], [64, 65], [64, 66], [66, 67], [66, 68], [68, 69], [68, 103], [74, 75], [74, 92], [82, 83], [82, 84], [84, 85], [84, 86], [86, 87], [86, 103], [92, 93], [92, 96], [96, 97], [96, 100], [100, 101], [100, 103], [109, 110], [109, 113], [113, 114], [113, 115], [115, 116], [115, 117], [117, 118], [117, 119], [119, 120], [119, 122], [202, 203], [202, 204], [204, 205], [204, 206], [206, 207], [206, 208], [208, 209], [208, 210], [210, 211], [210, 214], [220, 221], [220, 225], [225, 226], [225, 227], [227, 228], [227, 230], [247, 248], [247, 259], [251, 252], [251, 255], [269, 270], [269, 281], [273, 274], [273, 277], [285, 286], [285, 295], [295, 296], [295, 297], [297, 298], [297, 300], [358, 359], [358, 417], [365, 358], [365, 367], [367, 368], [367, 369], [369, 370], [369, 371], [371, 372], [371, 373], [373, 374], [373, 375], [375, 376], [375, 377], [377, 378], [377, 379], [379, 380], [379, 382], [393, 395], [393, 408], [396, 397], [396, 402], [446, 447], [446, 453], [449, 446], [449, 450], [488, 493], [488, 501], [497, 488], [497, 498], [506, 507], [506, 509], [507, 506], [507, 508]]}, "": {"executed_lines": [1, 6, 7, 10, 11, 16, 32, 105, 124, 154, 168, 184, 198, 216, 232, 261, 283, 302, 320, 338, 422, 443, 455, 470, 485, 503], "summary": {"covered_lines": 25, "num_statements": 25, "percent_covered": 100.0, "percent_covered_display": "100.00", "missing_lines": 0, "excluded_lines": 0, "num_branches": 0, "num_partial_branches": 0, "covered_branches": 0, "missing_branches": 0}, "missing_lines": [], "excluded_lines": [], "executed_branches": [], "missing_branches": []}}}, "src/rfd/claude_integration.py": {"executed_lines": [], "summary": {"covered_lines": 0, "num_statements": 45, "percent_covered": 0.0, "percent_covered_display": "0.00", "missing_lines": 45, "excluded_lines": 0, "num_branches": 14, "num_partial_branches": 0, "covered_branches": 0, "missing_branches": 14}, "missing_lines": [6, 7, 10, 14, 123, 124, 126, 127, 130, 132, 133, 135, 136, 137, 138, 139, 140, 143, 144, 145, 146, 147, 149, 151, 152, 154, 155, 157, 158, 159, 183, 184, 185, 187, 188, 190, 192, 193, 219, 220, 221, 223, 224, 226, 231], "excluded_lines": [], "executed_branches": [], "missing_branches": [[133, 135], [133, 143], [136, 137], [136, 149], [138, 136], [138, 139], [143, 144], [143, 149], [145, 143], [145, 146], [158, 159], [158, 185], [192, 193], [192, 221]], "functions": {"ClaudeIntegration.setup_claude_commands": {"executed_lines": [], "summary": {"covered_lines": 0, "num_statements": 17, "percent_covered": 0.0, "percent_covered_display": "0.00", "missing_lines": 17, "excluded_lines": 0, "num_branches": 10, "num_partial_branches": 0, "covered_branches": 0, "missing_branches": 10}, "missing_lines": [126, 127, 130, 132, 133, 135, 136, 137, 138, 139, 140, 143, 144, 145, 146, 147, 149], "excluded_lines": [], "executed_branches": [], "missing_branches": [[133, 135], [133, 143], [136, 137], [136, 149], [138, 136], [138, 139], [143, 144], [143, 149], [145, 143], [145, 146]]}, "ClaudeIntegration.create_claude_config": {"executed_lines": [], "summary": {"covered_lines": 0, "num_statements": 8, "percent_covered": 0.0, "percent_covered_display": "0.00", "missing_lines": 8, "excluded_lines": 0, "num_branches": 2, "num_partial_branches": 0, "covered_branches": 0, "missing_branches": 2}, "missing_lines": [154, 155, 157, 158, 159, 183, 184, 185], "excluded_lines": [], "executed_branches": [], "missing_branches": [[158, 159], [158, 185]]}, "ClaudeIntegration.generate_claude_md": {"executed_lines": [], "summary": {"covered_lines": 0, "num_statements": 6, "percent_covered": 0.0, "percent_covered_display": "0.00", "missing_lines": 6, "excluded_lines": 0, "num_branches": 2, "num_partial_branches": 0, "covered_branches": 0, "missing_branches": 2}, "missing_lines": [190, 192, 193, 219, 220, 221], "excluded_lines": [], "executed_branches": [], "missing_branches": [[192, 193], [192, 221]]}, "ClaudeIntegration.full_setup": {"executed_lines": [], "summary": {"covered_lines": 0, "num_statements": 2, "percent_covered": 0.0, "percent_covered_display": "0.00", "missing_lines": 2, "excluded_lines": 0, "num_branches": 0, "num_partial_branches": 0, "covered_branches": 0, "missing_branches": 0}, "missing_lines": [226, 231], "excluded_lines": [], "executed_branches": [], "missing_branches": []}, "": {"executed_lines": [], "summary": {"covered_lines": 0, "num_statements": 12, "percent_covered": 0.0, "percent_covered_display": "0.00", "missing_lines": 12, "excluded_lines": 0, "num_branches": 0, "num_partial_branches": 0, "covered_branches": 0, "missing_branches": 0}, "missing_lines": [6, 7, 10, 14, 123, 124, 151, 152, 187, 188, 223, 224], "excluded_lines": [], "executed_branches": [], "missing_branches": []}}, "classes": {"ClaudeIntegration": {"executed_lines": [], "summary": {"covered_lines": 0, "num_statements": 33, "percent_covered": 0.0, "percent_covered_display": "0.00", "missing_lines": 33, "excluded_lines": 0, "num_branches": 14, "num_partial_branches": 0, "covered_branches": 0, "missing_branches": 14}, "missing_lines": [126, 127, 130, 132, 133, 135, 136, 137, 138, 139, 140, 143, 144, 145, 146, 147, 149, 154, 155, 157, 158, 159, 183, 184, 185, 190, 192, 193, 219, 220, 221, 226, 231], "excluded_lines": [], "executed_branches": [], "missing_branches": [[133, 135], [133, 143], [136, 137], [136, 149], [138, 136], [138, 139], [143, 144], [143, 149], [145, 143], [145, 146], [158, 159], [158, 185], [192, 193], [192, 221]]}, "": {"executed_lines": [], "summary": {"covered_lines": 0, "num_statements": 12, "percent_covered": 0.0, "percent_covered_display": "0.00", "missing_lines": 12, "excluded_lines": 0, "num_branches": 0, "num_partial_branches": 0, "covered_branches": 0, "missing_branches": 0}, "missing_lines": [6, 7, 10, 14, 123, 124, 151, 152, 187, 188, 223, 224], "excluded_lines": [], "executed_branches": [], "missing_branches": []}}}, "src/rfd/cli.py": {"executed_lines": [], "summary": {"covered_lines": 0, "num_statements": 504, "percent_covered": 0.0, "percent_covered_display": "0.00", "missing_lines": 504, "excluded_lines": 3, "num_branches": 138, "num_partial_branches": 0, "covered_branches": 0, "missing_branches": 138}, "missing_lines": [7, 8, 9, 10, 11, 12, 14, 16, 17, 20, 21, 22, 23, 25, 28, 29, 30, 33, 39, 40, 44, 45, 47, 49, 51, 52, 53, 54, 57, 58, 61, 64, 67, 68, 69, 72, 74, 75, 77, 78, 79, 80, 81, 82, 85, 95, 96, 97, 98, 99, 102, 103, 104, 107, 108, 109, 111, 112, 115, 116, 119, 125, 126, 128, 129, 130, 131, 132, 133, 134, 135, 136, 138, 139, 142, 157, 158, 159, 160, 161, 162, 163, 164, 165, 166, 167, 168, 169, 170, 171, 172, 173, 174, 175, 176, 177, 178, 179, 180, 181, 182, 183, 184, 185, 186, 187, 188, 189, 190, 191, 192, 193, 194, 195, 198, 199, 200, 201, 203, 204, 206, 207, 208, 210, 211, 213, 214, 215, 217, 220, 221, 222, 223, 224, 226, 227, 229, 230, 233, 234, 235, 236, 238, 240, 243, 245, 246, 247, 249, 252, 253, 254, 256, 257, 259, 260, 262, 263, 264, 267, 268, 269, 272, 273, 278, 279, 280, 285, 286, 294, 296, 297, 298, 299, 300, 303, 304, 305, 306, 307, 312, 315, 316, 317, 318, 319, 320, 323, 324, 328, 333, 334, 335, 336, 338, 339, 340, 341, 342, 343, 344, 345, 346, 347, 350, 351, 352, 354, 356, 357, 359, 362, 363, 364, 365, 366, 369, 370, 373, 374, 375, 380, 381, 382, 385, 386, 387, 389, 392, 395, 396, 399, 400, 403, 404, 405, 410, 411, 412, 413, 416, 419, 420, 421, 423, 426, 427, 428, 429, 431, 432, 433, 434, 435, 436, 437, 438, 441, 442, 443, 444, 446, 447, 448, 451, 452, 453, 454, 457, 458, 461, 462, 465, 466, 469, 470, 485, 488, 489, 490, 491, 492, 493, 495, 498, 499, 500, 502, 504, 505, 507, 510, 511, 512, 514, 517, 520, 523, 525, 584, 585, 586, 588, 591, 592, 593, 594, 596, 597, 599, 600, 601, 604, 605, 606, 609, 610, 611, 612, 614, 615, 617, 620, 621, 622, 623, 625, 627, 628, 629, 631, 632, 633, 636, 637, 638, 639, 642, 643, 646, 647, 650, 651, 652, 654, 657, 658, 659, 660, 662, 663, 665, 667, 668, 671, 672, 673, 676, 677, 687, 688, 690, 691, 694, 695, 696, 697, 698, 700, 701, 702, 703, 706, 707, 708, 709, 710, 712, 713, 714, 717, 718, 719, 721, 723, 726, 727, 728, 730, 733, 734, 735, 736, 737, 739, 740, 743, 744, 746, 747, 748, 749, 750, 751, 752, 753, 755, 758, 759, 760, 762, 763, 766, 767, 770, 771, 778, 780, 781, 782, 783, 784, 786, 787, 788, 789, 791, 792, 794, 796, 797, 800, 801, 802, 804, 807, 808, 809, 811, 812, 815, 816, 817, 818, 821, 822, 823, 824, 826, 827, 830, 831, 832, 833, 836, 837, 838, 839, 841, 842, 845, 846, 847, 848, 851, 852, 853, 854, 856, 857, 860, 861, 862, 863, 866, 867, 868, 869, 871, 872, 873, 875, 878, 879, 880, 882, 885, 886, 887, 889, 890, 891, 892, 895, 896, 897, 899, 900, 901, 904, 906, 970, 973, 975], "excluded_lines": [86, 978, 979], "executed_branches": [], "missing_branches": [[44, 45], [44, 61], [49, 51], [49, 57], [67, 68], [67, 72], [77, 78], [77, 79], [79, 80], [79, 81], [81, 82], [81, 85], [102, 103], [102, 107], [107, 108], [107, 111], [128, 129], [128, 130], [130, 131], [130, 132], [132, 133], [132, 134], [134, -115], [134, 135], [157, 158], [157, 162], [160, -115], [160, 161], [162, 163], [162, 168], [168, 169], [168, 175], [175, 176], [175, 182], [182, 183], [182, 189], [189, -115], [189, 190], [203, 204], [203, 206], [206, 207], [206, 210], [213, 214], [213, 217], [229, -220], [229, 230], [245, 246], [245, 249], [278, 279], [278, 303], [296, 297], [296, 303], [298, 299], [298, 303], [304, 305], [304, 315], [306, 307], [306, 315], [316, 317], [316, 319], [319, 320], [319, 328], [323, 324], [323, 333], [335, -252], [335, 336], [340, -252], [340, 341], [343, 344], [343, 345], [345, 346], [345, 347], [369, 370], [369, 373], [374, -350], [374, 375], [381, 374], [381, 382], [404, 405], [404, 410], [411, 412], [411, 416], [447, -441], [447, 448], [504, 505], [504, 507], [600, 601], [600, 617], [610, 611], [610, 614], [627, 628], [627, 631], [636, 637], [636, 642], [638, 639], [638, 642], [642, 643], [642, 646], [651, 652], [651, 654], [667, 668], [667, 690], [687, -657], [687, 688], [726, 727], [726, 730], [734, 735], [734, 743], [736, 737], [736, 739], [739, 740], [739, 743], [746, 747], [746, 751], [749, -717], [749, 750], [751, 752], [751, 755], [778, 780], [778, 794], [781, 782], [781, 794], [782, 781], [782, 783], [786, 787], [786, 791], [822, 823], [822, 826], [837, 838], [837, 841], [852, 853], [852, 856], [867, 868], [867, 871], [872, 873], [872, 875], [890, -885], [890, 891]], "functions": {"cli": {"executed_lines": [], "summary": {"covered_lines": 0, "num_statements": 1, "percent_covered": 0.0, "percent_covered_display": "0.00", "missing_lines": 1, "excluded_lines": 0, "num_branches": 0, "num_partial_branches": 0, "covered_branches": 0, "missing_branches": 0}, "missing_lines": [25], "excluded_lines": [], "executed_branches": [], "missing_branches": []}, "init": {"executed_lines": [], "summary": {"covered_lines": 0, "num_statements": 38, "percent_covered": 0.0, "percent_covered_display": "0.00", "missing_lines": 38, "excluded_lines": 1, "num_branches": 16, "num_partial_branches": 0, "covered_branches": 0, "missing_branches": 16}, "missing_lines": [44, 45, 47, 49, 51, 52, 53, 54, 57, 58, 61, 64, 67, 68, 69, 72, 74, 75, 77, 78, 79, 80, 81, 82, 85, 95, 96, 97, 98, 99, 102, 103, 104, 107, 108, 109, 111, 112], "excluded_lines": [86], "executed_branches": [], "missing_branches": [[44, 45], [44, 61], [49, 51], [49, 57], [67, 68], [67, 72], [77, 78], [77, 79], [79, 80], [79, 81], [81, 82], [81, 85], [102, 103], [102, 107], [107, 108], [107, 111]]}, "spec": {"executed_lines": [], "summary": {"covered_lines": 0, "num_statements": 51, "percent_covered": 0.0, "percent_covered_display": "0.00", "missing_lines": 51, "excluded_lines": 0, "num_branches": 22, "num_partial_branches": 0, "covered_branches": 0, "missing_branches": 22}, "missing_lines": [128, 129, 130, 131, 132, 133, 134, 135, 136, 138, 139, 142, 157, 158, 159, 160, 161, 162, 163, 164, 165, 166, 167, 168, 169, 170, 171, 172, 173, 174, 175, 176, 177, 178, 179, 180, 181, 182, 183, 184, 185, 186, 187, 188, 189, 190, 191, 192, 193, 194, 195], "excluded_lines": [], "executed_branches": [], "missing_branches": [[128, 129], [128, 130], [130, 131], [130, 132], [132, 133], [132, 134], [134, -115], [134, 135], [157, 158], [157, 162], [160, -115], [160, 161], [162, 163], [162, 168], [168, 169], [168, 175], [175, 176], [175, 182], [182, 183], [182, 189], [189, -115], [189, 190]]}, "build": {"executed_lines": [], "summary": {"covered_lines": 0, "num_statements": 11, "percent_covered": 0.0, "percent_covered_display": "0.00", "missing_lines": 11, "excluded_lines": 0, "num_branches": 6, "num_partial_branches": 0, "covered_branches": 0, "missing_branches": 6}, "missing_lines": [203, 204, 206, 207, 208, 210, 211, 213, 214, 215, 217], "excluded_lines": [], "executed_branches": [], "missing_branches": [[203, 204], [203, 206], [206, 207], [206, 210], [213, 214], [213, 217]]}, "validate": {"executed_lines": [], "summary": {"covered_lines": 0, "num_statements": 4, "percent_covered": 0.0, "percent_covered_display": "0.00", "missing_lines": 4, "excluded_lines": 0, "num_branches": 2, "num_partial_branches": 0, "covered_branches": 0, "missing_branches": 2}, "missing_lines": [226, 227, 229, 230], "excluded_lines": [], "executed_branches": [], "missing_branches": [[229, -220], [229, 230]]}, "complete": {"executed_lines": [], "summary": {"covered_lines": 0, "num_statements": 7, "percent_covered": 0.0, "percent_covered_display": "0.00", "missing_lines": 7, "excluded_lines": 0, "num_branches": 2, "num_partial_branches": 0, "covered_branches": 0, "missing_branches": 2}, "missing_lines": [238, 240, 243, 245, 246, 247, 249], "excluded_lines": [], "executed_branches": [], "missing_branches": [[245, 246], [245, 249]]}, "status": {"executed_lines": [], "summary": {"covered_lines": 0, "num_statements": 52, "percent_covered": 0.0, "percent_covered_display": "0.00", "missing_lines": 52, "excluded_lines": 0, "num_branches": 24, "num_partial_branches": 0, "covered_branches": 0, "missing_branches": 24}, "missing_lines": [256, 257, 259, 260, 262, 263, 264, 267, 268, 269, 272, 273, 278, 279, 280, 285, 286, 294, 296, 297, 298, 299, 300, 303, 304, 305, 306, 307, 312, 315, 316, 317, 318, 319, 320, 323, 324, 328, 333, 334, 335, 336, 338, 339, 340, 341, 342, 343, 344, 345, 346, 347], "excluded_lines": [], "executed_branches": [], "missing_branches": [[278, 279], [278, 303], [296, 297], [296, 303], [298, 299], [298, 303], [304, 305], [304, 315], [306, 307], [306, 315], [316, 317], [316, 319], [319, 320], [319, 328], [323, 324], [323, 333], [335, -252], [335, 336], [340, -252], [340, 341], [343, 344], [343, 345], [345, 346], [345, 347]]}, "dashboard": {"executed_lines": [], "summary": {"covered_lines": 0, "num_statements": 17, "percent_covered": 0.0, "percent_covered_display": "0.00", "missing_lines": 17, "excluded_lines": 0, "num_branches": 6, "num_partial_branches": 0, "covered_branches": 0, "missing_branches": 6}, "missing_lines": [354, 356, 357, 359, 362, 363, 364, 365, 366, 369, 370, 373, 374, 375, 380, 381, 382], "excluded_lines": [], "executed_branches": [], "missing_branches": [[369, 370], [369, 373], [374, -350], [374, 375], [381, 374], [381, 382]]}, "check": {"executed_lines": [], "summary": {"covered_lines": 0, "num_statements": 14, "percent_covered": 0.0, "percent_covered_display": "0.00", "missing_lines": 14, "excluded_lines": 0, "num_branches": 4, "num_partial_branches": 0, "covered_branches": 0, "missing_branches": 4}, "missing_lines": [389, 392, 395, 396, 399, 400, 403, 404, 405, 410, 411, 412, 413, 416], "excluded_lines": [], "executed_branches": [], "missing_branches": [[404, 405], [404, 410], [411, 412], [411, 416]]}, "session": {"executed_lines": [], "summary": {"covered_lines": 0, "num_statements": 1, "percent_covered": 0.0, "percent_covered_display": "0.00", "missing_lines": 1, "excluded_lines": 0, "num_branches": 0, "num_partial_branches": 0, "covered_branches": 0, "missing_branches": 0}, "missing_lines": [423], "excluded_lines": [], "executed_branches": [], "missing_branches": []}, "session_start": {"executed_lines": [], "summary": {"covered_lines": 0, "num_statements": 8, "percent_covered": 0.0, "percent_covered_display": "0.00", "missing_lines": 8, "excluded_lines": 0, "num_branches": 0, "num_partial_branches": 0, "covered_branches": 0, "missing_branches": 0}, "missing_lines": [431, 432, 433, 434, 435, 436, 437, 438], "excluded_lines": [], "executed_branches": [], "missing_branches": []}, "session_end": {"executed_lines": [], "summary": {"covered_lines": 0, "num_statements": 3, "percent_covered": 0.0, "percent_covered_display": "0.00", "missing_lines": 3, "excluded_lines": 0, "num_branches": 2, "num_partial_branches": 0, "covered_branches": 0, "missing_branches": 2}, "missing_lines": [446, 447, 448], "excluded_lines": [], "executed_branches": [], "missing_branches": [[447, -441], [447, 448]]}, "checkpoint": {"executed_lines": [], "summary": {"covered_lines": 0, "num_statements": 16, "percent_covered": 0.0, "percent_covered_display": "0.00", "missing_lines": 16, "excluded_lines": 0, "num_branches": 0, "num_partial_branches": 0, "covered_branches": 0, "missing_branches": 0}, "missing_lines": [457, 458, 461, 462, 465, 466, 469, 470, 485, 488, 489, 490, 491, 492, 493, 495], "excluded_lines": [], "executed_branches": [], "missing_branches": []}, "revert": {"executed_lines": [], "summary": {"covered_lines": 0, "num_statements": 4, "percent_covered": 0.0, "percent_covered_display": "0.00", "missing_lines": 4, "excluded_lines": 0, "num_branches": 2, "num_partial_branches": 0, "covered_branches": 0, "missing_branches": 2}, "missing_lines": [502, 504, 505, 507], "excluded_lines": [], "executed_branches": [], "missing_branches": [[504, 505], [504, 507]]}, "resume": {"executed_lines": [], "summary": {"covered_lines": 0, "num_statements": 5, "percent_covered": 0.0, "percent_covered_display": "0.00", "missing_lines": 5, "excluded_lines": 0, "num_branches": 0, "num_partial_branches": 0, "covered_branches": 0, "missing_branches": 0}, "missing_lines": [514, 517, 520, 523, 525], "excluded_lines": [], "executed_branches": [], "missing_branches": []}, "workflow": {"executed_lines": [], "summary": {"covered_lines": 0, "num_statements": 1, "percent_covered": 0.0, "percent_covered_display": "0.00", "missing_lines": 1, "excluded_lines": 0, "num_branches": 0, "num_partial_branches": 0, "covered_branches": 0, "missing_branches": 0}, "missing_lines": [588], "excluded_lines": [], "executed_branches": [], "missing_branches": []}, "workflow_start": {"executed_lines": [], "summary": {"covered_lines": 0, "num_statements": 15, "percent_covered": 0.0, "percent_covered_display": "0.00", "missing_lines": 15, "excluded_lines": 0, "num_branches": 4, "num_partial_branches": 0, "covered_branches": 0, "missing_branches": 4}, "missing_lines": [596, 597, 599, 600, 601, 604, 605, 606, 609, 610, 611, 612, 614, 615, 617], "excluded_lines": [], "executed_branches": [], "missing_branches": [[600, 601], [600, 617], [610, 611], [610, 614]]}, "workflow_status": {"executed_lines": [], "summary": {"covered_lines": 0, "num_statements": 19, "percent_covered": 0.0, "percent_covered_display": "0.00", "missing_lines": 19, "excluded_lines": 0, "num_branches": 10, "num_partial_branches": 0, "covered_branches": 0, "missing_branches": 10}, "missing_lines": [625, 627, 628, 629, 631, 632, 633, 636, 637, 638, 639, 642, 643, 646, 647, 650, 651, 652, 654], "excluded_lines": [], "executed_branches": [], "missing_branches": [[627, 628], [627, 631], [636, 637], [636, 642], [638, 639], [638, 642], [642, 643], [642, 646], [651, 652], [651, 654]]}, "workflow_proceed": {"executed_lines": [], "summary": {"covered_lines": 0, "num_statements": 14, "percent_covered": 0.0, "percent_covered_display": "0.00", "missing_lines": 14, "excluded_lines": 0, "num_branches": 4, "num_partial_branches": 0, "covered_branches": 0, "missing_branches": 4}, "missing_lines": [662, 663, 665, 667, 668, 671, 672, 673, 676, 677, 687, 688, 690, 691], "excluded_lines": [], "executed_branches": [], "missing_branches": [[667, 668], [667, 690], [687, -657], [687, 688]]}, "workflow_query": {"executed_lines": [], "summary": {"covered_lines": 0, "num_statements": 4, "percent_covered": 0.0, "percent_covered_display": "0.00", "missing_lines": 4, "excluded_lines": 0, "num_branches": 0, "num_partial_branches": 0, "covered_branches": 0, "missing_branches": 0}, "missing_lines": [700, 701, 702, 703], "excluded_lines": [], "executed_branches": [], "missing_branches": []}, "workflow_resolve": {"executed_lines": [], "summary": {"covered_lines": 0, "num_statements": 3, "percent_covered": 0.0, "percent_covered_display": "0.00", "missing_lines": 3, "excluded_lines": 0, "num_branches": 0, "num_partial_branches": 0, "covered_branches": 0, "missing_branches": 0}, "missing_lines": [712, 713, 714], "excluded_lines": [], "executed_branches": [], "missing_branches": []}, "migrate": {"executed_lines": [], "summary": {"covered_lines": 0, "num_statements": 24, "percent_covered": 0.0, "percent_covered_display": "0.00", "missing_lines": 24, "excluded_lines": 0, "num_branches": 14, "num_partial_branches": 0, "covered_branches": 0, "missing_branches": 14}, "missing_lines": [721, 723, 726, 727, 728, 730, 733, 734, 735, 736, 737, 739, 740, 743, 744, 746, 747, 748, 749, 750, 751, 752, 753, 755], "excluded_lines": [], "executed_branches": [], "missing_branches": [[726, 727], [726, 730], [734, 735], [734, 743], [736, 737], [736, 739], [739, 740], [739, 743], [746, 747], [746, 751], [749, -717], [749, 750], [751, 752], [751, 755]]}, "upgrade_check": {"executed_lines": [], "summary": {"covered_lines": 0, "num_statements": 21, "percent_covered": 0.0, "percent_covered_display": "0.00", "missing_lines": 21, "excluded_lines": 0, "num_branches": 8, "num_partial_branches": 0, "covered_branches": 0, "missing_branches": 8}, "missing_lines": [762, 763, 766, 767, 770, 771, 778, 780, 781, 782, 783, 784, 786, 787, 788, 789, 791, 792, 794, 796, 797], "excluded_lines": [], "executed_branches": [], "missing_branches": [[778, 780], [778, 794], [781, 782], [781, 794], [782, 781], [782, 783], [786, 787], [786, 791]]}, "speckit": {"executed_lines": [], "summary": {"covered_lines": 0, "num_statements": 1, "percent_covered": 0.0, "percent_covered_display": "0.00", "missing_lines": 1, "excluded_lines": 0, "num_branches": 0, "num_partial_branches": 0, "covered_branches": 0, "missing_branches": 0}, "missing_lines": [804], "excluded_lines": [], "executed_branches": [], "missing_branches": []}, "speckit_constitution": {"executed_lines": [], "summary": {"covered_lines": 0, "num_statements": 2, "percent_covered": 0.0, "percent_covered_display": "0.00", "missing_lines": 2, "excluded_lines": 0, "num_branches": 0, "num_partial_branches": 0, "covered_branches": 0, "missing_branches": 0}, "missing_lines": [811, 812], "excluded_lines": [], "executed_branches": [], "missing_branches": []}, "speckit_specify": {"executed_lines": [], "summary": {"covered_lines": 0, "num_statements": 6, "percent_covered": 0.0, "percent_covered_display": "0.00", "missing_lines": 6, "excluded_lines": 0, "num_branches": 2, "num_partial_branches": 0, "covered_branches": 0, "missing_branches": 2}, "missing_lines": [821, 822, 823, 824, 826, 827], "excluded_lines": [], "executed_branches": [], "missing_branches": [[822, 823], [822, 826]]}, "speckit_plan": {"executed_lines": [], "summary": {"covered_lines": 0, "num_statements": 6, "percent_covered": 0.0, "percent_covered_display": "0.00", "missing_lines": 6, "excluded_lines": 0, "num_branches": 2, "num_partial_branches": 0, "covered_branches": 0, "missing_branches": 2}, "missing_lines": [836, 837, 838, 839, 841, 842], "excluded_lines": [], "executed_branches": [], "missing_branches": [[837, 838], [837, 841]]}, "speckit_tasks": {"executed_lines": [], "summary": {"covered_lines": 0, "num_statements": 6, "percent_covered": 0.0, "percent_covered_display": "0.00", "missing_lines": 6, "excluded_lines": 0, "num_branches": 2, "num_partial_branches": 0, "covered_branches": 0, "missing_branches": 2}, "missing_lines": [851, 852, 853, 854, 856, 857], "excluded_lines": [], "executed_branches": [], "missing_branches": [[852, 853], [852, 856]]}, "speckit_implement": {"executed_lines": [], "summary": {"covered_lines": 0, "num_statements": 8, "percent_covered": 0.0, "percent_covered_display": "0.00", "missing_lines": 8, "excluded_lines": 0, "num_branches": 4, "num_partial_branches": 0, "covered_branches": 0, "missing_branches": 4}, "missing_lines": [866, 867, 868, 869, 871, 872, 873, 875], "excluded_lines": [], "executed_branches": [], "missing_branches": [[867, 868], [867, 871], [872, 873], [872, 875]]}, "memory": {"executed_lines": [], "summary": {"covered_lines": 0, "num_statements": 1, "percent_covered": 0.0, "percent_covered_display": "0.00", "missing_lines": 1, "excluded_lines": 0, "num_branches": 0, "num_partial_branches": 0, "covered_branches": 0, "missing_branches": 0}, "missing_lines": [882], "excluded_lines": [], "executed_branches": [], "missing_branches": []}, "memory_show": {"executed_lines": [], "summary": {"covered_lines": 0, "num_statements": 4, "percent_covered": 0.0, "percent_covered_display": "0.00", "missing_lines": 4, "excluded_lines": 0, "num_branches": 2, "num_partial_branches": 0, "covered_branches": 0, "missing_branches": 2}, "missing_lines": [889, 890, 891, 892], "excluded_lines": [], "executed_branches": [], "missing_branches": [[890, -885], [890, 891]]}, "memory_reset": {"executed_lines": [], "summary": {"covered_lines": 0, "num_statements": 3, "percent_covered": 0.0, "percent_covered_display": "0.00", "missing_lines": 3, "excluded_lines": 0, "num_branches": 0, "num_partial_branches": 0, "covered_branches": 0, "missing_branches": 0}, "missing_lines": [899, 900, 901], "excluded_lines": [], "executed_branches": [], "missing_branches": []}, "create_claude_md": {"executed_lines": [], "summary": {"covered_lines": 0, "num_statements": 2, "percent_covered": 0.0, "percent_covered_display": "0.00", "missing_lines": 2, "excluded_lines": 0, "num_branches": 0, "num_partial_branches": 0, "covered_branches": 0, "missing_branches": 0}, "missing_lines": [906, 970], "excluded_lines": [], "executed_branches": [], "missing_branches": []}, "main": {"executed_lines": [], "summary": {"covered_lines": 0, "num_statements": 1, "percent_covered": 0.0, "percent_covered_display": "0.00", "missing_lines": 1, "excluded_lines": 0, "num_branches": 0, "num_partial_branches": 0, "covered_branches": 0, "missing_branches": 0}, "missing_lines": [975], "excluded_lines": [], "executed_branches": [], "missing_branches": []}, "": {"executed_lines": [], "summary": {"covered_lines": 0, "num_statements": 131, "percent_covered": 0.0, "percent_covered_display": "0.00", "missing_lines": 131, "excluded_lines": 2, "num_branches": 0, "num_partial_branches": 0, "covered_branches": 0, "missing_branches": 0}, "missing_lines": [7, 8, 9, 10, 11, 12, 14, 16, 17, 20, 21, 22, 23, 28, 29, 30, 33, 39, 40, 115, 116, 119, 125, 126, 198, 199, 200, 201, 220, 221, 222, 223, 224, 233, 234, 235, 236, 252, 253, 254, 350, 351, 352, 385, 386, 387, 419, 420, 421, 426, 427, 428, 429, 441, 442, 443, 444, 451, 452, 453, 454, 498, 499, 500, 510, 511, 512, 584, 585, 586, 591, 592, 593, 594, 620, 621, 622, 623, 657, 658, 659, 660, 694, 695, 696, 697, 698, 706, 707, 708, 709, 710, 717, 718, 719, 758, 759, 760, 800, 801, 802, 807, 808, 809, 815, 816, 817, 818, 830, 831, 832, 833, 845, 846, 847, 848, 860, 861, 862, 863, 878, 879, 880, 885, 886, 887, 895, 896, 897, 904, 973], "excluded_lines": [978, 979], "executed_branches": [], "missing_branches": []}}, "classes": {"": {"executed_lines": [], "summary": {"covered_lines": 0, "num_statements": 504, "percent_covered": 0.0, "percent_covered_display": "0.00", "missing_lines": 504, "excluded_lines": 3, "num_branches": 138, "num_partial_branches": 0, "covered_branches": 0, "missing_branches": 138}, "missing_lines": [7, 8, 9, 10, 11, 12, 14, 16, 17, 20, 21, 22, 23, 25, 28, 29, 30, 33, 39, 40, 44, 45, 47, 49, 51, 52, 53, 54, 57, 58, 61, 64, 67, 68, 69, 72, 74, 75, 77, 78, 79, 80, 81, 82, 85, 95, 96, 97, 98, 99, 102, 103, 104, 107, 108, 109, 111, 112, 115, 116, 119, 125, 126, 128, 129, 130, 131, 132, 133, 134, 135, 136, 138, 139, 142, 157, 158, 159, 160, 161, 162, 163, 164, 165, 166, 167, 168, 169, 170, 171, 172, 173, 174, 175, 176, 177, 178, 179, 180, 181, 182, 183, 184, 185, 186, 187, 188, 189, 190, 191, 192, 193, 194, 195, 198, 199, 200, 201, 203, 204, 206, 207, 208, 210, 211, 213, 214, 215, 217, 220, 221, 222, 223, 224, 226, 227, 229, 230, 233, 234, 235, 236, 238, 240, 243, 245, 246, 247, 249, 252, 253, 254, 256, 257, 259, 260, 262, 263, 264, 267, 268, 269, 272, 273, 278, 279, 280, 285, 286, 294, 296, 297, 298, 299, 300, 303, 304, 305, 306, 307, 312, 315, 316, 317, 318, 319, 320, 323, 324, 328, 333, 334, 335, 336, 338, 339, 340, 341, 342, 343, 344, 345, 346, 347, 350, 351, 352, 354, 356, 357, 359, 362, 363, 364, 365, 366, 369, 370, 373, 374, 375, 380, 381, 382, 385, 386, 387, 389, 392, 395, 396, 399, 400, 403, 404, 405, 410, 411, 412, 413, 416, 419, 420, 421, 423, 426, 427, 428, 429, 431, 432, 433, 434, 435, 436, 437, 438, 441, 442, 443, 444, 446, 447, 448, 451, 452, 453, 454, 457, 458, 461, 462, 465, 466, 469, 470, 485, 488, 489, 490, 491, 492, 493, 495, 498, 499, 500, 502, 504, 505, 507, 510, 511, 512, 514, 517, 520, 523, 525, 584, 585, 586, 588, 591, 592, 593, 594, 596, 597, 599, 600, 601, 604, 605, 606, 609, 610, 611, 612, 614, 615, 617, 620, 621, 622, 623, 625, 627, 628, 629, 631, 632, 633, 636, 637, 638, 639, 642, 643, 646, 647, 650, 651, 652, 654, 657, 658, 659, 660, 662, 663, 665, 667, 668, 671, 672, 673, 676, 677, 687, 688, 690, 691, 694, 695, 696, 697, 698, 700, 701, 702, 703, 706, 707, 708, 709, 710, 712, 713, 714, 717, 718, 719, 721, 723, 726, 727, 728, 730, 733, 734, 735, 736, 737, 739, 740, 743, 744, 746, 747, 748, 749, 750, 751, 752, 753, 755, 758, 759, 760, 762, 763, 766, 767, 770, 771, 778, 780, 781, 782, 783, 784, 786, 787, 788, 789, 791, 792, 794, 796, 797, 800, 801, 802, 804, 807, 808, 809, 811, 812, 815, 816, 817, 818, 821, 822, 823, 824, 826, 827, 830, 831, 832, 833, 836, 837, 838, 839, 841, 842, 845, 846, 847, 848, 851, 852, 853, 854, 856, 857, 860, 861, 862, 863, 866, 867, 868, 869, 871, 872, 873, 875, 878, 879, 880, 882, 885, 886, 887, 889, 890, 891, 892, 895, 896, 897, 899, 900, 901, 904, 906, 970, 973, 975], "excluded_lines": [86, 978, 979], "executed_branches": [], "missing_branches": [[44, 45], [44, 61], [49, 51], [49, 57], [67, 68], [67, 72], [77, 78], [77, 79], [79, 80], [79, 81], [81, 82], [81, 85], [102, 103], [102, 107], [107, 108], [107, 111], [128, 129], [128, 130], [130, 131], [130, 132], [132, 133], [132, 134], [134, -115], [134, 135], [157, 158], [157, 162], [160, -115], [160, 161], [162, 163], [162, 168], [168, 169], [168, 175], [175, 176], [175, 182], [182, 183], [182, 189], [189, -115], [189, 190], [203, 204], [203, 206], [206, 207], [206, 210], [213, 214], [213, 217], [229, -220], [229, 230], [245, 246], [245, 249], [278, 279], [278, 303], [296, 297], [296, 303], [298, 299], [298, 303], [304, 305], [304, 315], [306, 307], [306, 315], [316, 317], [316, 319], [319, 320], [319, 328], [323, 324], [323, 333], [335, -252], [335, 336], [340, -252], [340, 341], [343, 344], [343, 345], [345, 346], [345, 347], [369, 370], [369, 373], [374, -350], [374, 375], [381, 374], [381, 382], [404, 405], [404, 410], [411, 412], [411, 416], [447, -441], [447, 448], [504, 505], [504, 507], [600, 601], [600, 617], [610, 611], [610, 614], [627, 628], [627, 631], [636, 637], [636, 642], [638, 639], [638, 642], [642, 643], [642, 646], [651, 652], [651, 654], [667, 668], [667, 690], [687, -657], [687, 688], [726, 727], [726, 730], [734, 735], [734, 743], [736, 737], [736, 739], [739, 740], [739, 743], [746, 747], [746, 751], [749, -717], [749, 750], [751, 752], [751, 755], [778, 780], [778, 794], [781, 782], [781, 794], [782, 781], [782, 783], [786, 787], [786, 791], [822, 823], [822, 826], [837, 838], [837, 841], [852, 853], [852, 856], [867, 868], [867, 871], [872, 873], [872, 875], [890, -885], [890, 891]]}}}, "src/rfd/feature_manager.py": {"executed_lines": [], "summary": {"covered_lines": 0, "num_statements": 143, "percent_covered": 0.0, "percent_covered_display": "0.00", "missing_lines": 143, "excluded_lines": 0, "num_branches": 32, "num_partial_branches": 0, "covered_branches": 0, "missing_branches": 32}, "missing_lines": [7, 8, 9, 10, 11, 12, 15, 18, 19, 20, 21, 22, 24, 26, 29, 30, 32, 34, 53, 54, 55, 56, 57, 58, 59, 60, 63, 64, 65, 66, 69, 84, 99, 113, 114, 116, 118, 119, 121, 123, 125, 129, 131, 147, 160, 161, 163, 165, 168, 179, 193, 194, 197, 198, 200, 204, 207, 208, 222, 223, 224, 227, 238, 253, 254, 257, 258, 260, 264, 266, 281, 282, 284, 286, 289, 298, 299, 302, 314, 324, 326, 349, 351, 353, 367, 369, 380, 382, 384, 392, 393, 394, 396, 398, 400, 402, 412, 413, 414, 416, 418, 420, 424, 426, 427, 429, 432, 433, 434, 437, 439, 441, 443, 444, 447, 448, 451, 452, 453, 454, 455, 458, 459, 461, 463, 465, 473, 475, 487, 489, 491, 499, 500, 501, 503, 505, 507, 508, 511, 512, 513, 514, 516], "excluded_lines": [], "executed_branches": [], "missing_branches": [[32, 34], [32, 53], [53, 54], [53, 55], [55, 56], [55, 57], [57, 58], [57, 59], [59, 60], [59, 63], [63, 64], [63, 65], [65, 66], [65, 69], [123, 125], [123, 160], [129, 131], [129, 147], [207, 208], [207, 227], [298, 299], [298, 302], [426, 427], [426, 429], [432, 433], [432, 437], [443, 444], [443, 447], [452, 453], [452, 458], [453, 452], [453, 454]], "functions": {"FeatureManager.__init__": {"executed_lines": [], "summary": {"covered_lines": 0, "num_statements": 4, "percent_covered": 0.0, "percent_covered_display": "0.00", "missing_lines": 4, "excluded_lines": 0, "num_branches": 0, "num_partial_branches": 0, "covered_branches": 0, "missing_branches": 0}, "missing_lines": [19, 20, 21, 22], "exclud
[...]
_branches": [], "missing_branches": [[233, 234], [233, 238], [234, 233], [234, 235], [238, 239], [238, 249], [249, 250], [249, 261], [250, 251], [250, 261]]}, "ValidationEngine._validate_database": {"executed_lines": [], "summary": {"covered_lines": 0, "num_statements": 20, "percent_covered": 0.0, "percent_covered_display": "0.00", "missing_lines": 20, "excluded_lines": 0, "num_branches": 10, "num_partial_branches": 0, "covered_branches": 0, "missing_branches": 10}, "missing_lines": [272, 273, 275, 277, 279, 282, 284, 285, 288, 297, 298, 299, 300, 301, 304, 305, 306, 313, 314, 322], "excluded_lines": [], "executed_branches": [], "missing_branches": [[272, 273], [272, 275], [277, -270], [277, 279], [282, 284], [282, 297], [284, 285], [284, 288], [297, 298], [297, 322]]}, "ValidationEngine._generate_test_data": {"executed_lines": [], "summary": {"covered_lines": 0, "num_statements": 5, "percent_covered": 0.0, "percent_covered_display": "0.00", "missing_lines": 5, "excluded_lines": 0, "num_branches": 4, "num_partial_branches": 0, "covered_branches": 0, "missing_branches": 4}, "missing_lines": [333, 334, 335, 336, 337], "excluded_lines": [], "executed_branches": [], "missing_branches": [[333, 334], [333, 335], [335, 336], [335, 337]]}, "ValidationEngine.validate_ai_claims": {"executed_lines": [344], "summary": {"covered_lines": 1, "num_statements": 1, "percent_covered": 100.0, "percent_covered_display": "100.00", "missing_lines": 0, "excluded_lines": 0, "num_branches": 0, "num_partial_branches": 0, "covered_branches": 0, "missing_branches": 0}, "missing_lines": [], "excluded_lines": [], "executed_branches": [], "missing_branches": []}, "ValidationEngine.print_report": {"executed_lines": [], "summary": {"covered_lines": 0, "num_statements": 5, "percent_covered": 0.0, "percent_covered_display": "0.00", "missing_lines": 5, "excluded_lines": 0, "num_branches": 2, "num_partial_branches": 0, "covered_branches": 0, "missing_branches": 2}, "missing_lines": [348, 350, 351, 352, 354], "excluded_lines": [], "executed_branches": [], "missing_branches": [[350, 351], [350, 354]]}, "": {"executed_lines": [1, 6, 7, 8, 9, 11, 13, 14, 19, 20, 26, 54, 67, 72, 143, 172, 211, 229, 270, 330, 339, 346], "summary": {"covered_lines": 21, "num_statements": 23, "percent_covered": 91.30434782608695, "percent_covered_display": "91.30", "missing_lines": 2, "excluded_lines": 0, "num_branches": 0, "num_partial_branches": 0, "covered_branches": 0, "missing_branches": 0}, "missing_lines": [15, 16], "excluded_lines": [], "executed_branches": [], "missing_branches": []}}, "classes": {"ValidationEngine": {"executed_lines": [21, 22, 23, 24, 344], "summary": {"covered_lines": 5, "num_statements": 128, "percent_covered": 2.525252525252525, "percent_covered_display": "2.53", "missing_lines": 123, "excluded_lines": 0, "num_branches": 70, "num_partial_branches": 0, "covered_branches": 0, "missing_branches": 70}, "missing_lines": [30, 33, 36, 37, 40, 41, 42, 43, 44, 47, 49, 56, 57, 69, 70, 74, 77, 78, 79, 80, 89, 91, 100, 105, 106, 115, 117, 126, 127, 128, 129, 130, 131, 132, 133, 140, 141, 145, 146, 149, 150, 151, 158, 159, 166, 169, 170, 174, 175, 178, 180, 181, 182, 183, 184, 185, 186, 187, 188, 190, 192, 193, 194, 195, 202, 203, 213, 214, 215, 216, 217, 218, 219, 220, 221, 222, 223, 224, 227, 232, 233, 234, 235, 236, 238, 239, 246, 249, 250, 251, 252, 261, 262, 272, 273, 275, 277, 279, 282, 284, 285, 288, 297, 298, 299, 300, 301, 304, 305, 306, 313, 314, 322, 333, 334, 335, 336, 337, 348, 350, 351, 352, 354], "excluded_lines": [], "executed_branches": [], "missing_branches": [[36, 37], [36, 40], [40, 41], [40, 42], [42, 43], [42, 47], [43, 44], [43, 47], [78, 79], [78, 89], [89, 91], [89, 115], [115, -72], [115, 117], [126, -72], [126, 127], [127, 128], [127, 129], [132, 126], [132, 133], [169, -143], [169, 170], [181, 182], [181, 183], [183, 184], [183, 185], [185, 186], [185, 187], [187, 188], [187, 190], [192, -172], [192, 193], [213, 214], [213, 215], [215, 216], [215, 217], [217, 218], [217, 219], [219, 220], [219, 221], [221, 222], [221, 223], [223, 224], [223, 227], [233, 234], [233, 238], [234, 233], [234, 235], [238, 239], [238, 249], [249, 250], [249, 261], [250, 251], [250, 261], [272, 273], [272, 275], [277, -270], [277, 279], [282, 284], [282, 297], [284, 285], [284, 288], [297, 298], [297, 322], [333, 334], [333, 335], [335, 336], [335, 337], [350, 351], [350, 354]]}, "": {"executed_lines": [1, 6, 7, 8, 9, 11, 13, 14, 19, 20, 26, 54, 67, 72, 143, 172, 211, 229, 270, 330, 339, 346], "summary": {"covered_lines": 21, "num_statements": 23, "percent_covered": 91.30434782608695, "percent_covered_display": "91.30", "missing_lines": 2, "excluded_lines": 0, "num_branches": 0, "num_partial_branches": 0, "covered_branches": 0, "missing_branches": 0}, "missing_lines": [15, 16], "excluded_lines": [], "executed_branches": [], "missing_branches": []}}}, "src/rfd/workflow_engine.py": {"executed_lines": [1, 6, 7, 8, 9, 10, 11, 14, 15, 16, 17, 18, 19, 20, 21, 22, 23, 26, 27, 32, 33, 34, 35, 38, 50, 61, 63, 65, 114, 115, 117, 179, 192, 210, 267, 287, 297, 314, 346, 357, 365, 372, 379, 392, 414, 425, 437, 484], "summary": {"covered_lines": 45, "num_statements": 192, "percent_covered": 17.857142857142858, "percent_covered_display": "17.86", "missing_lines": 147, "excluded_lines": 0, "num_branches": 60, "num_partial_branches": 0, "covered_branches": 0, "missing_branches": 60}, "missing_lines": [122, 125, 129, 130, 131, 134, 139, 140, 143, 145, 146, 147, 148, 150, 155, 156, 159, 165, 172, 174, 175, 177, 181, 182, 186, 188, 189, 190, 197, 198, 199, 202, 203, 204, 205, 206, 208, 216, 217, 222, 223, 224, 227, 228, 230, 235, 236, 237, 240, 241, 243, 244, 245, 247, 250, 257, 262, 263, 265, 272, 273, 275, 281, 282, 283, 285, 289, 290, 294, 295, 299, 300, 307, 309, 319, 322, 330, 331, 332, 338, 339, 340, 342, 349, 350, 351, 352, 353, 354, 355, 360, 361, 362, 363, 367, 368, 369, 370, 374, 375, 376, 377, 381, 382, 386, 388, 389, 390, 396, 398, 401, 407, 408, 409, 410, 412, 417, 419, 420, 422, 423, 428, 429, 430, 431, 432, 433, 435, 439, 440, 441, 443, 446, 455, 461, 465, 468, 482, 489, 491, 492, 495, 505, 507, 508, 509, 511], "excluded_lines": [], "executed_branches": [], "missing_branches": [[129, 130], [129, 134], [139, 140], [139, 165], [143, 145], [143, 159], [145, 146], [145, 159], [148, 150], [148, 155], [188, 189], [188, 190], [198, 199], [198, 202], [203, 204], [203, 208], [205, 206], [205, 208], [222, 223], [222, 227], [228, 230], [228, 240], [243, 244], [243, 247], [330, 331], [330, 342], [350, 351], [350, 355], [351, 350], [351, 352], [352, 353], [352, 354], [361, 362], [361, 363], [368, 369], [368, 370], [375, 376], [375, 377], [388, 389], [388, 390], [407, 408], [407, 412], [409, 407], [409, 410], [419, 420], [419, 422], [428, 429], [428, 435], [430, 428], [430, 431], [432, 428], [432, 433], [440, 441], [440, 443], [491, 492], [491, 495], [507, 508], [507, 511], [508, 509], [508, 511]], "functions": {"GatedWorkflow.__init__": {"executed_lines": [33, 34, 35, 38, 50], "summary": {"covered_lines": 5, "num_statements": 5, "percent_covered": 100.0, "percent_covered_display": "100.00", "missing_lines": 0, "excluded_lines": 0, "num_branches": 0, "num_partial_branches": 0, "covered_branches": 0, "missing_branches": 0}, "missing_lines": [], "excluded_lines": [], "executed_branches": [], "missing_branches": []}, "GatedWorkflow._init_workflow_tables": {"executed_lines": [63, 65, 114, 115], "summary": {"covered_lines": 4, "num_statements": 4, "percent_covered": 100.0, "percent_covered_display": "100.00", "missing_lines": 0, "excluded_lines": 0, "num_branches": 0, "num_partial_branches": 0, "covered_branches": 0, "missing_branches": 0}, "missing_lines": [], "excluded_lines": [], "executed_branches": [], "missing_branches": []}, "GatedWorkflow.start_feature": {"executed_lines": [], "summary": {"covered_lines": 0, "num_statements": 22, "percent_covered": 0.0, "percent_covered_display": "0.00", "missing_lines": 22, "excluded_lines": 0, "num_branches": 10, "num_partial_branches": 0, "covered_branches": 0, "missing_branches": 10}, "missing_lines": [122, 125, 129, 130, 131, 134, 139, 140, 143, 145, 146, 147, 148, 150, 155, 156, 159, 165, 172, 174, 175, 177], "excluded_lines": [], "executed_branches": [], "missing_branches": [[129, 130], [129, 134], [139, 140], [139, 165], [143, 145], [143, 159], [145, 146], [145, 159], [148, 150], [148, 155]]}, "GatedWorkflow.get_current_state": {"executed_lines": [], "summary": {"covered_lines": 0, "num_statements": 6, "percent_covered": 0.0, "percent_covered_display": "0.00", "missing_lines": 6, "excluded_lines": 0, "num_branches": 2, "num_partial_branches": 0, "covered_branches": 0, "missing_branches": 2}, "missing_lines": [181, 182, 186, 188, 189, 190], "excluded_lines": [], "executed_branches": [], "missing_branches": [[188, 189], [188, 190]]}, "GatedWorkflow.can_proceed": {"executed_lines": [], "summary": {"covered_lines": 0, "num_statements": 9, "percent_covered": 0.0, "percent_covered_display": "0.00", "missing_lines": 9, "excluded_lines": 0, "num_branches": 6, "num_partial_branches": 0, "covered_branches": 0, "missing_branches": 6}, "missing_lines": [197, 198, 199, 202, 203, 204, 205, 206, 208], "excluded_lines": [], "executed_branches": [], "missing_branches": [[198, 199], [198, 202], [203, 204], [203, 208], [205, 206], [205, 208]]}, "GatedWorkflow.proceed_to_next": {"executed_lines": [], "summary": {"covered_lines": 0, "num_statements": 22, "percent_covered": 0.0, "percent_covered_display": "0.00", "missing_lines": 22, "excluded_lines": 0, "num_branches": 6, "num_partial_branches": 0, "covered_branches": 0, "missing_branches": 6}, "missing_lines": [216, 217, 222, 223, 224, 227, 228, 230, 235, 236, 237, 240, 241, 243, 244, 245, 247, 250, 257, 262, 263, 265], "excluded_lines": [], "executed_branches": [], "missing_branches": [[222, 223], [222, 227], [228, 230], [228, 240], [243, 244], [243, 247]]}, "GatedWorkflow.add_query": {"executed_lines": [], "summary": {"covered_lines": 0, "num_statements": 7, "percent_covered": 0.0, "percent_covered_display": "0.00", "missing_lines": 7, "excluded_lines": 0, "num_branches": 0, "num_partial_branches": 0, "covered_branches": 0, "missing_branches": 0}, "missing_lines": [272, 273, 275, 281, 282, 283, 285], "excluded_lines": [], "executed_branches": [], "missing_branches": []}, "GatedWorkflow.resolve_query": {"executed_lines": [], "summary": {"covered_lines": 0, "num_statements": 4, "percent_covered": 0.0, "percent_covered_display": "0.00", "missing_lines": 4, "excluded_lines": 0, "num_branches": 0, "num_partial_branches": 0, "covered_branches": 0, "missing_branches": 0}, "missing_lines": [289, 290, 294, 295], "excluded_lines": [], "executed_branches": [], "missing_branches": []}, "GatedWorkflow.get_unresolved_queries": {"executed_lines": [], "summary": {"covered_lines": 0, "num_statements": 4, "percent_covered": 0.0, "percent_covered_display": "0.00", "missing_lines": 4, "excluded_lines": 0, "num_branches": 0, "num_partial_branches": 0, "covered_branches": 0, "missing_branches": 0}, "missing_lines": [299, 300, 307, 309], "excluded_lines": [], "executed_branches": [], "missing_branches": []}, "GatedWorkflow.block_drift": {"executed_lines": [], "summary": {"covered_lines": 0, "num_statements": 9, "percent_covered": 0.0, "percent_covered_display": "0.00", "missing_lines": 9, "excluded_lines": 0, "num_branches": 2, "num_partial_branches": 0, "covered_branches": 0, "missing_branches": 2}, "missing_lines": [319, 322, 330, 331, 332, 338, 339, 340, 342], "excluded_lines": [], "executed_branches": [], "missing_branches": [[330, 331], [330, 342]]}, "GatedWorkflow._validate_ideation": {"executed_lines": [], "summary": {"covered_lines": 0, "num_statements": 7, "percent_covered": 0.0, "percent_covered_display": "0.00", "missing_lines": 7, "excluded_lines": 0, "num_branches": 6, "num_partial_branches": 0, "covered_branches": 0, "missing_branches": 6}, "missing_lines": [349, 350, 351, 352, 353, 354, 355], "excluded_lines": [], "executed_branches": [], "missing_branches": [[350, 351], [350, 355], [351, 350], [351, 352], [352, 353], [352, 354]]}, "GatedWorkflow._validate_specification": {"executed_lines": [], "summary": {"covered_lines": 0, "num_statements": 4, "percent_covered": 0.0, "percent_covered_display": "0.00", "missing_lines": 4, "excluded_lines": 0, "num_branches": 2, "num_partial_branches": 0, "covered_branches": 0, "missing_branches": 2}, "missing_lines": [360, 361, 362, 363], "excluded_lines": [], "executed_branches": [], "missing_branches": [[361, 362], [361, 363]]}, "GatedWorkflow._validate_clarification": {"executed_lines": [], "summary": {"covered_lines": 0, "num_statements": 4, "percent_covered": 0.0, "percent_covered_display": "0.00", "missing_lines": 4, "excluded_lines": 0, "num_branches": 2, "num_partial_branches": 0, "covered_branches": 0, "missing_branches": 2}, "missing_lines": [367, 368, 369, 370], "excluded_lines": [], "executed_branches": [], "missing_branches": [[368, 369], [368, 370]]}, "GatedWorkflow._validate_planning": {"executed_lines": [], "summary": {"covered_lines": 0, "num_statements": 4, "percent_covered": 0.0, "percent_covered_display": "0.00", "missing_lines": 4, "excluded_lines": 0, "num_branches": 2, "num_partial_branches": 0, "covered_branches": 0, "missing_branches": 2}, "missing_lines": [374, 375, 376, 377], "excluded_lines": [], "executed_branches": [], "missing_branches": [[375, 376], [375, 377]]}, "GatedWorkflow._validate_tasks": {"executed_lines": [], "summary": {"covered_lines": 0, "num_statements": 6, "percent_covered": 0.0, "percent_covered_display": "0.00", "missing_lines": 6, "excluded_lines": 0, "num_branches": 2, "num_partial_branches": 0, "covered_branches": 0, "missing_branches": 2}, "missing_lines": [381, 382, 386, 388, 389, 390], "excluded_lines": [], "executed_branches": [], "missing_branches": [[388, 389], [388, 390]]}, "GatedWorkflow._validate_implementation": {"executed_lines": [], "summary": {"covered_lines": 0, "num_statements": 8, "percent_covered": 0.0, "percent_covered_display": "0.00", "missing_lines": 8, "excluded_lines": 0, "num_branches": 4, "num_partial_branches": 0, "covered_branches": 0, "missing_branches": 4}, "missing_lines": [396, 398, 401, 407, 408, 409, 410, 412], "excluded_lines": [], "executed_branches": [], "missing_branches": [[407, 408], [407, 412], [409, 407], [409, 410]]}, "GatedWorkflow._validate_validation": {"executed_lines": [], "summary": {"covered_lines": 0, "num_statements": 5, "percent_covered": 0.0, "percent_covered_display": "0.00", "missing_lines": 5, "excluded_lines": 0, "num_branches": 2, "num_partial_branches": 0, "covered_branches": 0, "missing_branches": 2}, "missing_lines": [417, 419, 420, 422, 423], "excluded_lines": [], "executed_branches": [], "missing_branches": [[419, 420], [419, 422]]}, "GatedWorkflow._validate_completion": {"executed_lines": [], "summary": {"covered_lines": 0, "num_statements": 7, "percent_covered": 0.0, "percent_covered_display": "0.00", "missing_lines": 7, "excluded_lines": 0, "num_branches": 6, "num_partial_branches": 0, "covered_branches": 0, "missing_branches": 6}, "missing_lines": [428, 429, 430, 431, 432, 433, 435], "excluded_lines": [], "executed_branches": [], "missing_branches": [[428, 429], [428, 435], [430, 428], [430, 431], [432, 428], [432, 433]]}, "GatedWorkflow.get_workflow_status": {"executed_lines": [], "summary": {"covered_lines": 0, "num_statements": 10, "percent_covered": 0.0, "percent_covered_display": "0.00", "missing_lines": 10, "excluded_lines": 0, "num_branches": 2, "num_partial_branches": 0, "covered_branches": 0, "missing_branches": 2}, "missing_lines": [439, 440, 441, 443, 446, 455, 461, 465, 468, 482], "excluded_lines": [], "executed_branches": [], "missing_branches": [[440, 441], [440, 443]]}, "GatedWorkflow.enforce_linear_flow": {"executed_lines": [], "summary": {"covered_lines": 0, "num_statements": 9, "percent_covered": 0.0, "percent_covered_display": "0.00", "missing_lines": 9, "excluded_lines": 0, "num_branches": 6, "num_partial_branches": 0, "covered_branches": 0, "missing_branches": 6}, "missing_lines": [489, 491, 492, 495, 505, 507, 508, 509, 511], "excluded_lines": [], "executed_branches": [], "missing_branches": [[491, 492], [491, 495], [507, 508], [507, 511], [508, 509], [508, 511]]}, "": {"executed_lines": [1, 6, 7, 8, 9, 10, 11, 14, 15, 16, 17, 18, 19, 20, 21, 22, 23, 26, 27, 32, 61, 117, 179, 192, 210, 267, 287, 297, 314, 346, 357, 365, 372, 379, 392, 414, 425, 437, 484], "summary": {"covered_lines": 36, "num_statements": 36, "percent_covered": 100.0, "percent_covered_display": "100.00", "missing_lines": 0, "excluded_lines": 0, "num_branches": 0, "num_partial_branches": 0, "covered_branches": 0, "missing_branches": 0}, "missing_lines": [], "excluded_lines": [], "executed_branches": [], "missing_branches": []}}, "classes": {"WorkflowState": {"executed_lines": [], "summary": {"covered_lines": 0, "num_statements": 0, "percent_covered": 100.0, "percent_covered_display": "100.00", "missing_lines": 0, "excluded_lines": 0, "num_branches": 0, "num_partial_branches": 0, "covered_branches": 0, "missing_branches": 0}, "missing_lines": [], "excluded_lines": [], "executed_branches": [], "missing_branches": []}, "GatedWorkflow": {"executed_lines": [33, 34, 35, 38, 50, 63, 65, 114, 115], "summary": {"covered_lines": 9, "num_statements": 156, "percent_covered": 4.166666666666667, "percent_covered_display": "4.17", "missing_lines": 147, "excluded_lines": 0, "num_branches": 60, "num_partial_branches": 0, "covered_branches": 0, "missing_branches": 60}, "missing_lines": [122, 125, 129, 130, 131, 134, 139, 140, 143, 145, 146, 147, 148, 150, 155, 156, 159, 165, 172, 174, 175, 177, 181, 182, 186, 188, 189, 190, 197, 198, 199, 202, 203, 204, 205, 206, 208, 216, 217, 222, 223, 224, 227, 228, 230, 235, 236, 237, 240, 241, 243, 244, 245, 247, 250, 257, 262, 263, 265, 272, 273, 275, 281, 282, 283, 285, 289, 290, 294, 295, 299, 300, 307, 309, 319, 322, 330, 331, 332, 338, 339, 340, 342, 349, 350, 351, 352, 353, 354, 355, 360, 361, 362, 363, 367, 368, 369, 370, 374, 375, 376, 377, 381, 382, 386, 388, 389, 390, 396, 398, 401, 407, 408, 409, 410, 412, 417, 419, 420, 422, 423, 428, 429, 430, 431, 432, 433, 435, 439, 440, 441, 443, 446, 455, 461, 465, 468, 482, 489, 491, 492, 495, 505, 507, 508, 509, 511], "excluded_lines": [], "executed_branches": [], "missing_branches": [[129, 130], [129, 134], [139, 140], [139, 165], [143, 145], [143, 159], [145, 146], [145, 159], [148, 150], [148, 155], [188, 189], [188, 190], [198, 199], [198, 202], [203, 204], [203, 208], [205, 206], [205, 208], [222, 223], [222, 227], [228, 230], [228, 240], [243, 244], [243, 247], [330, 331], [330, 342], [350, 351], [350, 355], [351, 350], [351, 352], [352, 353], [352, 354], [361, 362], [361, 363], [368, 369], [368, 370], [375, 376], [375, 377], [388, 389], [388, 390], [407, 408], [407, 412], [409, 407], [409, 410], [419, 420], [419, 422], [428, 429], [428, 435], [430, 428], [430, 431], [432, 428], [432, 433], [440, 441], [440, 443], [491, 492], [491, 495], [507, 508], [507, 511], [508, 509], [508, 511]]}, "": {"executed_lines": [1, 6, 7, 8, 9, 10, 11, 14, 15, 16, 17, 18, 19, 20, 21, 22, 23, 26, 27, 32, 61, 117, 179, 192, 210, 267, 287, 297, 314, 346, 357, 365, 372, 379, 392, 414, 425, 437, 484], "summary": {"covered_lines": 36, "num_statements": 36, "percent_covered": 100.0, "percent_covered_display": "100.00", "missing_lines": 0, "excluded_lines": 0, "num_branches": 0, "num_partial_branches": 0, "covered_branches": 0, "missing_branches": 0}, "missing_lines": [], "excluded_lines": [], "executed_branches": [], "missing_branches": []}}}}, "totals": {"covered_lines": 308, "num_statements": 3220, "percent_covered": 7.720420283234353, "percent_covered_display": "7.72", "missing_lines": 2912, "excluded_lines": 3, "num_branches": 1158, "num_partial_branches": 18, "covered_branches": 30, "missing_branches": 1128}}