{"meta": {"format": 3, "version": "7.10.2", "timestamp": "2025-09-22T13:18:32.542964", "branch_coverage": true, "show_contexts": false}, "files": {"src/rfd/__init__.py": {"executed_lines": [1, 8, 9, 10, 11, 13, 14, 15, 16, 17, 19], "summary": {"covered_lines": 10, "num_statements": 10, "percent_covered": 100.0, "percent_covered_display": "100.00", "missing_lines": 0, "excluded_lines": 0, "num_branches": 0, "num_partial_branches": 0, "covered_branches": 0, "missing_branches": 0}, "missing_lines": [], "excluded_lines": [], "executed_branches": [], "missing_branches": [], "functions": {"": {"executed_lines": [1, 8, 9, 10, 11, 13, 14, 15, 16, 17, 19], "summary": {"covered_lines": 10, "num_statements": 10, "percent_covered": 100.0, "percent_covered_display": "100.00", "missing_lines": 0, "excluded_lines": 0, "num_branches": 0, "num_partial_branches": 0, "covered_branches": 0, "missing_branches": 0}, "missing_lines": [], "excluded_lines": [], "executed_branches": [], "missing_branches": []}}, "classes": {"": {"executed_lines": [1, 8, 9, 10, 11, 13, 14, 15, 16, 17, 19], "summary": {"covered_lines": 10, "num_statements": 10, "percent_covered": 100.0, "percent_covered_display": "100.00", "missing_lines": 0, "excluded_lines": 0, "num_branches": 0, "num_partial_branches": 0, "covered_branches": 0, "missing_branches": 0}, "missing_lines": [], "excluded_lines": [], "executed_branches": [], "missing_branches": []}}}, "src/rfd/build.py": {"executed_lines": [1, 6, 7, 8, 9, 11, 12, 13, 14, 15, 17, 33, 51, 67, 100, 122, 133, 151, 169, 257, 274, 286, 297, 308, 320], "summary": {"covered_lines": 24, "num_statements": 168, "percent_covered": 10.084033613445378, "percent_covered_display": "10.08", "missing_lines": 144, "excluded_lines": 0, "num_branches": 70, "num_partial_branches": 0, "covered_branches": 0, "missing_branches": 70}, "missing_lines": [20, 21, 22, 25, 26, 27, 28, 31, 35, 37, 38, 39, 40, 41, 42, 43, 44, 45, 46, 49, 54, 55, 56, 57, 60, 61, 62, 63, 65, 69, 86, 87, 88, 89, 90, 91, 92, 93, 94, 95, 96, 98, 102, 108, 109, 110, 111, 112, 113, 114, 115, 116, 117, 118, 120, 124, 125, 126, 127, 128, 129, 131, 135, 136, 137, 138, 140, 141, 145, 146, 153, 154, 155, 156, 158, 159, 163, 164, 172, 189, 190, 192, 200, 202, 203, 204, 205, 206, 207, 208, 209, 210, 211, 212, 213, 214, 215, 217, 220, 228, 230, 231, 232, 237, 243, 248, 249, 252, 259, 260, 267, 271, 272, 277, 278, 279, 280, 281, 282, 283, 284, 288, 289, 290, 294, 295, 299, 300, 301, 305, 306, 311, 312, 313, 314, 315, 316, 317, 318, 322, 323, 324, 325, 326], "excluded_lines": [], "executed_branches": [], "missing_branches": [[21, 22], [21, 25], [25, 26], [25, 27], [27, 28], [27, 31], [37, 38], [37, 39], [39, 40], [39, 41], [41, 42], [41, 43], [43, 44], [43, 45], [45, 46], [45, 49], [55, 56], [55, 60], [60, 61], [60, 62], [62, 63], [62, 65], [86, 87], [86, 98], [90, 91], [90, 94], [108, 109], [108, 120], [112, 113], [112, 116], [124, 125], [124, 126], [126, 127], [126, 128], [128, 129], [128, 131], [189, 190], [189, 252], [200, 189], [200, 202], [202, 203], [202, 204], [204, 205], [204, 206], [206, 207], [206, 208], [208, 209], [208, 210], [210, 211], [210, 212], [212, 213], [212, 214], [214, 215], [214, 217], [228, 230], [228, 243], [231, 232], [231, 237], [277, 278], [277, 284], [280, 277], [280, 281], [311, 312], [311, 318], [314, 311], [314, 315], [323, 324], [323, 326], [324, 323], [324, 325]], "functions": {"BuildEngine.__init__": {"executed_lines": [13, 14, 15], "summary": {"covered_lines": 3, "num_statements": 3, "percent_covered": 100.0, "percent_covered_display": "100.00", "missing_lines": 0, "excluded_lines": 0, "num_branches": 0, "num_partial_branches": 0, "covered_branches": 0, "missing_branches": 0}, "missing_lines": [], "excluded_lines": [], "executed_branches": [], "missing_branches": []}, "BuildEngine.get_status": {"executed_lines": [], "summary": {"covered_lines": 0, "num_statements": 8, "percent_covered": 0.0, "percent_covered_display": "0.00", "missing_lines": 8, "excluded_lines": 0, "num_branches": 6, "num_partial_branches": 0, "covered_branches": 0, "missing_branches": 6}, "missing_lines": [20, 21, 22, 25, 26, 27, 28, 31], "excluded_lines": [], "executed_branches": [], "missing_branches": [[21, 22], [21, 25], [25, 26], [25, 27], [27, 28], [27, 31]]}, "BuildEngine.compile": {"executed_lines": [], "summary": {"covered_lines": 0, "num_statements": 12, "percent_covered": 0.0, "percent_covered_display": "0.00", "missing_lines": 12, "excluded_lines": 0, "num_branches": 10, "num_partial_branches": 0, "covered_branches": 0, "missing_branches": 10}, "missing_lines": [35, 37, 38, 39, 40, 41, 42, 43, 44, 45, 46, 49], "excluded_lines": [], "executed_branches": [], "missing_branches": [[37, 38], [37, 39], [39, 40], [39, 41], [41, 42], [41, 43], [43, 44], [43, 45], [45, 46], [45, 49]]}, "BuildEngine.build_feature": {"executed_lines": [], "summary": {"covered_lines": 0, "num_statements": 9, "percent_covered": 0.0, "percent_covered_display": "0.00", "missing_lines": 9, "excluded_lines": 0, "num_branches": 6, "num_partial_branches": 0, "covered_branches": 0, "missing_branches": 6}, "missing_lines": [54, 55, 56, 57, 60, 61, 62, 63, 65], "excluded_lines": [], "executed_branches": [], "missing_branches": [[55, 56], [55, 60], [60, 61], [60, 62], [62, 63], [62, 65]]}, "BuildEngine._build_python": {"executed_lines": [], "summary": {"covered_lines": 0, "num_statements": 13, "percent_covered": 0.0, "percent_covered_display": "0.00", "missing_lines": 13, "excluded_lines": 0, "num_branches": 4, "num_partial_branches": 0, "covered_branches": 0, "missing_branches": 4}, "missing_lines": [69, 86, 87, 88, 89, 90, 91, 92, 93, 94, 95, 96, 98], "excluded_lines": [], "executed_branches": [], "missing_branches": [[86, 87], [86, 98], [90, 91], [90, 94]]}, "BuildEngine._build_javascript": {"executed_lines": [], "summary": {"covered_lines": 0, "num_statements": 13, "percent_covered": 0.0, "percent_covered_display": "0.00", "missing_lines": 13, "excluded_lines": 0, "num_branches": 4, "num_partial_branches": 0, "covered_branches": 0, "missing_branches": 4}, "missing_lines": [102, 108, 109, 110, 111, 112, 113, 114, 115, 116, 117, 118, 120], "excluded_lines": [], "executed_branches": [], "missing_branches": [[108, 109], [108, 120], [112, 113], [112, 116]]}, "BuildEngine._get_start_command": {"executed_lines": [], "summary": {"covered_lines": 0, "num_statements": 7, "percent_covered": 0.0, "percent_covered_display": "0.00", "missing_lines": 7, "excluded_lines": 0, "num_branches": 6, "num_partial_branches": 0, "covered_branches": 0, "missing_branches": 6}, "missing_lines": [124, 125, 126, 127, 128, 129, 131], "excluded_lines": [], "executed_branches": [], "missing_branches": [[124, 125], [124, 126], [126, 127], [126, 128], [128, 129], [128, 131]]}, "BuildEngine._check_fastapi": {"executed_lines": [], "summary": {"covered_lines": 0, "num_statements": 8, "percent_covered": 0.0, "percent_covered_display": "0.00", "missing_lines": 8, "excluded_lines": 0, "num_branches": 0, "num_partial_branches": 0, "covered_branches": 0, "missing_branches": 0}, "missing_lines": [135, 136, 137, 138, 140, 141, 145, 146], "excluded_lines": [], "executed_branches": [], "missing_branches": []}, "BuildEngine._check_express": {"executed_lines": [], "summary": {"covered_lines": 0, "num_statements": 8, "percent_covered": 0.0, "percent_covered_display": "0.00", "missing_lines": 8, "excluded_lines": 0, "num_branches": 0, "num_partial_branches": 0, "covered_branches": 0, "missing_branches": 0}, "missing_lines": [153, 154, 155, 156, 158, 159, 163, 164], "excluded_lines": [], "executed_branches": [], "missing_branches": []}, "BuildEngine._check_tests": {"executed_lines": [], "summary": {"covered_lines": 0, "num_statements": 30, "percent_covered": 0.0, "percent_covered_display": "0.00", "missing_lines": 30, "excluded_lines": 0, "num_branches": 22, "num_partial_branches": 0, "covered_branches": 0, "missing_branches": 22}, "missing_lines": [172, 189, 190, 192, 200, 202, 203, 204, 205, 206, 207, 208, 209, 210, 211, 212, 213, 214, 215, 217, 220, 228, 230, 231, 232, 237, 243, 248, 249, 252], "excluded_lines": [], "executed_branches": [], "missing_branches": [[189, 190], [189, 252], [200, 189], [200, 202], [202, 203], [202, 204], [204, 205], [204, 206], [206, 207], [206, 208], [208, 209], [208, 210], [210, 211], [210, 212], [212, 213], [212, 214], [214, 215], [214, 217], [228, 230], [228, 243], [231, 232], [231, 237]]}, "BuildEngine._compile_python": {"executed_lines": [], "summary": {"covered_lines": 0, "num_statements": 5, "percent_covered": 0.0, "percent_covered_display": "0.00", "missing_lines": 5, "excluded_lines": 0, "num_branches": 0, "num_partial_branches": 0, "covered_branches": 0, "missing_branches": 0}, "missing_lines": [259, 260, 267, 271, 272], "excluded_lines": [], "executed_branches": [], "missing_branches": []}, "BuildEngine._compile_javascript": {"executed_lines": [], "summary": {"covered_lines": 0, "num_statements": 8, "percent_covered": 0.0, "percent_covered_display": "0.00", "missing_lines": 8, "excluded_lines": 0, "num_branches": 4, "num_partial_branches": 0, "covered_branches": 0, "missing_branches": 4}, "missing_lines": [277, 278, 279, 280, 281, 282, 283, 284], "excluded_lines": [], "executed_branches": [], "missing_branches": [[277, 278], [277, 284], [280, 277], [280, 281]]}, "BuildEngine._compile_go": {"executed_lines": [], "summary": {"covered_lines": 0, "num_statements": 5, "percent_covered": 0.0, "percent_covered_display": "0.00", "missing_lines": 5, "excluded_lines": 0, "num_branches": 0, "num_partial_branches": 0, "covered_branches": 0, "missing_branches": 0}, "missing_lines": [288, 289, 290, 294, 295], "excluded_lines": [], "executed_branches": [], "missing_branches": []}, "BuildEngine._compile_rust": {"executed_lines": [], "summary": {"covered_lines": 0, "num_statements": 5, "percent_covered": 0.0, "percent_covered_display": "0.00", "missing_lines": 5, "excluded_lines": 0, "num_branches": 0, "num_partial_branches": 0, "covered_branches": 0, "missing_branches": 0}, "missing_lines": [299, 300, 301, 305, 306], "excluded_lines": [], "executed_branches": [], "missing_branches": []}, "BuildEngine._compile_c": {"executed_lines": [], "summary": {"covered_lines": 0, "num_statements": 8, "percent_covered": 0.0, "percent_covered_display": "0.00", "missing_lines": 8, "excluded_lines": 0, "num_branches": 4, "num_partial_branches": 0, "covered_branches": 0, "missing_branches": 4}, "missing_lines": [311, 312, 313, 314, 315, 316, 317, 318], "excluded_lines": [], "executed_branches": [], "missing_branches": [[311, 312], [311, 318], [314, 311], [314, 315]]}, "BuildEngine._get_feature": {"executed_lines": [], "summary": {"covered_lines": 0, "num_statements": 5, "percent_covered": 0.0, "percent_covered_display": "0.00", "missing_lines": 5, "excluded_lines": 0, "num_branches": 4, "num_partial_branches": 0, "covered_branches": 0, "missing_branches": 4}, "missing_lines": [322, 323, 324, 325, 326], "excluded_lines": [], "executed_branches": [], "missing_branches": [[323, 324], [323, 326], [324, 323], [324, 325]]}, "": {"executed_lines": [1, 6, 7, 8, 9, 11, 12, 17, 33, 51, 67, 100, 122, 133, 151, 169, 257, 274, 286, 297, 308, 320], "summary": {"covered_lines": 21, "num_statements": 21, "percent_covered": 100.0, "percent_covered_display": "100.00", "missing_lines": 0, "excluded_lines": 0, "num_branches": 0, "num_partial_branches": 0, "covered_branches": 0, "missing_branches": 0}, "missing_lines": [], "excluded_lines": [], "executed_branches": [], "missing_branches": []}}, "classes": {"BuildEngine": {"executed_lines": [13, 14, 15], "summary": {"covered_lines": 3, "num_statements": 147, "percent_covered": 1.3824884792626728, "percent_covered_display": "1.38", "missing_lines": 144, "excluded_lines": 0, "num_branches": 70, "num_partial_branches": 0, "covered_branches": 0, "missing_branches": 70}, "missing_lines": [20, 21, 22, 25, 26, 27, 28, 31, 35, 37, 38, 39, 40, 41, 42, 43, 44, 45, 46, 49, 54, 55, 56, 57, 60, 61, 62, 63, 65, 69, 86, 87, 88, 89, 90, 91, 92, 93, 94, 95, 96, 98, 102, 108, 109, 110, 111, 112, 113, 114, 115, 116, 117, 118, 120, 124, 125, 126, 127, 128, 129, 131, 135, 136, 137, 138, 140, 141, 145, 146, 153, 154, 155, 156, 158, 159, 163, 164, 172, 189, 190, 192, 200, 202, 203, 204, 205, 206, 207, 208, 209, 210, 211, 212, 213, 214, 215, 217, 220, 228, 230, 231, 232, 237, 243, 248, 249, 252, 259, 260, 267, 271, 272, 277, 278, 279, 280, 281, 282, 283, 284, 288, 289, 290, 294, 295, 299, 300, 301, 305, 306, 311, 312, 313, 314, 315, 316, 317, 318, 322, 323, 324, 325, 326], "excluded_lines": [], "executed_branches": [], "missing_branches": [[21, 22], [21, 25], [25, 26], [25, 27], [27, 28], [27, 31], [37, 38], [37, 39], [39, 40], [39, 41], [41, 42], [41, 43], [43, 44], [43, 45], [45, 46], [45, 49], [55, 56], [55, 60], [60, 61], [60, 62], [62, 63], [62, 65], [86, 87], [86, 98], [90, 91], [90, 94], [108, 109], [108, 120], [112, 113], [112, 116], [124, 125], [124, 126], [126, 127], [126, 128], [128, 129], [128, 131], [189, 190], [189, 252], [200, 189], [200, 202], [202, 203], [202, 204], [204, 205], [204, 206], [206, 207], [206, 208], [208, 209], [208, 210], [210, 211], [210, 212], [212, 213], [212, 214], [214, 215], [214, 217], [228, 230], [228, 243], [231, 232], [231, 237], [277, 278], [277, 284], [280, 277], [280, 281], [311, 312], [311, 318], [314, 311], [314, 315], [323, 324], [323, 326], [324, 323], [324, 325]]}, "": {"executed_lines": [1, 6, 7, 8, 9, 11, 12, 17, 33, 51, 67, 100, 122, 133, 151, 169, 257, 274, 286, 297, 308, 320], "summary": {"covered_lines": 21, "num_statements": 21, "percent_covered": 100.0, "percent_covered_display": "100.00", "missing_lines": 0, "excluded_lines": 0, "num_branches": 0, "num_partial_branches": 0, "covered_branches": 0, "missing_branches": 0}, "missing_lines": [], "excluded_lines": [], "executed_branches": [], "missing_branches": []}}}, "src/rfd/cli.py": {"executed_lines": [], "summary": {"covered_lines": 0, "num_statements": 153, "percent_covered": 0.0, "percent_covered_display": "0.00", "missing_lines": 153, "excluded_lines": 2, "num_branches": 30, "num_partial_branches": 0, "covered_branches": 0, "missing_branches": 30}, "missing_lines": [7, 8, 9, 10, 11, 12, 13, 14, 15, 17, 19, 20, 21, 23, 25, 26, 27, 29, 32, 35, 36, 37, 40, 41, 42, 45, 46, 47, 49, 50, 52, 53, 54, 55, 57, 58, 59, 60, 61, 62, 64, 65, 66, 67, 69, 70, 72, 73, 74, 76, 77, 79, 80, 81, 83, 85, 86, 87, 88, 89, 91, 92, 94, 95, 97, 98, 99, 101, 104, 107, 108, 111, 112, 115, 116, 117, 120, 121, 122, 123, 126, 128, 129, 130, 132, 134, 135, 136, 137, 139, 140, 141, 142, 143, 144, 145, 146, 148, 149, 150, 151, 153, 154, 155, 157, 158, 159, 160, 163, 164, 167, 168, 172, 173, 176, 177, 189, 192, 193, 194, 195, 196, 197, 199, 201, 202, 203, 205, 207, 208, 210, 212, 213, 214, 216, 218, 219, 220, 222, 223, 224, 225, 227, 228, 229, 231, 232, 233, 235, 237, 301, 303, 305], "excluded_lines": [307, 308], "executed_branches": [], "missing_branches": [[35, 36], [35, 40], [40, 41], [40, 45], [45, 46], [45, 49], [57, 58], [57, 59], [59, 60], [59, 61], [61, -52], [61, 62], [69, 70], [69, 72], [72, 73], [72, 76], [79, 80], [79, 83], [94, -85], [94, 95], [116, 117], [116, 120], [121, 122], [121, 126], [154, -148], [154, 155], [207, 208], [207, 210], [223, -218], [223, 224]], "functions": {"cli": {"executed_lines": [], "summary": {"covered_lines": 0, "num_statements": 1, "percent_covered": 0.0, "percent_covered_display": "0.00", "missing_lines": 1, "excluded_lines": 0, "num_branches": 0, "num_partial_branches": 0, "covered_branches": 0, "missing_branches": 0}, "missing_lines": [23], "excluded_lines": [], "executed_branches": [], "missing_branches": []}, "init": {"executed_lines": [], "summary": {"covered_lines": 0, "num_statements": 13, "percent_covered": 0.0, "percent_covered_display": "0.00", "missing_lines": 13, "excluded_lines": 0, "num_branches": 6, "num_partial_branches": 0, "covered_branches": 0, "missing_branches": 6}, "missing_lines": [29, 32, 35, 36, 37, 40, 41, 42, 45, 46, 47, 49, 50], "excluded_lines": [], "executed_branches": [], "missing_branches": [[35, 36], [35, 40], [40, 41], [40, 45], [45, 46], [45, 49]]}, "spec": {"executed_lines": [], "summary": {"covered_lines": 0, "num_statements": 6, "percent_covered": 0.0, "percent_covered_display": "0.00", "missing_lines": 6, "excluded_lines": 0, "num_branches": 6, "num_partial_branches": 0, "covered_branches": 0, "missing_branches": 6}, "missing_lines": [57, 58, 59, 60, 61, 62], "excluded_lines": [], "executed_branches": [], "missing_branches": [[57, 58], [57, 59], [59, 60], [59, 61], [61, -52], [61, 62]]}, "build": {"executed_lines": [], "summary": {"covered_lines": 0, "num_statements": 11, "percent_covered": 0.0, "percent_covered_display": "0.00", "missing_lines": 11, "excluded_lines": 0, "num_branches": 6, "num_partial_branches": 0, "covered_branches": 0, "missing_branches": 6}, "missing_lines": [69, 70, 72, 73, 74, 76, 77, 79, 80, 81, 83], "excluded_lines": [], "executed_branches": [], "missing_branches": [[69, 70], [69, 72], [72, 73], [72, 76], [79, 80], [79, 83]]}, "validate": {"executed_lines": [], "summary": {"covered_lines": 0, "num_statements": 4, "percent_covered": 0.0, "percent_covered_display": "0.00", "missing_lines": 4, "excluded_lines": 0, "num_branches": 2, "num_partial_branches": 0, "covered_branches": 0, "missing_branches": 2}, "missing_lines": [91, 92, 94, 95], "excluded_lines": [], "executed_branches": [], "missing_branches": [[94, -85], [94, 95]]}, "check": {"executed_lines": [], "summary": {"covered_lines": 0, "num_statements": 14, "percent_covered": 0.0, "percent_covered_display": "0.00", "missing_lines": 14, "excluded_lines": 0, "num_branches": 4, "num_partial_branches": 0, "covered_branches": 0, "missing_branches": 4}, "missing_lines": [101, 104, 107, 108, 111, 112, 115, 116, 117, 120, 121, 122, 123, 126], "excluded_lines": [], "executed_branches": [], "missing_branches": [[116, 117], [116, 120], [121, 122], [121, 126]]}, "session": {"executed_lines": [], "summary": {"covered_lines": 0, "num_statements": 1, "percent_covered": 0.0, "percent_covered_display": "0.00", "missing_lines": 1, "excluded_lines": 0, "num_branches": 0, "num_partial_branches": 0, "covered_branches": 0, "missing_branches": 0}, "missing_lines": [132], "excluded_lines": [], "executed_branches": [], "missing_branches": []}, "session_start": {"executed_lines": [], "summary": {"covered_lines": 0, "num_statements": 8, "percent_covered": 0.0, "percent_covered_display": "0.00", "missing_lines": 8, "excluded_lines": 0, "num_branches": 0, "num_partial_branches": 0, "covered_branches": 0, "missing_branches": 0}, "missing_lines": [139, 140, 141, 142, 143, 144, 145, 146], "excluded_lines": [], "executed_branches": [], "missing_branches": []}, "session_end": {"executed_lines": [], "summary": {"covered_lines": 0, "num_statements": 3, "percent_covered": 0.0, "percent_covered_display": "0.00", "missing_lines": 3, "excluded_lines": 0, "num_branches": 2, "num_partial_branches": 0, "covered_branches": 0, "missing_branches": 2}, "missing_lines": [153, 154, 155], "excluded_lines": [], "executed_branches": [], "missing_branches": [[154, -148], [154, 155]]}, "checkpoint": {"executed_lines": [], "summary": {"covered_lines": 0, "num_statements": 16, "percent_covered": 0.0, "percent_covered_display": "0.00", "missing_lines": 16, "excluded_lines": 0, "num_branches": 0, "num_partial_branches": 0, "covered_branches": 0, "missing_branches": 0}, "missing_lines": [163, 164, 167, 168, 172, 173, 176, 177, 189, 192, 193, 194, 195, 196, 197, 199], "excluded_lines": [], "executed_branches": [], "missing_branches": []}, "revert": {"executed_lines": [], "summary": {"covered_lines": 0, "num_statements": 4, "percent_covered": 0.0, "percent_covered_display": "0.00", "missing_lines": 4, "excluded_lines": 0, "num_branches": 2, "num_partial_branches": 0, "covered_branches": 0, "missing_branches": 2}, "missing_lines": [205, 207, 208, 210], "excluded_lines": [], "executed_branches": [], "missing_branches": [[207, 208], [207, 210]]}, "memory": {"executed_lines": [], "summary": {"covered_lines": 0, "num_statements": 1, "percent_covered": 0.0, "percent_covered_display": "0.00", "missing_lines": 1, "excluded_lines": 0, "num_branches": 0, "num_partial_branches": 0, "covered_branches": 0, "missing_branches": 0}, "missing_lines": [216], "excluded_lines": [], "executed_branches": [], "missing_branches": []}, "memory_show": {"executed_lines": [], "summary": {"covered_lines": 0, "num_statements": 4, "percent_covered": 0.0, "percent_covered_display": "0.00", "missing_lines": 4, "excluded_lines": 0, "num_branches": 2, "num_partial_branches": 0, "covered_branches": 0, "missing_branches": 2}, "missing_lines": [222, 223, 224, 225], "excluded_lines": [], "executed_branches": [], "missing_branches": [[223, -218], [223, 224]]}, "memory_reset": {"executed_lines": [], "summary": {"covered_lines": 0, "num_statements": 3, "percent_covered": 0.0, "percent_covered_display": "0.00", "missing_lines": 3, "excluded_lines": 0, "num_branches": 0, "num_partial_branches": 0, "covered_branches": 0, "missing_branches": 0}, "missing_lines": [231, 232, 233], "excluded_lines": [], "executed_branches": [], "missing_branches": []}, "create_claude_md": {"executed_lines": [], "summary": {"covered_lines": 0, "num_statements": 2, "percent_covered": 0.0, "percent_covered_display": "0.00", "missing_lines": 2, "excluded_lines": 0, "num_branches": 0, "num_partial_branches": 0, "covered_branches": 0, "missing_branches": 0}, "missing_lines": [237, 301], "excluded_lines": [], "executed_branches": [], "missing_branches": []}, "main": {"executed_lines": [], "summary": {"covered_lines": 0, "num_statements": 1, "percent_covered": 0.0, "percent_covered_display": "0.00", "missing_lines": 1, "excluded_lines": 0, "num_branches": 0, "num_partial_branches": 0, "covered_branches": 0, "missing_branches": 0}, "missing_lines": [305], "excluded_lines": [], "executed_branches": [], "missing_branches": []}, "": {"executed_lines": [], "summary": {"covered_lines": 0, "num_statements": 61, "percent_covered": 0.0, "percent_covered_display": "0.00", "missing_lines": 61, "excluded_lines": 2, "num_branches": 0, "num_partial_branches": 0, "covered_branches": 0, "missing_branches": 0}, "missing_lines": [7, 8, 9, 10, 11, 12, 13, 14, 15, 17, 19, 20, 21, 25, 26, 27, 52, 53, 54, 55, 64, 65, 66, 67, 85, 86, 87, 88, 89, 97, 98, 99, 128, 129, 130, 134, 135, 136, 137, 148, 149, 150, 151, 157, 158, 159, 160, 201, 202, 203, 212, 213, 214, 218, 219, 220, 227, 228, 229, 235, 303], "excluded_lines": [307, 308], "executed_branches": [], "missing_branches": []}}, "classes": {"": {"executed_lines": [], "summary": {"covered_lines": 0, "num_statements": 153, "percent_covered": 0.0, "percent_covered_display": "0.00", "missing_lines": 153, "excluded_lines": 2, "num_branches": 30, "num_partial_branches": 0, "covered_branches": 0, "missing_branches": 30}, "missing_lines": [7, 8, 9, 10, 11, 12, 13, 14, 15, 17, 19, 20, 21, 23, 25, 26, 27, 29, 32, 35, 36, 37, 40, 41, 42, 45, 46, 47, 49, 50, 52, 53, 54, 55, 57, 58, 59, 60, 61, 62, 64, 65, 66, 67, 69, 70, 72, 73, 74, 76, 77, 79, 80, 81, 83, 85, 86, 87, 88, 89, 91, 92, 94, 95, 97, 98, 99, 101, 104, 107, 108, 111, 112, 115, 116, 117, 120, 121, 122, 123, 126, 128, 129, 130, 132, 134, 135, 136, 137, 139, 140, 141, 142, 143, 144, 145, 146, 148, 149, 150, 151, 153, 154, 155, 157, 158, 159, 160, 163, 164, 167, 168, 172, 173, 176, 177, 189, 192, 193, 194, 195, 196, 197, 199, 201, 202, 203, 205, 207, 208, 210, 212, 213, 214, 216, 218, 219, 220, 222, 223, 224, 225, 227, 228, 229, 231, 232, 233, 235, 237, 301, 303, 305], "excluded_lines": [307, 308], "executed_branches": [], "missing_branches": [[35, 36], [35, 40], [40, 41], [40, 45], [45, 46], [45, 49], [57, 58], [57, 59], [59, 60], [59, 61], [61, -52], [61, 62], [69, 70], [69, 72], [72, 73], [72, 76], [79, 80], [79, 83], [94, -85], [94, 95], [116, 117], [116, 120], [121, 122], [121, 126], [154, -148], [154, 155], [207, 208], [207, 210], [223, -218], [223, 224]]}}}, "src/rfd/rfd.py": {"executed_lines": [2, 7, 8, 9, 10, 11, 12, 13, 14, 15, 17, 18, 19, 20, 22, 23, 25, 26, 27, 28, 31, 32, 35, 36, 37, 38, 40, 42, 43, 44, 46, 48, 49, 51, 87, 89, 91, 93, 94, 97, 98, 101, 102, 103, 104, 120, 130, 145, 188], "summary": {"covered_lines": 47, "num_statements": 96, "percent_covered": 46.22641509433962, "percent_covered_display": "46.23", "missing_lines": 49, "excluded_lines": 0, "num_branches": 10, "num_partial_branches": 2, "covered_branches": 2, "missing_branches": 8}, "missing_lines": [95, 105, 106, 109, 110, 111, 112, 113, 114, 115, 118, 122, 132, 133, 134, 143, 148, 149, 152, 153, 157, 158, 161, 162, 163, 175, 177, 180, 181, 182, 183, 184, 185, 186, 190, 191, 194, 201, 202, 208, 209, 211, 214, 215, 216, 217, 218, 219, 221], "excluded_lines": [], "executed_branches": [[94, 97], [103, 104]], "missing_branches": [[94, 95], [103, 109], [112, 113], [112, 118], [201, 202], [201, 208], [208, 209], [208, 211]], "functions": {"RFD.__init__": {"executed_lines": [26, 27, 28, 31, 32, 35, 36, 37, 38], "summary": {"covered_lines": 9, "num_statements": 9, "percent_covered": 100.0, "percent_covered_display": "100.00", "missing_lines": 0, "excluded_lines": 0, "num_branches": 0, "num_partial_branches": 0, "covered_branches": 0, "missing_branches": 0}, "missing_lines": [], "excluded_lines": [], "executed_branches": [], "missing_branches": []}, "RFD._init_structure": {"executed_lines": [42, 43, 44], "summary": {"covered_lines": 3, "num_statements": 3, "percent_covered": 100.0, "percent_covered_display": "100.00", "missing_lines": 0, "excluded_lines": 0, "num_branches": 0, "num_partial_branches": 0, "covered_branches": 0, "missing_branches": 0}, "missing_lines": [], "excluded_lines": [], "executed_branches": [], "missing_branches": []}, "RFD._init_database": {"executed_lines": [48, 49, 51, 87, 89], "summary": {"covered_lines": 5, "num_statements": 5, "percent_covered": 100.0, "percent_covered_display": "100.00", "missing_lines": 0, "excluded_lines": 0, "num_branches": 0, "num_partial_branches": 0, "covered_branches": 0, "missing_branches": 0}, "missing_lines": [], "excluded_lines": [], "executed_branches": [], "missing_branches": []}, "RFD.load_project_spec": {"executed_lines": [93, 94, 97, 98, 101, 102, 103, 104], "summary": {"covered_lines": 8, "num_statements": 19, "percent_covered": 40.0, "percent_covered_display": "40.00", "missing_lines": 11, "excluded_lines": 0, "num_branches": 6, "num_partial_branches": 2, "covered_branches": 2, "missing_branches": 4}, "missing_lines": [95, 105, 106, 109, 110, 111, 112, 113, 114, 115, 118], "excluded_lines": [], "executed_branches": [[94, 97], [103, 104]], "missing_branches": [[94, 95], [103, 109], [112, 113], [112, 118]]}, "RFD.get_current_state": {"executed_lines": [], "summary": {"covered_lines": 0, "num_statements": 1, "percent_covered": 0.0, "percent_covered_display": "0.00", "missing_lines": 1, "excluded_lines": 0, "num_branches": 0, "num_partial_branches": 0, "covered_branches": 0, "missing_branches": 0}, "missing_lines": [122], "excluded_lines": [], "executed_branches": [], "missing_branches": []}, "RFD.get_features_status": {"executed_lines": [], "summary": {"covered_lines": 0, "num_statements": 4, "percent_covered": 0.0, "percent_covered_display": "0.00", "missing_lines": 4, "excluded_lines": 0, "num_branches": 0, "num_partial_branches": 0, "covered_branches": 0, "missing_branches": 0}, "missing_lines": [132, 133, 134, 143], "excluded_lines": [], "executed_branches": [], "missing_branches": []}, "RFD.checkpoint": {"executed_lines": [], "summary": {"covered_lines": 0, "num_statements": 18, "percent_covered": 0.0, "percent_covered_display": "0.00", "missing_lines": 18, "excluded_lines": 0, "num_branches": 0, "num_partial_branches": 0, "covered_branches": 0, "missing_branches": 0}, "missing_lines": [148, 149, 152, 153, 157, 158, 161, 162, 163, 175, 177, 180, 181, 182, 183, 184, 185, 186], "excluded_lines": [], "executed_branches": [], "missing_branches": []}, "RFD.revert_to_last_checkpoint": {"executed_lines": [], "summary": {"covered_lines": 0, "num_statements": 15, "percent_covered": 0.0, "percent_covered_display": "0.00", "missing_lines": 15, "excluded_lines": 0, "num_branches": 4, "num_partial_branches": 0, "covered_branches": 0, "missing_branches": 4}, "missing_lines": [190, 191, 194, 201, 202, 208, 209, 211, 214, 215, 216, 217, 218, 219, 221], "excluded_lines": [], "executed_branches": [], "missing_branches": [[201, 202], [201, 208], [208, 209], [208, 211]]}, "": {"executed_lines": [2, 7, 8, 9, 10, 11, 12, 13, 14, 15, 17, 18, 19, 20, 22, 23, 25, 40, 46, 91, 120, 130, 145, 188], "summary": {"covered_lines": 22, "num_statements": 22, "percent_covered": 100.0, "percent_covered_display": "100.00", "missing_lines": 0, "excluded_lines": 0, "num_branches": 0, "num_partial_branches": 0, "covered_branches": 0, "missing_branches": 0}, "missing_lines": [], "excluded_lines": [], "executed_branches": [], "missing_branches": []}}, "classes": {"RFD": {"executed_lines": [26, 27, 28, 31, 32, 35, 36, 37, 38, 42, 43, 44, 48, 49, 51, 87, 89, 93, 94, 97, 98, 101, 102, 103, 104], "summary": {"covered_lines": 25, "num_statements": 74, "percent_covered": 32.142857142857146, "percent_covered_display": "32.14", "missing_lines": 49, "excluded_lines": 0, "num_branches": 10, "num_partial_branches": 2, "covered_branches": 2, "missing_branches": 8}, "missing_lines": [95, 105, 106, 109, 110, 111, 112, 113, 114, 115, 118, 122, 132, 133, 134, 143, 148, 149, 152, 153, 157, 158, 161, 162, 163, 175, 177, 180, 181, 182, 183, 184, 185, 186, 190, 191, 194, 201, 202, 208, 209, 211, 214, 215, 216, 217, 218, 219, 221], "excluded_lines": [], "executed_branches": [[94, 97], [103, 104]], "missing_branches": [[94, 95], [103, 109], [112, 113], [112, 118], [201, 202], [201, 208], [208, 209], [208, 211]]}, "": {"executed_lines": [2, 7, 8, 9, 10, 11, 12, 13, 14, 15, 17, 18, 19, 20, 22, 23, 25, 40, 46, 91, 120, 130, 145, 188], "summary": {"covered_lines": 22, "num_statements": 22, "percent_covered": 100.0, "percent_covered_display": "100.00", "missing_lines": 0, "excluded_lines": 0, "num_branches": 0, "num_partial_branches": 0, "covered_branches": 0, "missing_branches": 0}, "missing_lines": [], "excluded_lines": [], "executed_branches": [], "missing_branches": []}}}, "src/rfd/session.py": {"executed_lines": [1, 6, 7, 8, 9, 10, 12, 13, 15, 70, 72, 73, 75, 79, 134, 161, 195, 199, 203, 218, 243, 314, 336, 345, 356], "summary": {"covered_lines": 24, "num_statements": 143, "percent_covered": 13.66120218579235, "percent_covered_display": "13.66", "missing_lines": 119, "excluded_lines": 0, "num_branches": 40, "num_partial_branches": 1, "covered_branches": 1, "missing_branches": 39}, "missing_lines": [17, 19, 20, 21, 22, 23, 24, 26, 27, 29, 31, 32, 33, 65, 66, 68, 77, 82, 83, 86, 87, 88, 89, 92, 93, 96, 97, 100, 101, 102, 106, 107, 109, 111, 119, 120, 121, 125, 127, 130, 132, 136, 137, 139, 142, 143, 150, 151, 156, 158, 159, 164, 165, 168, 169, 170, 177, 179, 180, 182, 187, 188, 190, 192, 197, 201, 205, 206, 209, 210, 216, 220, 223, 224, 227, 228, 231, 232, 238, 239, 241, 245, 248, 249, 250, 251, 252, 254, 255, 258, 261, 282, 283, 284, 286, 304, 305, 308, 309, 312, 316, 319, 320, 322, 329, 330, 331, 334, 338, 339, 343, 347, 348, 352, 353, 354, 358, 359, 365], "excluded_lines": [], "executed_branches": [[15, 70]], "missing_branches": [[15, 17], [86, 87], [86, 92], [87, 86], [87, 88], [92, 93], [92, 96], [96, 97], [96, 100], [136, 137], [136, 139], [150, 151], [150, 156], [164, 165], [164, 168], [179, 180], [179, 192], [205, 206], [205, 209], [223, 224], [223, 227], [227, 228], [227, 231], [238, 239], [238, 241], [249, 250], [249, 254], [250, 249], [250, 251], [254, 255], [254, 258], [282, 283], [282, 286], [304, 305], [304, 308], [319, 320], [319, 322], [352, 353], [352, 354]], "functions": {"SessionManager.__init__": {"executed_lines": [15, 70, 72, 73], "summary": {"covered_lines": 4, "num_statements": 10, "percent_covered": 41.666666666666664, "percent_covered_display": "41.67", "missing_lines": 6, "excluded_lines": 0, "num_branches": 2, "num_partial_branches": 1, "covered_branches": 1, "missing_branches": 1}, "missing_lines": [17, 19, 20, 26, 29, 68], "excluded_lines": [], "executed_branches": [[15, 70]], "missing_branches": [[15, 17]]}, "SessionManager.__init__.MockRFD.__init__": {"executed_lines": [], "summary": {"covered_lines": 0, "num_statements": 4, "percent_covered": 0.0, "percent_covered_display": "0.00", "missing_lines": 4, "excluded_lines": 0, "num_branches": 0, "num_partial_branches": 0, "covered_branches": 0, "missing_branches": 0}, "missing_lines": [21, 22, 23, 24], "excluded_lines": [], "executed_branches": [], "missing_branches": []}, "SessionManager.__init__.MockRFD.load_project_spec": {"executed_lines": [], "summary": {"covered_lines": 0, "num_statements": 1, "percent_covered": 0.0, "percent_covered_display": "0.00", "missing_lines": 1, "excluded_lines": 0, "num_branches": 0, "num_partial_branches": 0, "covered_branches": 0, "missing_branches": 0}, "missing_lines": [27], "excluded_lines": [], "executed_branches": [], "missing_branches": []}, "SessionManager.__init__.MockRFD._init_database": {"executed_lines": [], "summary": {"covered_lines": 0, "num_statements": 5, "percent_covered": 0.0, "percent_covered_display": "0.00", "missing_lines": 5, "excluded_lines": 0, "num_branches": 0, "num_partial_branches": 0, "covered_branches": 0, "missing_branches": 0}, "missing_lines": [31, 32, 33, 65, 66], "excluded_lines": [], "executed_branches": [], "missing_branches": []}, "SessionManager.create_session": {"executed_lines": [], "summary": {"covered_lines": 0, "num_statements": 1, "percent_covered": 0.0, "percent_covered_display": "0.00", "missing_lines": 1, "excluded_lines": 0, "num_branches": 0, "num_partial_branches": 0, "covered_branches": 0, "missing_branches": 0}, "missing_lines": [77], "excluded_lines": [], "executed_branches": [], "missing_branches": []}, "SessionManager.start": {"executed_lines": [], "summary": {"covered_lines": 0, "num_statements": 24, "percent_covered": 0.0, "percent_covered_display": "0.00", "missing_lines": 24, "excluded_lines": 0, "num_branches": 8, "num_partial_branches": 0, "covered_branches": 0, "missing_branches": 8}, "missing_lines": [82, 83, 86, 87, 88, 89, 92, 93, 96, 97, 100, 101, 102, 106, 107, 109, 111, 119, 120, 121, 125, 127, 130, 132], "excluded_lines": [], "executed_branches": [], "missing_branches": [[86, 87], [86, 92], [87, 86], [87, 88], [92, 93], [92, 96], [96, 97], [96, 100]]}, "SessionManager.end": {"executed_lines": [], "summary": {"covered_lines": 0, "num_statements": 10, "percent_covered": 0.0, "percent_covered_display": "0.00", "missing_lines": 10, "excluded_lines": 0, "num_branches": 4, "num_partial_branches": 0, "covered_branches": 0, "missing_branches": 4}, "missing_lines": [136, 137, 139, 142, 143, 150, 151, 156, 158, 159], "excluded_lines": [], "executed_branches": [], "missing_branches": [[136, 137], [136, 139], [150, 151], [150, 156]]}, "SessionManager.get_current": {"executed_lines": [], "summary": {"covered_lines": 0, "num_statements": 13, "percent_covered": 0.0, "percent_covered_display": "0.00", "missing_lines": 13, "excluded_lines": 0, "num_branches": 4, "num_partial_branches": 0, "covered_branches": 0, "missing_branches": 4}, "missing_lines": [164, 165, 168, 169, 170, 177, 179, 180, 182, 187, 188, 190, 192], "excluded_lines": [], "executed_branches": [], "missing_branches": [[164, 165], [164, 168], [179, 180], [179, 192]]}, "SessionManager.start_session": {"executed_lines": [], "summary": {"covered_lines": 0, "num_statements": 1, "percent_covered": 0.0, "percent_covered_display": "0.00", "missing_lines": 1, "excluded_lines": 0, "num_branches": 0, "num_partial_branches": 0, "covered_branches": 0, "missing_branches": 0}, "missing_lines": [197], "excluded_lines": [], "executed_branches": [], "missing_branches": []}, "SessionManager.get_current_session": {"executed_lines": [], "summary": {"covered_lines": 0, "num_statements": 1, "percent_covered": 0.0, "percent_covered_display": "0.00", "missing_lines": 1, "excluded_lines": 0, "num_branches": 0, "num_partial_branches": 0, "covered_branches": 0, "missing_branches": 0}, "missing_lines": [201], "excluded_lines": [], "executed_branches": [], "missing_branches": []}, "SessionManager.get_current_feature": {"executed_lines": [], "summary": {"covered_lines": 0, "num_statements": 5, "percent_covered": 0.0, "percent_covered_display": "0.00", "missing_lines": 5, "excluded_lines": 0, "num_branches": 2, "num_partial_branches": 0, "covered_branches": 0, "missing_branches": 2}, "missing_lines": [205, 206, 209, 210, 216], "excluded_lines": [], "executed_branches": [], "missing_branches": [[205, 206], [205, 209]]}, "SessionManager.suggest_next_action": {"executed_lines": [], "summary": {"covered_lines": 0, "num_statements": 10, "percent_covered": 0.0, "percent_covered_display": "0.00", "missing_lines": 10, "excluded_lines": 0, "num_branches": 6, "num_partial_branches": 0, "covered_branches": 0, "missing_branches": 6}, "missing_lines": [220, 223, 224, 227, 228, 231, 232, 238, 239, 241], "excluded_lines": [], "executed_branches": [], "missing_branches": [[223, 224], [223, 227], [227, 228], [227, 231], [238, 239], [238, 241]]}, "SessionManager._generate_context": {"executed_lines": [], "summary": {"covered_lines": 0, "num_statements": 19, "percent_covered": 0.0, "percent_covered_display": "0.00", "missing_lines": 19, "excluded_lines": 0, "num_branches": 10, "num_partial_branches": 0, "covered_branches": 0, "missing_branches": 10}, "missing_lines": [245, 248, 249, 250, 251, 252, 254, 255, 258, 261, 282, 283, 284, 286, 304, 305, 308, 309, 312], "excluded_lines": [], "executed_branches": [], "missing_branches": [[249, 250], [249, 254], [250, 249], [250, 251], [254, 255], [254, 258], [282, 283], [282, 286], [304, 305], [304, 308]]}, "SessionManager._update_memory": {"executed_lines": [], "summary": {"covered_lines": 0, "num_statements": 8, "percent_covered": 0.0, "percent_covered_display": "0.00", "missing_lines": 8, "excluded_lines": 0, "num_branches": 2, "num_partial_branches": 0, "covered_branches": 0, "missing_branches": 2}, "missing_lines": [316, 319, 320, 322, 329, 330, 331, 334], "excluded_lines": [], "executed_branches": [], "missing_branches": [[319, 320], [319, 322]]}, "SessionManager.store_context": {"executed_lines": [], "summary": {"covered_lines": 0, "num_statements": 3, "percent_covered": 0.0, "percent_covered_display": "0.00", "missing_lines": 3, "excluded_lines": 0, "num_branches": 0, "num_partial_branches": 0, "covered_branches": 0, "missing_branches": 0}, "missing_lines": [338, 339, 343], "excluded_lines": [], "executed_branches": [], "missing_branches": []}, "SessionManager.get_context": {"executed_lines": [], "summary": {"covered_lines": 0, "num_statements": 5, "percent_covered": 0.0, "percent_covered_display": "0.00", "missing_lines": 5, "excluded_lines": 0, "num_branches": 2, "num_partial_branches": 0, "covered_branches": 0, "missing_branches": 2}, "missing_lines": [347, 348, 352, 353, 354], "excluded_lines": [], "executed_branches": [], "missing_branches": [[352, 353], [352, 354]]}, "SessionManager.get_session_history": {"executed_lines": [], "summary": {"covered_lines": 0, "num_statements": 3, "percent_covered": 0.0, "percent_covered_display": "0.00", "missing_lines": 3, "excluded_lines": 0, "num_branches": 0, "num_partial_branches": 0, "covered_branches": 0, "missing_branches": 0}, "missing_lines": [358, 359, 365], "excluded_lines": [], "executed_branches": [], "missing_branches": []}, "": {"executed_lines": [1, 6, 7, 8, 9, 10, 12, 13, 75, 79, 134, 161, 195, 199, 203, 218, 243, 314, 336, 345, 356], "summary": {"covered_lines": 20, "num_statements": 20, "percent_covered": 100.0, "percent_covered_display": "100.00", "missing_lines": 0, "excluded_lines": 0, "num_branches": 0, "num_partial_branches": 0, "covered_branches": 0, "missing_branches": 0}, "missing_lines": [], "excluded_lines": [], "executed_branches": [], "missing_branches": []}}, "classes": {"SessionManager": {"executed_lines": [15, 70, 72, 73], "summary": {"covered_lines": 4, "num_statements": 113, "percent_covered": 3.2679738562091503, "percent_covered_display": "3.27", "missing_lines": 109, "excluded_lines": 0, "num_branches": 40, "num_partial_branches": 1, "covered_branches": 1, "missing_branches": 39}, "missing_lines": [17, 19, 20, 26, 29, 68, 77, 82, 83, 86, 87, 88, 89, 92, 93, 96, 97, 100, 101, 102, 106, 107, 109, 111, 119, 120, 121, 125, 127, 130, 132, 136, 137, 139, 142, 143, 150, 151, 156, 158, 159, 164, 165, 168, 169, 170, 177, 179, 180, 182, 187, 188, 190, 192, 197, 201, 205, 206, 209, 210, 216, 220, 223, 224, 227, 228, 231, 232, 238, 239, 241, 245, 248, 249, 250, 251, 252, 254, 255, 258, 261, 282, 283, 284, 286, 304, 305, 308, 309, 312, 316, 319, 320, 322, 329, 330, 331, 334, 338, 339, 343, 347, 348, 352, 353, 354, 358, 359, 365], "excluded_lines": [], "executed_branches": [[15, 70]], "missing_branches": [[15, 17], [86, 87], [86, 92], [87, 86], [87, 88], [92, 93], [92, 96], [96, 97], [96, 100], [136, 137], [136, 139], [150, 151], [150, 156], [164, 165], [164, 168], [179, 180], [179, 192], [205, 206], [205, 209], [223, 224], [223, 227], [227, 228], [227, 231], [238, 239], [238, 241], [249, 250], [249, 254], [250, 249], [250, 251], [254, 255], [254, 258], [282, 283], [282, 286], [304, 305], [304, 308], [319, 320], [319, 322], [352, 353], [352, 354]]}, "SessionManager.__init__.MockRFD": {"executed_lines": [], "summary": {"covered_lines": 0, "num_statements": 10, "percent_covered": 0.0, "percent_covered_display": "0.00", "missing_lines": 10, "excluded_lines": 0, "num_branches": 0, "num_partial_branches": 0, "covered_branches": 0, "missing_branches": 0}, "missing_lines": [21, 22, 23, 24, 27, 31, 32, 33, 65, 66], "excluded_lines": [], "executed_branches": [], "missing_branches": []}, "": {"executed_lines": [1, 6, 7, 8, 9, 10, 12, 13, 75, 79, 134, 161, 195, 199, 203, 218, 243, 314, 336, 345, 356], "summary": {"covered_lines": 20, "num_statements": 20, "percent_covered": 100.0, "percent_covered_display": "100.00", "missing_lines": 0, "excluded_lines": 0, "num_branches": 0, "num_partial_branches": 0, "covered_branches": 0, "missing_branches": 0}, "missing_lines": [], "excluded_lines": [], "executed_branches": [], "missing_branches": []}}}, "src/rfd/spec.py": {"executed_lines": [1, 6, 7, 8, 9, 10, 11, 13, 14, 15, 17, 92, 107, 117, 143, 162, 183], "summary": {"covered_lines": 16, "num_statements": 89, "percent_covered": 13.675213675213675, "percent_covered_display": "13.68", "missing_lines": 73, "excluded_lines": 0, "num_branches": 28, "num_partial_branches": 0, "covered_branches": 0, "missing_branches": 28}, "missing_lines": [19, 22, 23, 26, 31, 32, 38, 39, 40, 41, 43, 44, 45, 47, 55, 56, 59, 78, 79, 82, 84, 85, 87, 90, 94, 102, 109, 119, 126, 127, 128, 133, 134, 141, 145, 146, 148, 149, 160, 164, 166, 167, 168, 169, 170, 173, 174, 175, 177, 178, 180, 181, 185, 187, 188, 189, 192, 193, 194, 195, 196, 199, 200, 201, 202, 203, 204, 207, 208, 209, 212, 213, 214], "excluded_lines": [], "executed_branches": [], "missing_branches": [[39, 40], [39, 55], [40, 41], [40, 43], [78, 79], [78, 82], [126, 127], [126, 141], [127, 128], [127, 133], [133, 126], [133, 134], [148, 149], [148, 160], [167, 168], [167, 173], [168, 167], [168, 169], [173, 174], [173, 177], [177, 178], [177, 180], [200, 201], [200, 207], [208, 209], [208, 212], [213, -183], [213, 214]], "functions": {"SpecEngine.__init__": {"executed_lines": [15], "summary": {"covered_lines": 1, "num_statements": 1, "percent_covered": 100.0, "percent_covered_display": "100.00", "missing_lines": 0, "excluded_lines": 0, "num_branches": 0, "num_partial_branches": 0, "covered_branches": 0, "missing_branches": 0}, "missing_lines": [], "excluded_lines": [], "executed_branches": [], "missing_branches": []}, "SpecEngine.create_interactive": {"executed_lines": [], "summary": {"covered_lines": 0, "num_statements": 24, "percent_covered": 0.0, "percent_covered_display": "0.00", "missing_lines": 24, "excluded_lines": 0, "num_branches": 6, "num_partial_branches": 0, "covered_branches": 0, "missing_branches": 6}, "missing_lines": [19, 22, 23, 26, 31, 32, 38, 39, 40, 41, 43, 44, 45, 47, 55, 56, 59, 78, 79, 82, 84, 85, 87, 90], "excluded_lines": [], "executed_branches": [], "missing_branches": [[39, 40], [39, 55], [40, 41], [40, 43], [78, 79], [78, 82]]}, "SpecEngine._select_framework": {"executed_lines": [], "summary": {"covered_lines": 0, "num_statements": 2, "percent_covered": 0.0, "percent_covered_display": "0.00", "missing_lines": 2, "excluded_lines": 0, "num_branches": 0, "num_partial_branches": 0, "covered_branches": 0, "missing_branches": 0}, "missing_lines": [94, 102], "excluded_lines": [], "executed_branches": [], "missing_branches": []}, "SpecEngine._default_constraints": {"executed_lines": [], "summary": {"covered_lines": 0, "num_statements": 1, "percent_covered": 0.0, "percent_covered_display": "0.00", "missing_lines": 1, "excluded_lines": 0, "num_branches": 0, "num_partial_branches": 0, "covered_branches": 0, "missing_branches": 0}, "missing_lines": [109], "excluded_lines": [], "executed_branches": [], "missing_branches": []}, "SpecEngine._generate_api_contract": {"executed_lines": [], "summary": {"covered_lines": 0, "num_statements": 7, "percent_covered": 0.0, "percent_covered_display": "0.00", "missing_lines": 7, "excluded_lines": 0, "num_branches": 6, "num_partial_branches": 0, "covered_branches": 0, "missing_branches": 6}, "missing_lines": [119, 126, 127, 128, 133, 134, 141], "excluded_lines": [], "executed_branches": [], "missing_branches": [[126, 127], [126, 141], [127, 128], [127, 133], [133, 126], [133, 134]]}, "SpecEngine._init_features": {"executed_lines": [], "summary": {"covered_lines": 0, "num_statements": 5, "percent_covered": 0.0, "percent_covered_display": "0.00", "missing_lines": 5, "excluded_lines": 0, "num_branches": 2, "num_partial_branches": 0, "covered_branches": 0, "missing_branches": 2}, "missing_lines": [145, 146, 148, 149, 160], "excluded_lines": [], "executed_branches": [], "missing_branches": [[148, 149], [148, 160]]}, "SpecEngine.validate": {"executed_lines": [], "summary": {"covered_lines": 0, "num_statements": 13, "percent_covered": 0.0, "percent_covered_display": "0.00", "missing_lines": 13, "excluded_lines": 0, "num_branches": 8, "num_partial_branches": 0, "covered_branches": 0, "missing_branches": 8}, "missing_lines": [164, 166, 167, 168, 169, 170, 173, 174, 175, 177, 178, 180, 181], "excluded_lines": [], "executed_branches": [], "missing_branches": [[167, 168], [167, 173], [168, 167], [168, 169], [173, 174], [173, 177], [177, 178], [177, 180]]}, "SpecEngine.review": {"executed_lines": [], "summary": {"covered_lines": 0, "num_statements": 21, "percent_covered": 0.0, "percent_covered_display": "0.00", "missing_lines": 21, "excluded_lines": 0, "num_branches": 6, "num_partial_branches": 0, "covered_branches": 0, "missing_branches": 6}, "missing_lines": [185, 187, 188, 189, 192, 193, 194, 195, 196, 199, 200, 201, 202, 203, 204, 207, 208, 209, 212, 213, 214], "excluded_lines": [], "executed_branches": [], "missing_branches": [[200, 201], [200, 207], [208, 209], [208, 212], [213, -183], [213, 214]]}, "": {"executed_lines": [1, 6, 7, 8, 9, 10, 11, 13, 14, 17, 92, 107, 117, 143, 162, 183], "summary": {"covered_lines": 15, "num_statements": 15, "percent_covered": 100.0, "percent_covered_display": "100.00", "missing_lines": 0, "excluded_lines": 0, "num_branches": 0, "num_partial_branches": 0, "covered_branches": 0, "missing_branches": 0}, "missing_lines": [], "excluded_lines": [], "executed_branches": [], "missing_branches": []}}, "classes": {"SpecEngine": {"executed_lines": [15], "summary": {"covered_lines": 1, "num_statements": 74, "percent_covered": 0.9803921568627451, "percent_covered_display": "0.98", "missing_lines": 73, "excluded_lines": 0, "num_branches": 28, "num_partial_branches": 0, "covered_branches": 0, "missing_branches": 28}, "missing_lines": [19, 22, 23, 26, 31, 32, 38, 39, 40, 41, 43, 44, 45, 47, 55, 56, 59, 78, 79, 82, 84, 85, 87, 90, 94, 102, 109, 119, 126, 127, 128, 133, 134, 141, 145, 146, 148, 149, 160, 164, 166, 167, 168, 169, 170, 173, 174, 175, 177, 178, 180, 181, 185, 187, 188, 189, 192, 193, 194, 195, 196, 199, 200, 201, 202, 203, 204, 207, 208, 209, 212, 213, 214], "excluded_lines": [], "executed_branches": [], "missing_branches": [[39, 40], [39, 55], [40, 41], [40, 43], [78, 79], [78, 82], [126, 127], [126, 141], [127, 128], [127, 133], [133, 126], [133, 134], [148, 149], [148, 160], [167, 168], [167, 173], [168, 167], [168, 169], [173, 174], [173, 177], [177, 178], [177, 180], [200, 201], [200, 207], [208, 209], [208, 212], [213, -183], [213, 214]]}, "": {"executed_lines": [1, 6, 7, 8, 9, 10, 11, 13, 14, 17, 92, 107, 117, 143, 162, 183], "summary": {"covered_lines": 15, "num_statements": 15, "percent_covered": 100.0, "percent_covered_display": "100.00", "missing_lines": 0, "excluded_lines": 0, "num_branches": 0, "num_partial_branches": 0, "covered_branches": 0, "missing_branches": 0}, "missing_lines": [], "excluded_lines": [], "executed_branches": [], "missing_branches": []}}}, "src/rfd/validation.py": {"executed_lines": [1, 6, 7, 8, 9, 10, 11, 12, 14, 15, 16, 17, 18, 20, 46, 55, 60, 101, 126, 158, 187, 215, 243, 252, 257, 260, 261, 262, 265, 268, 269, 271, 275, 276, 282, 290, 292, 305, 307, 315, 325, 335, 346, 347, 349, 351, 365, 366, 367, 368, 371, 372, 374, 376, 377, 379, 381, 384, 430, 431, 432, 433, 436, 437, 444, 446, 449, 451, 454, 457, 459, 462, 463, 464, 465, 467, 469, 472, 483, 484, 485, 495, 497, 500, 510, 511, 512, 513, 514, 519, 521, 523, 524, 525, 527, 530, 531, 538, 539, 625, 626, 629, 633, 638, 641, 713, 714, 715, 720, 722, 727, 777, 778, 779, 780, 787, 789, 837, 872, 1001], "summary": {"covered_lines": 119, "num_statements": 376, "percent_covered": 29.195804195804197, "percent_covered_display": "29.20", "missing_lines": 257, "excluded_lines": 0, "num_branches": 196, "num_partial_branches": 18, "covered_branches": 48, "missing_branches": 148}, "missing_lines": [22, 25, 28, 29, 32, 33, 34, 35, 36, 39, 41, 48, 49, 57, 58, 62, 65, 66, 67, 68, 75, 76, 77, 78, 85, 86, 87, 88, 89, 90, 91, 92, 93, 98, 99, 103, 104, 107, 108, 109, 114, 115, 120, 123, 124, 128, 129, 132, 134, 135, 136, 137, 138, 140, 143, 144, 146, 151, 152, 160, 161, 164, 165, 166, 168, 169, 172, 173, 174, 175, 177, 178, 179, 180, 181, 182, 183, 185, 190, 191, 192, 193, 194, 196, 197, 202, 205, 209, 217, 219, 221, 222, 223, 228, 231, 232, 233, 235, 241, 246, 247, 248, 249, 250, 272, 273, 277, 279, 280, 294, 295, 296, 297, 298, 300, 301, 302, 316, 317, 326, 337, 338, 339, 341, 344, 375, 447, 452, 455, 458, 486, 488, 489, 490, 491, 493, 501, 502, 503, 504, 505, 507, 515, 516, 517, 551, 552, 560, 561, 568, 569, 576, 577, 587, 588, 595, 596, 603, 604, 612, 613, 622, 627, 630, 631, 717, 718, 782, 783, 784, 785, 797, 798, 801, 802, 803, 806, 807, 808, 809, 810, 813, 814, 815, 816, 818, 819, 822, 823, 824, 827, 828, 829, 832, 834, 835, 839, 842, 843, 845, 848, 849, 851, 852, 855, 856, 858, 859, 860, 861, 862, 864, 867, 868, 870, 875, 877, 878, 879, 881, 883, 885, 886, 887, 889, 891, 902, 904, 906, 916, 918, 920, 928, 929, 930, 932, 934, 946, 948, 950, 960, 962, 964, 974, 976, 978, 987, 989, 991, 993, 996, 999, 1003, 1005, 1006, 1007, 1009], "excluded_lines": [], "executed_branches": [[268, 269], [268, 290], [271, 275], [290, 292], [290, 315], [292, 305], [315, 325], [325, 335], [335, 346], [366, 367], [366, 371], [372, 374], [372, 379], [374, 376], [376, 377], [431, 432], [431, 436], [444, 446], [444, 449], [446, 444], [449, 451], [449, 462], [451, 454], [454, 457], [457, 459], [463, 464], [463, 467], [483, 484], [483, 495], [485, 483], [500, 510], [511, 512], [511, 519], [512, 511], [512, 513], [514, 512], [530, 531], [530, 538], [538, 539], [625, 626], [625, 629], [626, 625], [713, 714], [713, 720], [715, 713], [778, 779], [778, 787], [780, 778]], "missing_branches": [[28, 29], [28, 32], [32, 33], [32, 34], [34, 35], [34, 39], [35, 36], [35, 39], [66, 67], [66, 75], [75, 76], [75, 85], [85, -60], [85, 86], [86, -60], [86, 87], [87, 88], [87, 89], [92, 86], [92, 93], [123, -101], [123, 124], [135, 136], [135, 137], [137, 138], [137, 140], [160, 161], [160, 164], [164, 165], [164, 185], [168, 169], [168, 172], [172, 173], [172, 185], [179, 180], [179, 185], [180, 179], [180, 181], [191, 192], [191, 196], [192, 191], [192, 193], [196, 197], [196, 205], [219, -215], [219, 221], [222, 223], [222, 231], [246, 247], [246, 248], [248, 249], [248, 250], [271, 272], [292, 294], [295, 296], [295, 297], [297, 298], [297, 300], [315, 316], [325, 326], [335, 337], [339, 341], [339, 344], [374, 375], [376, 372], [446, 447], [451, 452], [454, 455], [457, 458], [485, 486], [489, 483], [489, 490], [500, 501], [502, 503], [502, 510], [503, 504], [503, 510], [514, 515], [538, 551], [551, 552], [551, 560], [560, 561], [560, 568], [568, 569], [568, 576], [576, 577], [576, 587], [587, 588], [587, 595], [595, 596], [595, 603], [603, 604], [603, 612], [612, 613], [612, 622], [626, 627], [715, 717], [780, 782], [783, 780], [783, 784], [797, 798], [797, 801], [802, 803], [802, 806], [806, 807], [806, 818], [810, 806], [810, 813], [818, 819], [818, 822], [828, 829], [828, 832], [843, 845], [843, 851], [845, 843], [845, 848], [851, 852], [851, 855], [858, 859], [858, 870], [860, 861], [860, 862], [864, 858], [864, 867], [875, 877], [875, 883], [883, 885], [883, 889], [889, 891], [889, 904], [904, 906], [904, 918], [918, 920], [918, 932], [932, 934], [932, 948], [948, 950], [948, 962], [962, 964], [962, 976], [976, 978], [976, 989], [989, 991], [989, 993], [993, 996], [993, 999], [1005, 1006], [1005, 1009]], "functions": {"ValidationEngine.__init__": {"executed_lines": [16, 17, 18], "summary": {"covered_lines": 3, "num_statements": 3, "percent_covered": 100.0, "percent_covered_display": "100.00", "missing_lines": 0, "excluded_lines": 0, "num_branches": 0, "num_partial_branches": 0, "covered_branches": 0, "missing_branches": 0}, "missing_lines": [], "excluded_lines": [], "executed_branches": [], "missing_branches": []}, "ValidationEngine.validate": {"executed_lines": [], "summary": {"covered_lines": 0, "num_statements": 11, "percent_covered": 0.0, "percent_covered_display": "0.00", "missing_lines": 11, "excluded_lines": 0, "num_branches": 8, "num_partial_branches": 0, "covered_branches": 0, "missing_branches": 8}, "missing_lines": [22, 25, 28, 29, 32, 33, 34, 35, 36, 39, 41], "excluded_lines": [], "executed_branches": [], "missing_branches": [[28, 29], [28, 32], [32, 33], [32, 34], [34, 35], [34, 39], [35, 36], [35, 39]]}, "ValidationEngine.get_status": {"executed_lines": [], "summary": {"covered_lines": 0, "num_statements": 2, "percent_covered": 0.0, "percent_covered_display": "0.00", "missing_lines": 2, "excluded_lines": 0, "num_branches": 0, "num_partial_branches": 0, "covered_branches": 0, "missing_branches": 0}, "missing_lines": [48, 49], "excluded_lines": [], "executed_branches": [], "missing_branches": []}, "ValidationEngine.check_ai_claim": {"executed_lines": [], "summary": {"covered_lines": 0, "num_statements": 2, "percent_covered": 0.0, "percent_covered_display": "0.00", "missing_lines": 2, "excluded_lines": 0, "num_branches": 0, "num_partial_branches": 0, "covered_branches": 0, "missing_branches": 0}, "missing_lines": [57, 58], "excluded_lines": [], "executed_branches": [], "missing_branches": []}, "ValidationEngine._validate_structure": {"executed_lines": [], "summary": {"covered_lines": 0, "num_statements": 20, "percent_covered": 0.0, "percent_covered_display": "0.00", "missing_lines": 20, "excluded_lines": 0, "num_branches": 12, "num_partial_branches": 0, "covered_branches": 0, "missing_branches": 12}, "missing_lines": [62, 65, 66, 67, 68, 75, 76, 77, 78, 85, 86, 87, 88, 89, 90, 91, 92, 93, 98, 99], "excluded_lines": [], "executed_branches": [], "missing_branches": [[66, 67], [66, 75], [75, 76], [75, 85], [85, -60], [85, 86], [86, -60], [86, 87], [87, 88], [87, 89], [92, 86], [92, 93]]}, "ValidationEngine._validate_api": {"executed_lines": [], "summary": {"covered_lines": 0, "num_statements": 10, "percent_covered": 0.0, "percent_covered_display": "0.00", "missing_lines": 10, "excluded_lines": 0, "num_branches": 2, "num_partial_branches": 0, "covered_branches": 0, "missing_branches": 2}, "missing_lines": [103, 104, 107, 108, 109, 114, 115, 120, 123, 124], "excluded_lines": [], "executed_branches": [], "missing_branches": [[123, -101], [123, 124]]}, "ValidationEngine._test_endpoint": {"executed_lines": [], "summary": {"covered_lines": 0, "num_statements": 14, "percent_covered": 0.0, "percent_covered_display": "0.00", "missing_lines": 14, "excluded_lines": 0, "num_branches": 4, "num_partial_branches": 0, "covered_branches": 0, "missing_branches": 4}, "missing_lines": [128, 129, 132, 134, 135, 136, 137, 138, 140, 143, 144, 146, 151, 152], "excluded_lines": [], "executed_branches": [], "missing_branches": [[135, 136], [135, 137], [137, 138], [137, 140]]}, "ValidationEngine._check_response": {"executed_lines": [], "summary": {"covered_lines": 0, "num_statements": 19, "percent_covered": 0.0, "percent_covered_display": "0.00", "missing_lines": 19, "excluded_lines": 0, "num_branches": 12, "num_partial_branches": 0, "covered_branches": 0, "missing_branches": 12}, "missing_lines": [160, 161, 164, 165, 166, 168, 169, 172, 173, 174, 175, 177, 178, 179, 180, 181, 182, 183, 185], "excluded_lines": [], "executed_branches": [], "missing_branches": [[160, 161], [160, 164], [164, 165], [164, 185], [168, 169], [168, 172], [172, 173], [172, 185], [179, 180], [179, 185], [180, 179], [180, 181]]}, "ValidationEngine._validate_feature": {"executed_lines": [], "summary": {"covered_lines": 0, "num_statements": 10, "percent_covered": 0.0, "percent_covered_display": "0.00", "missing_lines": 10, "excluded_lines": 0, "num_branches": 6, "num_partial_branches": 0, "covered_branches": 0, "missing_branches": 6}, "missing_lines": [190, 191, 192, 193, 194, 196, 197, 202, 205, 209], "excluded_lines": [], "executed_branches": [], "missing_branches": [[191, 192], [191, 196], [192, 191], [192, 193], [196, 197], [196, 205]]}, "ValidationEngine._validate_database": {"executed_lines": [], "summary": {"covered_lines": 0, "num_statements": 11, "percent_covered": 0.0, "percent_covered_display": "0.00", "missing_lines": 11, "excluded_lines": 0, "num_branches": 4, "num_partial_branches": 0, "covered_branches": 0, "missing_branches": 4}, "missing_lines": [217, 219, 221, 222, 223, 228, 231, 232, 233, 235, 241], "excluded_lines": [], "executed_branches": [], "missing_branches": [[219, -215], [219, 221], [222, 223], [222, 231]]}, "ValidationEngine._generate_test_data": {"executed_lines": [], "summary": {"covered_lines": 0, "num_statements": 5, "percent_covered": 0.0, "percent_covered_display": "0.00", "missing_lines": 5, "excluded_lines": 0, "num_branches": 4, "num_partial_branches": 0, "covered_branches": 0, "missing_branches": 4}, "missing_lines": [246, 247, 248, 249, 250], "excluded_lines": [], "executed_branches": [], "missing_branches": [[246, 247], [246, 248], [248, 249], [248, 250]]}, "ValidationEngine.validate_ai_claims": {"executed_lines": [257, 260, 261, 262, 265, 268, 269, 271, 275, 276, 282, 290, 292, 305, 307, 315, 325, 335, 346, 347], "summary": {"covered_lines": 20, "num_statements": 41, "percent_covered": 47.540983606557376, "percent_covered_display": "47.54", "missing_lines": 21, "excluded_lines": 0, "num_branches": 20, "num_partial_branches": 5, "covered_branches": 9, "missing_branches": 11}, "missing_lines": [272, 273, 277, 279, 280, 294, 295, 296, 297, 298, 300, 301, 302, 316, 317, 326, 337, 338, 339, 341, 344], "excluded_lines": [], "executed_branches": [[268, 269], [268, 290], [271, 275], [290, 292], [290, 315], [292, 305], [315, 325], [325, 335], [335, 346]], "missing_branches": [[271, 272], [292, 294], [295, 296], [295, 297], [297, 298], [297, 300], [315, 316], [325, 326], [335, 337], [339, 341], [339, 344]]}, "ValidationEngine._extract_file_claims": {"executed_lines": [351, 365, 366, 367, 368, 371, 372, 374, 376, 377, 379], "summary": {"covered_lines": 11, "num_statements": 12, "percent_covered": 85.0, "percent_covered_display": "85.00", "missing_lines": 1, "excluded_lines": 0, "num_branches": 8, "num_partial_branches": 2, "covered_branches": 6, "missing_branches": 2}, "missing_lines": [375], "excluded_lines": [], "executed_branches": [[366, 367], [366, 371], [372, 374], [372, 379], [374, 376], [376, 377]], "missing_branches": [[374, 375], [376, 372]]}, "ValidationEngine._extract_function_claims": {"executed_lines": [384, 430, 431, 432, 433, 436, 437, 444, 446, 449, 451, 454, 457, 459, 462, 463, 464, 465, 467], "summary": {"covered_lines": 19, "num_statements": 23, "percent_covered": 79.48717948717949, "percent_covered_display": "79.49", "missing_lines": 4, "excluded_lines": 0, "num_branches": 16, "num_partial_branches": 4, "covered_branches": 12, "missing_branches": 4}, "missing_lines": [447, 452, 455, 458], "excluded_lines": [], "executed_branches": [[431, 432], [431, 436], [444, 446], [444, 449], [446, 444], [449, 451], [449, 462], [451, 454], [454, 457], [457, 459], [463, 464], [463, 467]], "missing_branches": [[446, 447], [451, 452], [454, 455], [457, 458]]}, "ValidationEngine._find_file_hint_for_function": {"executed_lines": [472, 483, 484, 485, 495], "summary": {"covered_lines": 5, "num_statements": 11, "percent_covered": 47.05882352941177, "percent_covered_display": "47.06", "missing_lines": 6, "excluded_lines": 0, "num_branches": 6, "num_partial_branches": 1, "covered_branches": 3, "missing_branches": 3}, "missing_lines": [486, 488, 489, 490, 491, 493], "excluded_lines": [], "executed_branches": [[483, 484], [483, 495], [485, 483]], "missing_branches": [[485, 486], [489, 483], [489, 490]]}, "ValidationEngine._verify_function_exists": {"executed_lines": [500, 510, 511, 512, 513, 514, 519], "summary": {"covered_lines": 7, "num_statements": 16, "percent_covered": 46.42857142857143, "percent_covered_display": "46.43", "missing_lines": 9, "excluded_lines": 0, "num_branches": 12, "num_partial_branches": 2, "covered_branches": 6, "missing_branches": 6}, "missing_lines": [501, 502, 503, 504, 505, 507, 515, 516, 517], "excluded_lines": [], "executed_branches": [[500, 510], [511, 512], [511, 519], [512, 511], [512, 513], [514, 512]], "missing_branches": [[500, 501], [502, 503], [502, 510], [503, 504], [503, 510], [514, 515]]}, "ValidationEngine._check_function_in_file": {"executed_lines": [523, 524, 525, 527, 530, 531, 538, 539, 625, 626, 629], "summary": {"covered_lines": 11, "num_statements": 31, "percent_covered": 30.90909090909091, "percent_covered_display": "30.91", "missing_lines": 20, "excluded_lines": 0, "num_branches": 24, "num_partial_branches": 2, "covered_branches": 6, "missing_branches": 18}, "missing_lines": [551, 552, 560, 561, 568, 569, 576, 577, 587, 588, 595, 596, 603, 604, 612, 613, 622, 627, 630, 631], "excluded_lines": [], "executed_branches": [[530, 531], [530, 538], [538, 539], [625, 626], [625, 629], [626, 625]], "missing_branches": [[538, 551], [551, 552], [551, 560], [560, 561], [560, 568], [568, 569], [568, 576], [576, 577], [576, 587], [587, 588], [587, 595], [595, 596], [595, 603], [603, 604], [603, 612], [612, 613], [612, 622], [626, 627]]}, "ValidationEngine._extract_modification_claims": {"executed_lines": [638, 641, 713, 714, 715, 720], "summary": {"covered_lines": 6, "num_statements": 8, "percent_covered": 75.0, "percent_covered_display": "75.00", "missing_lines": 2, "excluded_lines": 0, "num_branches": 4, "num_partial_branches": 1, "covered_branches": 3, "missing_branches": 1}, "missing_lines": [717, 718], "excluded_lines": [], "executed_branches": [[713, 714], [713, 720], [715, 713]], "missing_branches": [[715, 717]]}, "ValidationEngine._detect_vague_claims": {"executed_lines": [727, 777, 778, 779, 780, 787], "summary": {"covered_lines": 6, "num_statements": 10, "percent_covered": 56.25, "percent_covered_display": "56.25", "missing_lines": 4, "excluded_lines": 0, "num_branches": 6, "num_partial_branches": 1, "covered_branches": 3, "missing_branches": 3}, "missing_lines": [782, 783, 784, 785], "excluded_lines": [], "executed_branches": [[778, 779], [778, 787], [780, 778]], "missing_branches": [[780, 782], [783, 780], [783, 784]]}, "ValidationEngine._verify_modification_claim": {"executed_lines": [], "summary": {"covered_lines": 0, "num_statements": 25, "percent_covered": 0.0, "percent_covered_display": "0.00", "missing_lines": 25, "excluded_lines": 0, "num_branches": 12, "num_partial_branches": 0, "covered_branches": 0, "missing_branches": 12}, "missing_lines": [797, 798, 801, 802, 803, 806, 807, 808, 809, 810, 813, 814, 815, 816, 818, 819, 822, 823, 824, 827, 828, 829, 832, 834, 835], "excluded_lines": [], "executed_branches": [], "missing_branches": [[797, 798], [797, 801], [802, 803], [802, 806], [806, 807], [806, 818], [810, 806], [810, 813], [818, 819], [818, 822], [828, 829], [828, 832]]}, "ValidationEngine._extract_function_content": {"executed_lines": [], "summary": {"covered_lines": 0, "num_statements": 19, "percent_covered": 0.0, "percent_covered_display": "0.00", "missing_lines": 19, "excluded_lines": 0, "num_branches": 12, "num_partial_branches": 0, "covered_branches": 0, "missing_branches": 12}, "missing_lines": [839, 842, 843, 845, 848, 849, 851, 852, 855, 856, 858, 859, 860, 861, 862, 864, 867, 868, 870], "excluded_lines": [], "executed_branches": [], "missing_branches": [[843, 845], [843, 851], [845, 843], [845, 848], [851, 852], [851, 855], [858, 859], [858, 870], [860, 861], [860, 862], [864, 858], [864, 867]]}, "ValidationEngine._verify_modification_type": {"executed_lines": [], "summary": {"covered_lines": 0, "num_statements": 37, "percent_covered": 0.0, "percent_covered_display": "0.00", "missing_lines": 37, "excluded_lines": 0, "num_branches": 22, "num_partial_branches": 0, "covered_branches": 0, "missing_branches": 22}, "missing_lines": [875, 877, 878, 879, 881, 883, 885, 886, 887, 889, 891, 902, 904, 906, 916, 918, 920, 928, 929, 930, 932, 934, 946, 948, 950, 960, 962, 964, 974, 976, 978, 987, 989, 991, 993, 996, 999], "excluded_lines": [], "executed_branches": [], "missing_branches": [[875, 877], [875, 883], [883, 885], [883, 889], [889, 891], [889, 904], [904, 906], [904, 918], [918, 920], [918, 932], [932, 934], [932, 948], [948, 950], [948, 962], [962, 964], [962, 976], [976, 978], [976, 989], [989, 991], [989, 993], [993, 996], [993, 999]]}, "ValidationEngine.print_report": {"executed_lines": [], "summary": {"covered_lines": 0, "num_statements": 5, "percent_covered": 0.0, "percent_covered_display": "0.00", "missing_lines": 5, "excluded_lines": 0, "num_branches": 2, "num_partial_branches": 0, "covered_branches": 0, "missing_branches": 2}, "missing_lines": [1003, 1005, 1006, 1007, 1009], "excluded_lines": [], "executed_branches": [], "missing_branches": [[1005, 1006], [1005, 1009]]}, "": {"executed_lines": [1, 6, 7, 8, 9, 10, 11, 12, 14, 15, 20, 46, 55, 60, 101, 126, 158, 187, 215, 243, 252, 349, 381, 469, 497, 521, 633, 722, 789, 837, 872, 1001], "summary": {"covered_lines": 31, "num_statements": 31, "percent_covered": 100.0, "percent_covered_display": "100.00", "missing_lines": 0, "excluded_lines": 0, "num_branches": 0, "num_partial_branches": 0, "covered_branches": 0, "missing_branches": 0}, "missing_lines": [], "excluded_lines": [], "executed_branches": [], "missing_branches": []}}, "classes": {"ValidationEngine": {"executed_lines": [16, 17, 18, 257, 260, 261, 262, 265, 268, 269, 271, 275, 276, 282, 290, 292, 305, 307, 315, 325, 335, 346, 347, 351, 365, 366, 367, 368, 371, 372, 374, 376, 377, 379, 384, 430, 431, 432, 433, 436, 437, 444, 446, 449, 451, 454, 457, 459, 462, 463, 464, 465, 467, 472, 483, 484, 485, 495, 500, 510, 511, 512, 513, 514, 519, 523, 524, 525, 527, 530, 531, 538, 539, 625, 626, 629, 638, 641, 713, 714, 715, 720, 727, 777, 778, 779, 780, 787], "summary": {"covered_lines": 88, "num_statements": 345, "percent_covered": 25.138632162661736, "percent_covered_display": "25.14", "missing_lines": 257, "excluded_lines": 0, "num_branches": 196, "num_partial_branches": 18, "covered_branches": 48, "missing_branches": 148}, "missing_lines": [22, 25, 28, 29, 32, 33, 34, 35, 36, 39, 41, 48, 49, 57, 58, 62, 65, 66, 67, 68, 75, 76, 77, 78, 85, 86, 87, 88, 89, 90, 91, 92, 93, 98, 99, 103, 104, 107, 108, 109, 114, 115, 120, 123, 124, 128, 129, 132, 134, 135, 136, 137, 138, 140, 143, 144, 146, 151, 152, 160, 161, 164, 165, 166, 168, 169, 172, 173, 174, 175, 177, 178, 179, 180, 181, 182, 183, 185, 190, 191, 192, 193, 194, 196, 197, 202, 205, 209, 217, 219, 221, 222, 223, 228, 231, 232, 233, 235, 241, 246, 247, 248, 249, 250, 272, 273, 277, 279, 280, 294, 295, 296, 297, 298, 300, 301, 302, 316, 317, 326, 337, 338, 339, 341, 344, 375, 447, 452, 455, 458, 486, 488, 489, 490, 491, 493, 501, 502, 503, 504, 505, 507, 515, 516, 517, 551, 552, 560, 561, 568, 569, 576, 577, 587, 588, 595, 596, 603, 604, 612, 613, 622, 627, 630, 631, 717, 718, 782, 783, 784, 785, 797, 798, 801, 802, 803, 806, 807, 808, 809, 810, 813, 814, 815, 816, 818, 819, 822, 823, 824, 827, 828, 829, 832, 834, 835, 839, 842, 843, 845, 848, 849, 851, 852, 855, 856, 858, 859, 860, 861, 862, 864, 867, 868, 870, 875, 877, 878, 879, 881, 883, 885, 886, 887, 889, 891, 902, 904, 906, 916, 918, 920, 928, 929, 930, 932, 934, 946, 948, 950, 960, 962, 964, 974, 976, 978, 987, 989, 991, 993, 996, 999, 1003, 1005, 1006, 1007, 1009], "excluded_lines": [], "executed_branches": [[268, 269], [268, 290], [271, 275], [290, 292], [290, 315], [292, 305], [315, 325], [325, 335], [335, 346], [366, 367], [366, 371], [372, 374], [372, 379], [374, 376], [376, 377], [431, 432], [431, 436], [444, 446], [444, 449], [446, 444], [449, 451], [449, 462], [451, 454], [454, 457], [457, 459], [463, 464], [463, 467], [483, 484], [483, 495], [485, 483], [500, 510], [511, 512], [511, 519], [512, 511], [512, 513], [514, 512], [530, 531], [530, 538], [538, 539], [625, 626], [625, 629], [626, 625], [713, 714], [713, 720], [715, 713], [778, 779], [778, 787], [780, 778]], "missing_branches": [[28, 29], [28, 32], [32, 33], [32, 34], [34, 35], [34, 39], [35, 36], [35, 39], [66, 67], [66, 75], [75, 76], [75, 85], [85, -60], [85, 86], [86, -60], [86, 87], [87, 88], [87, 89], [92, 86], [92, 93], [123, -101], [123, 124], [135, 136], [135, 137], [137, 138], [137, 140], [160, 161], [160, 164], [164, 165], [164, 185], [168, 169], [168, 172], [172, 173], [172, 185], [179, 180], [179, 185], [180, 179], [180, 181], [191, 192], [191, 196], [192, 191], [192, 193], [196, 197], [196, 205], [219, -215], [219, 221], [222, 223], [222, 231], [246, 247], [246, 248], [248, 249], [248, 250], [271, 272], [292, 294], [295, 296], [295, 297], [297, 298], [297, 300], [315, 316], [325, 326], [335, 337], [339, 341], [339, 344], [374, 375], [376, 372], [446, 447], [451, 452], [454, 455], [457, 458], [485, 486], [489, 483], [489, 490], [500, 501], [502, 503], [502, 510], [503, 504], [503, 510], [514, 515], [538, 551], [551, 552], [551, 560], [560, 561], [560, 568], [568, 569], [568, 576], [576, 577], [576, 587], [587, 588], [587, 595], [595, 596], [595, 603], [603, 604], [603, 612], [612, 613], [612, 622], [626, 627], [715, 717], [780, 782], [783, 780], [783, 784], [797, 798], [797, 801], [802, 803], [802, 806], [806, 807], [806, 818], [810, 806], [810, 813], [818, 819], [818, 822], [828, 829], [828, 832], [843, 845], [843, 851], [845, 843], [845, 848], [851, 852], [851, 855], [858, 859], [858, 870], [860, 861], [860, 862], [864, 858], [864, 867], [875, 877], [875, 883], [883, 885], [883, 889], [889, 891], [889, 904], [904, 906], [904, 918], [918, 920], [918, 932], [932, 934], [932, 948], [948, 950], [948, 962], [962, 964], [962, 976], [976, 978], [976, 989], [989, 991], [989, 993], [993, 996], [993, 999], [1005, 1006], [1005, 1009]]}, "": {"executed_lines": [1, 6, 7, 8, 9, 10, 11, 12, 14, 15, 20, 46, 55, 60, 101, 126, 158, 187, 215, 243, 252, 349, 381, 469, 497, 521, 633, 722, 789, 837, 872, 1001], "summary": {"covered_lines": 31, "num_statements": 31, "percent_covered": 100.0, "percent_covered_display": "100.00", "missing_lines": 0, "excluded_lines": 0, "num_branches": 0, "num_partial_branches": 0, "covered_branches": 0, "missing_branches": 0}, "missing_lines": [], "excluded_lines": [], "executed_branches": [], "missing_branches": []}}}}, "totals": {"covered_lines": 240, "num_statements": 1035, "percent_covered": 20.652945351312987, "percent_covered_display": "20.65", "missing_lines": 795, "excluded_lines": 2, "num_branches": 374, "num_partial_branches": 21, "covered_branches": 51, "missing_branches": 323}}