<?xml version="1.0" ?>
<coverage version="7.10.2" timestamp="1758741891366" lines-valid="3592" lines-covered="346" line-rate="0.09633" branches-valid="1298" branches-covered="32" branch-rate="0.02465" complexity="0">
	<!-- Generated by coverage.py: https://coverage.readthedocs.io/en/7.10.2 -->
	<!-- Based on https://raw.githubusercontent.com/cobertura/web/master/htdocs/xml/coverage-04.dtd -->
	<sources>
		<source>/mnt/projects/rfd-protocol/src/rfd</source>
	</sources>
	<packages>
		<package name="." line-rate="0.09633" branch-rate="0.02465" complexity="0">
			<classes>
				<class name="__init__.py" filename="__init__.py" complexity="0" line-rate="1" branch-rate="1">
					<methods/>
					<lines>
						<line number="8" hits="1"/>
						<line number="9" hits="1"/>
						<line number="10" hits="1"/>
						<line number="11" hits="1"/>
						<line number="13" hits="1"/>
						<line number="14" hits="1"/>
						<line number="15" hits="1"/>
						<line number="16" hits="1"/>
						<line number="17" hits="1"/>
						<line number="19" hits="1"/>
					</lines>
				</class>
				<class name="ai_validator.py" filename="ai_validator.py" complexity="0" line-rate="0.2674" branch-rate="0.1709">
					<methods/>
					<lines>
						<line number="6" hits="1"/>
						<line number="7" hits="1"/>
						<line number="8" hits="1"/>
						<line number="11" hits="1"/>
						<line number="14" hits="1"/>
						<line number="15" hits="1"/>
						<line number="17" hits="1"/>
						<line number="22" hits="1"/>
						<line number="25" hits="1"/>
						<line number="26" hits="1"/>
						<line number="27" hits="1"/>
						<line number="30" hits="1"/>
						<line number="31" hits="1" branch="true" condition-coverage="50% (1/2)" missing-branches="32"/>
						<line number="32" hits="0" branch="true" condition-coverage="0% (0/2)" missing-branches="31,33"/>
						<line number="33" hits="0"/>
						<line number="43" hits="1" branch="true" condition-coverage="100% (2/2)"/>
						<line number="44" hits="1" branch="true" condition-coverage="50% (1/2)" missing-branches="45"/>
						<line number="45" hits="0"/>
						<line number="47" hits="1"/>
						<line number="48" hits="1"/>
						<line number="58" hits="1" branch="true" condition-coverage="50% (1/2)" missing-branches="60"/>
						<line number="60" hits="0" branch="true" condition-coverage="0% (0/2)" missing-branches="62,96"/>
						<line number="62" hits="0"/>
						<line number="63" hits="0" branch="true" condition-coverage="0% (0/2)" missing-branches="64,75"/>
						<line number="64" hits="0"/>
						<line number="65" hits="0"/>
						<line number="75" hits="0"/>
						<line number="84" hits="0"/>
						<line number="85" hits="0"/>
						<line number="96" hits="0"/>
						<line number="97" hits="0"/>
						<line number="107" hits="1" branch="true" condition-coverage="50% (1/2)" missing-branches="108"/>
						<line number="108" hits="0"/>
						<line number="109" hits="0"/>
						<line number="120" hits="1"/>
						<line number="122" hits="1"/>
						<line number="124" hits="1"/>
						<line number="126" hits="1"/>
						<line number="133" hits="1"/>
						<line number="134" hits="1" branch="true" condition-coverage="100% (2/2)"/>
						<line number="135" hits="1"/>
						<line number="136" hits="1"/>
						<line number="139" hits="1"/>
						<line number="140" hits="1" branch="true" condition-coverage="100% (2/2)"/>
						<line number="142" hits="1" branch="true" condition-coverage="50% (1/2)" missing-branches="143"/>
						<line number="143" hits="0"/>
						<line number="145" hits="1" branch="true" condition-coverage="50% (1/2)" missing-branches="146"/>
						<line number="146" hits="0"/>
						<line number="147" hits="1" branch="true" condition-coverage="50% (1/2)" missing-branches="140"/>
						<line number="148" hits="1"/>
						<line number="149" hits="1"/>
						<line number="151" hits="1"/>
						<line number="153" hits="1"/>
						<line number="182" hits="1"/>
						<line number="183" hits="1" branch="true" condition-coverage="100% (2/2)"/>
						<line number="184" hits="1"/>
						<line number="185" hits="1" branch="true" condition-coverage="50% (1/2)" missing-branches="186"/>
						<line number="186" hits="0" branch="true" condition-coverage="0% (0/2)" missing-branches="187,189"/>
						<line number="187" hits="0"/>
						<line number="189" hits="0"/>
						<line number="191" hits="0" branch="true" condition-coverage="0% (0/2)" missing-branches="185,193"/>
						<line number="193" hits="0"/>
						<line number="194" hits="0"/>
						<line number="197" hits="1"/>
						<line number="198" hits="1" branch="true" condition-coverage="50% (1/2)" missing-branches="200"/>
						<line number="200" hits="0" branch="true" condition-coverage="0% (0/2)" missing-branches="201,203"/>
						<line number="201" hits="0"/>
						<line number="203" hits="0" branch="true" condition-coverage="0% (0/2)" missing-branches="234,235"/>
						<line number="234" hits="0"/>
						<line number="235" hits="0"/>
						<line number="237" hits="1"/>
						<line number="239" hits="1"/>
						<line number="241" hits="0"/>
						<line number="248" hits="0" branch="true" condition-coverage="0% (0/2)" missing-branches="249,255"/>
						<line number="249" hits="0"/>
						<line number="250" hits="0" branch="true" condition-coverage="0% (0/2)" missing-branches="248,252"/>
						<line number="252" hits="0" branch="true" condition-coverage="0% (0/2)" missing-branches="248,253"/>
						<line number="253" hits="0" branch="true" condition-coverage="0% (0/2)" missing-branches="252,254"/>
						<line number="254" hits="0"/>
						<line number="255" hits="0"/>
						<line number="257" hits="1"/>
						<line number="259" hits="1" branch="true" condition-coverage="50% (1/2)" missing-branches="260"/>
						<line number="260" hits="0"/>
						<line number="261" hits="1" branch="true" condition-coverage="50% (1/2)" missing-branches="262"/>
						<line number="262" hits="0"/>
						<line number="263" hits="1" branch="true" condition-coverage="50% (1/2)" missing-branches="264"/>
						<line number="264" hits="0"/>
						<line number="265" hits="1" branch="true" condition-coverage="50% (1/2)" missing-branches="267"/>
						<line number="266" hits="1"/>
						<line number="267" hits="0"/>
						<line number="269" hits="1"/>
						<line number="271" hits="0" branch="true" condition-coverage="0% (0/2)" missing-branches="272,280"/>
						<line number="272" hits="0"/>
						<line number="273" hits="0" branch="true" condition-coverage="0% (0/2)" missing-branches="274,280"/>
						<line number="274" hits="0" branch="true" condition-coverage="0% (0/2)" missing-branches="275,280"/>
						<line number="275" hits="0"/>
						<line number="276" hits="0"/>
						<line number="277" hits="0"/>
						<line number="280" hits="0" branch="true" condition-coverage="0% (0/2)" missing-branches="282,291"/>
						<line number="282" hits="0" branch="true" condition-coverage="0% (0/2)" missing-branches="283,285"/>
						<line number="283" hits="0"/>
						<line number="285" hits="0"/>
						<line number="286" hits="0" branch="true" condition-coverage="0% (0/2)" missing-branches="280,287"/>
						<line number="287" hits="0"/>
						<line number="288" hits="0"/>
						<line number="289" hits="0"/>
						<line number="291" hits="0"/>
						<line number="293" hits="1"/>
						<line number="295" hits="0"/>
						<line number="296" hits="0"/>
						<line number="297" hits="0"/>
						<line number="300" hits="0"/>
						<line number="303" hits="0"/>
						<line number="306" hits="0" branch="true" condition-coverage="0% (0/2)" missing-branches="307,313"/>
						<line number="307" hits="0"/>
						<line number="313" hits="0" branch="true" condition-coverage="0% (0/2)" missing-branches="314,321"/>
						<line number="314" hits="0"/>
						<line number="321" hits="0" branch="true" condition-coverage="0% (0/2)" missing-branches="322,328"/>
						<line number="322" hits="0"/>
						<line number="328" hits="0" branch="true" condition-coverage="0% (0/2)" missing-branches="329,336"/>
						<line number="329" hits="0"/>
						<line number="336" hits="0"/>
						<line number="343" hits="0" branch="true" condition-coverage="0% (0/2)" missing-branches="344,347"/>
						<line number="344" hits="0" branch="true" condition-coverage="0% (0/2)" missing-branches="343,345"/>
						<line number="345" hits="0"/>
						<line number="347" hits="0"/>
						<line number="348" hits="0"/>
						<line number="349" hits="0"/>
						<line number="351" hits="1"/>
						<line number="353" hits="1"/>
						<line number="428" hits="1"/>
						<line number="429" hits="1" branch="true" condition-coverage="100% (2/2)"/>
						<line number="430" hits="1"/>
						<line number="431" hits="1" branch="true" condition-coverage="50% (1/2)" missing-branches="433"/>
						<line number="433" hits="0"/>
						<line number="434" hits="0"/>
						<line number="436" hits="1"/>
						<line number="438" hits="1"/>
						<line number="440" hits="1"/>
						<line number="467" hits="1"/>
						<line number="468" hits="1" branch="true" condition-coverage="100% (2/2)"/>
						<line number="469" hits="1" branch="true" condition-coverage="50% (1/2)" missing-branches="470"/>
						<line number="470" hits="0"/>
						<line number="471" hits="0" branch="true" condition-coverage="0% (0/2)" missing-branches="468,472"/>
						<line number="472" hits="0"/>
						<line number="474" hits="1"/>
						<line number="476" hits="1"/>
						<line number="479" hits="0" branch="true" condition-coverage="0% (0/2)" missing-branches="480,483"/>
						<line number="480" hits="0"/>
						<line number="483" hits="0"/>
						<line number="484" hits="0" branch="true" condition-coverage="0% (0/2)" missing-branches="485,488"/>
						<line number="485" hits="0"/>
						<line number="488" hits="0" branch="true" condition-coverage="0% (0/2)" missing-branches="489,509"/>
						<line number="489" hits="0" branch="true" condition-coverage="0% (0/2)" missing-branches="490,492"/>
						<line number="490" hits="0"/>
						<line number="492" hits="0"/>
						<line number="493" hits="0"/>
						<line number="494" hits="0"/>
						<line number="495" hits="0" branch="true" condition-coverage="0% (0/2)" missing-branches="488,504"/>
						<line number="504" hits="0"/>
						<line number="505" hits="0"/>
						<line number="506" hits="0"/>
						<line number="507" hits="0"/>
						<line number="509" hits="0" branch="true" condition-coverage="0% (0/2)" missing-branches="510,513"/>
						<line number="510" hits="0"/>
						<line number="513" hits="0"/>
						<line number="514" hits="0"/>
						<line number="515" hits="0"/>
						<line number="518" hits="0"/>
						<line number="519" hits="0" branch="true" condition-coverage="0% (0/2)" missing-branches="520,523"/>
						<line number="520" hits="0"/>
						<line number="523" hits="0" branch="true" condition-coverage="0% (0/2)" missing-branches="525,530"/>
						<line number="525" hits="0"/>
						<line number="528" hits="0"/>
						<line number="530" hits="0" branch="true" condition-coverage="0% (0/2)" missing-branches="532,535"/>
						<line number="532" hits="0"/>
						<line number="533" hits="0"/>
						<line number="535" hits="0" branch="true" condition-coverage="0% (0/2)" missing-branches="537,548"/>
						<line number="537" hits="0"/>
						<line number="546" hits="0"/>
						<line number="548" hits="0" branch="true" condition-coverage="0% (0/2)" missing-branches="550,564"/>
						<line number="550" hits="0"/>
						<line number="562" hits="0"/>
						<line number="564" hits="0" branch="true" condition-coverage="0% (0/2)" missing-branches="566,569"/>
						<line number="566" hits="0"/>
						<line number="569" hits="0"/>
						<line number="570" hits="0"/>
						<line number="571" hits="0"/>
						<line number="573" hits="1"/>
						<line number="575" hits="0"/>
						<line number="578" hits="0"/>
						<line number="579" hits="0" branch="true" condition-coverage="0% (0/2)" missing-branches="581,589"/>
						<line number="581" hits="0" branch="true" condition-coverage="0% (0/2)" missing-branches="579,586"/>
						<line number="586" hits="0"/>
						<line number="587" hits="0"/>
						<line number="589" hits="0" branch="true" condition-coverage="0% (0/2)" missing-branches="590,593"/>
						<line number="590" hits="0"/>
						<line number="593" hits="0"/>
						<line number="594" hits="0"/>
						<line number="596" hits="0" branch="true" condition-coverage="0% (0/2)" missing-branches="597,612"/>
						<line number="597" hits="0"/>
						<line number="599" hits="0" branch="true" condition-coverage="0% (0/2)" missing-branches="600,602"/>
						<line number="600" hits="0"/>
						<line number="602" hits="0"/>
						<line number="603" hits="0" branch="true" condition-coverage="0% (0/2)" missing-branches="596,608"/>
						<line number="608" hits="0"/>
						<line number="609" hits="0"/>
						<line number="612" hits="0"/>
						<line number="614" hits="1"/>
						<line number="619" hits="0"/>
						<line number="622" hits="0" branch="true" condition-coverage="0% (0/2)" missing-branches="623,631"/>
						<line number="623" hits="0" branch="true" condition-coverage="0% (0/2)" missing-branches="624,625"/>
						<line number="624" hits="0"/>
						<line number="625" hits="0"/>
						<line number="626" hits="0"/>
						<line number="627" hits="0"/>
						<line number="628" hits="0"/>
						<line number="629" hits="0"/>
						<line number="631" hits="0" branch="true" condition-coverage="0% (0/2)" missing-branches="632,636"/>
						<line number="632" hits="0"/>
						<line number="636" hits="0"/>
						<line number="687" hits="0" branch="true" condition-coverage="0% (0/2)" missing-branches="688,709"/>
						<line number="688" hits="0"/>
						<line number="689" hits="0" branch="true" condition-coverage="0% (0/2)" missing-branches="687,691"/>
						<line number="691" hits="0"/>
						<line number="692" hits="0" branch="true" condition-coverage="0% (0/2)" missing-branches="687,693"/>
						<line number="693" hits="0"/>
						<line number="694" hits="0" branch="true" condition-coverage="0% (0/2)" missing-branches="692,695"/>
						<line number="695" hits="0" branch="true" condition-coverage="0% (0/2)" missing-branches="694,696"/>
						<line number="696" hits="0"/>
						<line number="697" hits="0"/>
						<line number="706" hits="0"/>
						<line number="709" hits="0"/>
						<line number="710" hits="0" branch="true" condition-coverage="0% (0/2)" missing-branches="711,714"/>
						<line number="711" hits="0"/>
						<line number="714" hits="0" branch="true" condition-coverage="0% (0/2)" missing-branches="716,718"/>
						<line number="716" hits="0"/>
						<line number="718" hits="0"/>
						<line number="720" hits="0"/>
						<line number="722" hits="1"/>
						<line number="727" hits="0"/>
						<line number="736" hits="0"/>
						<line number="737" hits="0" branch="true" condition-coverage="0% (0/2)" missing-branches="738,740"/>
						<line number="738" hits="0"/>
						<line number="740" hits="0" branch="true" condition-coverage="0% (0/2)" missing-branches="742,761"/>
						<line number="742" hits="0" branch="true" condition-coverage="0% (0/2)" missing-branches="743,747"/>
						<line number="743" hits="0" branch="true" condition-coverage="0% (0/2)" missing-branches="744,747"/>
						<line number="744" hits="0"/>
						<line number="747" hits="0" branch="true" condition-coverage="0% (0/2)" missing-branches="748,750"/>
						<line number="748" hits="0"/>
						<line number="750" hits="0"/>
						<line number="753" hits="0"/>
						<line number="755" hits="0" branch="true" condition-coverage="0% (0/2)" missing-branches="740,756"/>
						<line number="756" hits="0"/>
						<line number="757" hits="0"/>
						<line number="758" hits="0"/>
						<line number="759" hits="0"/>
						<line number="761" hits="0"/>
					</lines>
				</class>
				<class name="analyze.py" filename="analyze.py" complexity="0" line-rate="0" branch-rate="0">
					<methods/>
					<lines>
						<line number="6" hits="0"/>
						<line number="7" hits="0"/>
						<line number="8" hits="0"/>
						<line number="9" hits="0"/>
						<line number="11" hits="0"/>
						<line number="14" hits="0"/>
						<line number="17" hits="0"/>
						<line number="18" hits="0"/>
						<line number="19" hits="0"/>
						<line number="20" hits="0"/>
						<line number="22" hits="0"/>
						<line number="35" hits="0"/>
						<line number="45" hits="0"/>
						<line number="46" hits="0"/>
						<line number="49" hits="0"/>
						<line number="50" hits="0"/>
						<line number="53" hits="0"/>
						<line number="54" hits="0"/>
						<line number="57" hits="0"/>
						<line number="58" hits="0"/>
						<line number="61" hits="0"/>
						<line number="62" hits="0"/>
						<line number="65" hits="0"/>
						<line number="66" hits="0"/>
						<line number="69" hits="0"/>
						<line number="70" hits="0"/>
						<line number="73" hits="0" branch="true" condition-coverage="0% (0/2)" missing-branches="74,75"/>
						<line number="74" hits="0"/>
						<line number="75" hits="0" branch="true" condition-coverage="0% (0/2)" missing-branches="76,78"/>
						<line number="76" hits="0"/>
						<line number="78" hits="0"/>
						<line number="80" hits="0"/>
						<line number="82" hits="0"/>
						<line number="88" hits="0"/>
						<line number="91" hits="0"/>
						<line number="92" hits="0"/>
						<line number="94" hits="0" branch="true" condition-coverage="0% (0/2)" missing-branches="96,115"/>
						<line number="96" hits="0"/>
						<line number="101" hits="0"/>
						<line number="102" hits="0" branch="true" condition-coverage="0% (0/2)" missing-branches="103,108"/>
						<line number="103" hits="0"/>
						<line number="107" hits="0"/>
						<line number="108" hits="0" branch="true" condition-coverage="0% (0/2)" missing-branches="94,109"/>
						<line number="109" hits="0"/>
						<line number="113" hits="0"/>
						<line number="115" hits="0"/>
						<line number="116" hits="0"/>
						<line number="118" hits="0"/>
						<line number="120" hits="0"/>
						<line number="125" hits="0"/>
						<line number="126" hits="0"/>
						<line number="129" hits="0"/>
						<line number="139" hits="0" branch="true" condition-coverage="0% (0/2)" missing-branches="140,147"/>
						<line number="140" hits="0"/>
						<line number="144" hits="0"/>
						<line number="147" hits="0"/>
						<line number="154" hits="0" branch="true" condition-coverage="0% (0/2)" missing-branches="155,161"/>
						<line number="155" hits="0"/>
						<line number="159" hits="0"/>
						<line number="161" hits="0"/>
						<line number="162" hits="0"/>
						<line number="164" hits="0"/>
						<line number="166" hits="0"/>
						<line number="172" hits="0"/>
						<line number="173" hits="0"/>
						<line number="176" hits="0"/>
						<line number="181" hits="0"/>
						<line number="182" hits="0"/>
						<line number="184" hits="0" branch="true" condition-coverage="0% (0/2)" missing-branches="185,190"/>
						<line number="185" hits="0"/>
						<line number="186" hits="0"/>
						<line number="187" hits="0"/>
						<line number="190" hits="0"/>
						<line number="191" hits="0" branch="true" condition-coverage="0% (0/2)" missing-branches="193,220"/>
						<line number="193" hits="0"/>
						<line number="194" hits="0"/>
						<line number="197" hits="0"/>
						<line number="198" hits="0" branch="true" condition-coverage="0% (0/2)" missing-branches="199,211"/>
						<line number="199" hits="0"/>
						<line number="200" hits="0" branch="true" condition-coverage="0% (0/2)" missing-branches="201,208"/>
						<line number="201" hits="0"/>
						<line number="202" hits="0"/>
						<line number="203" hits="0" branch="true" condition-coverage="0% (0/2)" missing-branches="200,204"/>
						<line number="204" hits="0"/>
						<line number="205" hits="0"/>
						<line number="206" hits="0"/>
						<line number="207" hits="0"/>
						<line number="208" hits="0" branch="true" condition-coverage="0% (0/2)" missing-branches="198,209"/>
						<line number="209" hits="0"/>
						<line number="211" hits="0" branch="true" condition-coverage="0% (0/2)" missing-branches="212,214"/>
						<line number="212" hits="0"/>
						<line number="214" hits="0"/>
						<line number="220" hits="0"/>
						<line number="222" hits="0" branch="true" condition-coverage="0% (0/2)" missing-branches="223,225"/>
						<line number="223" hits="0"/>
						<line number="225" hits="0"/>
						<line number="226" hits="0"/>
						<line number="228" hits="0"/>
						<line number="230" hits="0"/>
						<line number="237" hits="0"/>
						<line number="240" hits="0"/>
						<line number="241" hits="0" branch="true" condition-coverage="0% (0/2)" missing-branches="242,244"/>
						<line number="242" hits="0"/>
						<line number="244" hits="0" branch="true" condition-coverage="0% (0/2)" missing-branches="245,250"/>
						<line number="245" hits="0"/>
						<line number="246" hits="0"/>
						<line number="247" hits="0"/>
						<line number="250" hits="0"/>
						<line number="251" hits="0"/>
						<line number="253" hits="0" branch="true" condition-coverage="0% (0/2)" missing-branches="254,281"/>
						<line number="254" hits="0"/>
						<line number="255" hits="0" branch="true" condition-coverage="0% (0/2)" missing-branches="256,258"/>
						<line number="256" hits="0"/>
						<line number="258" hits="0"/>
						<line number="259" hits="0"/>
						<line number="262" hits="0" branch="true" condition-coverage="0% (0/2)" missing-branches="263,273"/>
						<line number="263" hits="0"/>
						<line number="264" hits="0"/>
						<line number="266" hits="0" branch="true" condition-coverage="0% (0/2)" missing-branches="262,268"/>
						<line number="268" hits="0"/>
						<line number="269" hits="0"/>
						<line number="270" hits="0"/>
						<line number="271" hits="0"/>
						<line number="273" hits="0" branch="true" condition-coverage="0% (0/2)" missing-branches="274,276"/>
						<line number="274" hits="0"/>
						<line number="276" hits="0"/>
						<line number="281" hits="0"/>
						<line number="283" hits="0" branch="true" condition-coverage="0% (0/2)" missing-branches="284,286"/>
						<line number="284" hits="0"/>
						<line number="286" hits="0"/>
						<line number="288" hits="0"/>
						<line number="290" hits="0"/>
						<line number="295" hits="0"/>
						<line number="296" hits="0"/>
						<line number="299" hits="0"/>
						<line number="305" hits="0"/>
						<line number="308" hits="0" branch="true" condition-coverage="0% (0/2)" missing-branches="309,327"/>
						<line number="309" hits="0" branch="true" condition-coverage="0% (0/2)" missing-branches="308,311"/>
						<line number="311" hits="0" branch="true" condition-coverage="0% (0/2)" missing-branches="308,312"/>
						<line number="312" hits="0"/>
						<line number="314" hits="0" branch="true" condition-coverage="0% (0/2)" missing-branches="311,315"/>
						<line number="315" hits="0"/>
						<line number="316" hits="0"/>
						<line number="317" hits="0" branch="true" condition-coverage="0% (0/2)" missing-branches="314,318"/>
						<line number="318" hits="0"/>
						<line number="323" hits="0"/>
						<line number="324" hits="0"/>
						<line number="325" hits="0"/>
						<line number="327" hits="0"/>
						<line number="328" hits="0"/>
						<line number="330" hits="0"/>
						<line number="332" hits="0"/>
						<line number="337" hits="0"/>
						<line number="338" hits="0"/>
						<line number="341" hits="0"/>
						<line number="347" hits="0"/>
						<line number="350" hits="0" branch="true" condition-coverage="0% (0/2)" missing-branches="351,361"/>
						<line number="351" hits="0" branch="true" condition-coverage="0% (0/2)" missing-branches="350,353"/>
						<line number="353" hits="0" branch="true" condition-coverage="0% (0/2)" missing-branches="350,354"/>
						<line number="354" hits="0" branch="true" condition-coverage="0% (0/2)" missing-branches="353,355"/>
						<line number="355" hits="0"/>
						<line number="359" hits="0"/>
						<line number="361" hits="0"/>
						<line number="362" hits="0"/>
						<line number="364" hits="0"/>
						<line number="366" hits="0"/>
						<line number="372" hits="0"/>
						<line number="373" hits="0"/>
						<line number="376" hits="0"/>
						<line number="377" hits="0"/>
						<line number="380" hits="0"/>
						<line number="381" hits="0"/>
						<line number="383" hits="0" branch="true" condition-coverage="0% (0/2)" missing-branches="384,386"/>
						<line number="384" hits="0"/>
						<line number="386" hits="0"/>
						<line number="387" hits="0"/>
						<line number="389" hits="0"/>
						<line number="391" hits="0"/>
						<line number="392" hits="0"/>
						<line number="393" hits="0"/>
						<line number="394" hits="0"/>
						<line number="395" hits="0"/>
						<line number="396" hits="0"/>
						<line number="397" hits="0"/>
						<line number="400" hits="0"/>
						<line number="401" hits="0"/>
						<line number="402" hits="0" branch="true" condition-coverage="0% (0/2)" missing-branches="403,405"/>
						<line number="403" hits="0"/>
						<line number="405" hits="0"/>
						<line number="406" hits="0" branch="true" condition-coverage="0% (0/2)" missing-branches="407,408"/>
						<line number="407" hits="0"/>
						<line number="408" hits="0"/>
						<line number="411" hits="0"/>
						<line number="412" hits="0"/>
						<line number="413" hits="0" branch="true" condition-coverage="0% (0/2)" missing-branches="414,416"/>
						<line number="414" hits="0"/>
						<line number="416" hits="0"/>
						<line number="417" hits="0" branch="true" condition-coverage="0% (0/2)" missing-branches="418,419"/>
						<line number="418" hits="0"/>
						<line number="419" hits="0"/>
						<line number="422" hits="0"/>
						<line number="423" hits="0"/>
						<line number="424" hits="0"/>
						<line number="425" hits="0" branch="true" condition-coverage="0% (0/2)" missing-branches="426,430"/>
						<line number="426" hits="0"/>
						<line number="427" hits="0" branch="true" condition-coverage="0% (0/2)" missing-branches="428,431"/>
						<line number="428" hits="0"/>
						<line number="430" hits="0"/>
						<line number="431" hits="0"/>
						<line number="434" hits="0"/>
						<line number="435" hits="0"/>
						<line number="436" hits="0"/>
						<line number="437" hits="0" branch="true" condition-coverage="0% (0/2)" missing-branches="438,440"/>
						<line number="438" hits="0"/>
						<line number="440" hits="0"/>
						<line number="441" hits="0"/>
						<line number="444" hits="0"/>
						<line number="445" hits="0"/>
						<line number="446" hits="0" branch="true" condition-coverage="0% (0/2)" missing-branches="447,449"/>
						<line number="447" hits="0"/>
						<line number="449" hits="0"/>
						<line number="450" hits="0" branch="true" condition-coverage="0% (0/2)" missing-branches="451,452"/>
						<line number="451" hits="0"/>
						<line number="452" hits="0"/>
						<line number="455" hits="0"/>
						<line number="456" hits="0"/>
						<line number="457" hits="0"/>
						<line number="458" hits="0"/>
						<line number="459" hits="0" branch="true" condition-coverage="0% (0/2)" missing-branches="460,462"/>
						<line number="460" hits="0"/>
						<line number="462" hits="0"/>
						<line number="463" hits="0"/>
						<line number="466" hits="0" branch="true" condition-coverage="0% (0/2)" missing-branches="467,472"/>
						<line number="467" hits="0"/>
						<line number="468" hits="0" branch="true" condition-coverage="0% (0/2)" missing-branches="469,470"/>
						<line number="469" hits="0"/>
						<line number="470" hits="0"/>
						<line number="472" hits="0" branch="true" condition-coverage="0% (0/2)" missing-branches="473,477"/>
						<line number="473" hits="0"/>
						<line number="474" hits="0" branch="true" condition-coverage="0% (0/2)" missing-branches="475,477"/>
						<line number="475" hits="0"/>
						<line number="477" hits="0"/>
					</lines>
				</class>
				<class name="auto_handoff.py" filename="auto_handoff.py" complexity="0" line-rate="0" branch-rate="0">
					<methods/>
					<lines>
						<line number="6" hits="0"/>
						<line number="7" hits="0"/>
						<line number="8" hits="0"/>
						<line number="9" hits="0"/>
						<line number="10" hits="0"/>
						<line number="11" hits="0"/>
						<line number="14" hits="0"/>
						<line number="20" hits="0"/>
						<line number="21" hits="0"/>
						<line number="22" hits="0"/>
						<line number="24" hits="0"/>
						<line number="29" hits="0"/>
						<line number="42" hits="0"/>
						<line number="44" hits="0"/>
						<line number="47" hits="0"/>
						<line number="53" hits="0"/>
						<line number="56" hits="0"/>
						<line number="59" hits="0"/>
						<line number="66" hits="0"/>
						<line number="70" hits="0"/>
						<line number="72" hits="0"/>
						<line number="84" hits="0"/>
						<line number="86" hits="0"/>
						<line number="87" hits="0"/>
						<line number="89" hits="0"/>
						<line number="92" hits="0" branch="true" condition-coverage="0% (0/2)" missing-branches="93,103"/>
						<line number="93" hits="0"/>
						<line number="95" hits="0"/>
						<line number="96" hits="0"/>
						<line number="97" hits="0" branch="true" condition-coverage="0% (0/2)" missing-branches="98,103"/>
						<line number="98" hits="0"/>
						<line number="99" hits="0"/>
						<line number="100" hits="0"/>
						<line number="103" hits="0" branch="true" condition-coverage="0% (0/2)" missing-branches="104,112"/>
						<line number="104" hits="0"/>
						<line number="105" hits="0"/>
						<line number="112" hits="0"/>
						<line number="113" hits="0"/>
						<line number="123" hits="0" branch="true" condition-coverage="0% (0/2)" missing-branches="124,128"/>
						<line number="124" hits="0"/>
						<line number="125" hits="0"/>
						<line number="126" hits="0"/>
						<line number="128" hits="0"/>
						<line number="130" hits="0"/>
						<line number="132" hits="0"/>
						<line number="134" hits="0" branch="true" condition-coverage="0% (0/2)" missing-branches="135,137"/>
						<line number="135" hits="0"/>
						<line number="137" hits="0"/>
						<line number="139" hits="0"/>
						<line number="147" hits="0"/>
						<line number="149" hits="0"/>
						<line number="155" hits="0"/>
						<line number="157" hits="0"/>
						<line number="160" hits="0"/>
						<line number="167" hits="0"/>
						<line number="178" hits="0"/>
						<line number="188" hits="0"/>
						<line number="190" hits="0"/>
						<line number="196" hits="0"/>
						<line number="199" hits="0"/>
						<line number="200" hits="0"/>
						<line number="202" hits="0"/>
						<line number="209" hits="0"/>
						<line number="211" hits="0"/>
						<line number="212" hits="0"/>
						<line number="215" hits="0"/>
						<line number="216" hits="0"/>
						<line number="217" hits="0" branch="true" condition-coverage="0% (0/2)" missing-branches="218,227"/>
						<line number="218" hits="0" branch="true" condition-coverage="0% (0/2)" missing-branches="219,221"/>
						<line number="219" hits="0"/>
						<line number="220" hits="0"/>
						<line number="221" hits="0" branch="true" condition-coverage="0% (0/2)" missing-branches="222,223"/>
						<line number="222" hits="0"/>
						<line number="223" hits="0" branch="true" condition-coverage="0% (0/2)" missing-branches="217,224"/>
						<line number="224" hits="0"/>
						<line number="225" hits="0"/>
						<line number="227" hits="0"/>
						<line number="228" hits="0"/>
						<line number="229" hits="0"/>
						<line number="231" hits="0"/>
						<line number="233" hits="0"/>
						<line number="236" hits="0"/>
						<line number="238" hits="0" branch="true" condition-coverage="0% (0/2)" missing-branches="239,243"/>
						<line number="239" hits="0"/>
						<line number="240" hits="0"/>
						<line number="241" hits="0"/>
						<line number="243" hits="0"/>
						<line number="246" hits="0"/>
						<line number="247" hits="0" branch="true" condition-coverage="0% (0/2)" missing-branches="248,267"/>
						<line number="248" hits="0"/>
						<line number="249" hits="0"/>
						<line number="252" hits="0"/>
						<line number="263" hits="0" branch="true" condition-coverage="0% (0/2)" missing-branches="264,267"/>
						<line number="264" hits="0"/>
						<line number="267" hits="0"/>
						<line number="268" hits="0" branch="true" condition-coverage="0% (0/2)" missing-branches="269,270"/>
						<line number="269" hits="0"/>
						<line number="270" hits="0" branch="true" condition-coverage="0% (0/2)" missing-branches="271,274"/>
						<line number="271" hits="0"/>
						<line number="274" hits="0" branch="true" condition-coverage="0% (0/2)" missing-branches="275,283"/>
						<line number="275" hits="0"/>
						<line number="283" hits="0"/>
						<line number="285" hits="0"/>
						<line number="287" hits="0"/>
						<line number="290" hits="0"/>
						<line number="291" hits="0" branch="true" condition-coverage="0% (0/2)" missing-branches="292,301"/>
						<line number="292" hits="0"/>
						<line number="301" hits="0"/>
						<line number="302" hits="0" branch="true" condition-coverage="0% (0/2)" missing-branches="303,312"/>
						<line number="303" hits="0"/>
						<line number="312" hits="0"/>
						<line number="313" hits="0" branch="true" condition-coverage="0% (0/2)" missing-branches="314,327"/>
						<line number="314" hits="0" branch="true" condition-coverage="0% (0/2)" missing-branches="315,327"/>
						<line number="315" hits="0" branch="true" condition-coverage="0% (0/2)" missing-branches="314,317"/>
						<line number="317" hits="0"/>
						<line number="318" hits="0" branch="true" condition-coverage="0% (0/2)" missing-branches="314,319"/>
						<line number="319" hits="0"/>
						<line number="327" hits="0"/>
						<line number="329" hits="0"/>
						<line number="331" hits="0"/>
						<line number="341" hits="0"/>
						<line number="343" hits="0"/>
						<line number="344" hits="0"/>
						<line number="348" hits="0"/>
						<line number="349" hits="0"/>
						<line number="351" hits="0"/>
						<line number="353" hits="0"/>
						<line number="355" hits="0"/>
						<line number="356" hits="0"/>
						<line number="357" hits="0"/>
						<line number="360" hits="0"/>
						<line number="361" hits="0"/>
						<line number="369" hits="0" branch="true" condition-coverage="0% (0/2)" missing-branches="370,376"/>
						<line number="370" hits="0" branch="true" condition-coverage="0% (0/2)" missing-branches="371,373"/>
						<line number="371" hits="0"/>
						<line number="373" hits="0"/>
						<line number="376" hits="0"/>
						<line number="377" hits="0"/>
						<line number="378" hits="0"/>
						<line number="379" hits="0"/>
						<line number="380" hits="0"/>
						<line number="381" hits="0"/>
						<line number="384" hits="0"/>
						<line number="385" hits="0" branch="true" condition-coverage="0% (0/2)" missing-branches="386,395"/>
						<line number="386" hits="0"/>
						<line number="387" hits="0" branch="true" condition-coverage="0% (0/2)" missing-branches="388,389"/>
						<line number="388" hits="0"/>
						<line number="389" hits="0" branch="true" condition-coverage="0% (0/2)" missing-branches="390,391"/>
						<line number="390" hits="0"/>
						<line number="391" hits="0" branch="true" condition-coverage="0% (0/2)" missing-branches="392,395"/>
						<line number="392" hits="0"/>
						<line number="395" hits="0"/>
						<line number="396" hits="0" branch="true" condition-coverage="0% (0/2)" missing-branches="397,402"/>
						<line number="397" hits="0"/>
						<line number="398" hits="0" branch="true" condition-coverage="0% (0/2)" missing-branches="399,402"/>
						<line number="399" hits="0"/>
						<line number="402" hits="0"/>
						<line number="403" hits="0"/>
						<line number="404" hits="0"/>
						<line number="405" hits="0"/>
						<line number="408" hits="0"/>
						<line number="409" hits="0" branch="true" condition-coverage="0% (0/2)" missing-branches="410,416"/>
						<line number="410" hits="0"/>
						<line number="411" hits="0" branch="true" condition-coverage="0% (0/2)" missing-branches="412,416"/>
						<line number="412" hits="0"/>
						<line number="413" hits="0"/>
						<line number="416" hits="0"/>
						<line number="417" hits="0" branch="true" condition-coverage="0% (0/2)" missing-branches="418,423"/>
						<line number="418" hits="0"/>
						<line number="419" hits="0" branch="true" condition-coverage="0% (0/2)" missing-branches="420,423"/>
						<line number="420" hits="0"/>
						<line number="423" hits="0"/>
						<line number="424" hits="0" branch="true" condition-coverage="0% (0/2)" missing-branches="425,434"/>
						<line number="425" hits="0"/>
						<line number="426" hits="0" branch="true" condition-coverage="0% (0/2)" missing-branches="427,428"/>
						<line number="427" hits="0"/>
						<line number="428" hits="0" branch="true" condition-coverage="0% (0/2)" missing-branches="429,430"/>
						<line number="429" hits="0"/>
						<line number="430" hits="0" branch="true" condition-coverage="0% (0/2)" missing-branches="431,434"/>
						<line number="431" hits="0"/>
						<line number="434" hits="0"/>
						<line number="435" hits="0"/>
						<line number="436" hits="0"/>
						<line number="437" hits="0" branch="true" condition-coverage="0% (0/2)" missing-branches="438,443"/>
						<line number="438" hits="0" branch="true" condition-coverage="0% (0/2)" missing-branches="439,443"/>
						<line number="439" hits="0" branch="true" condition-coverage="0% (0/2)" missing-branches="438,440"/>
						<line number="440" hits="0"/>
						<line number="443" hits="0"/>
						<line number="444" hits="0"/>
						<line number="452" hits="0" branch="true" condition-coverage="0% (0/2)" missing-branches="453,456"/>
						<line number="453" hits="0"/>
						<line number="456" hits="0"/>
						<line number="457" hits="0"/>
						<line number="458" hits="0"/>
						<line number="459" hits="0"/>
						<line number="460" hits="0"/>
						<line number="461" hits="0"/>
						<line number="462" hits="0"/>
						<line number="464" hits="0"/>
						<line number="465" hits="0"/>
						<line number="466" hits="0"/>
						<line number="467" hits="0"/>
						<line number="469" hits="0"/>
						<line number="471" hits="0"/>
						<line number="474" hits="0"/>
						<line number="475" hits="0"/>
						<line number="476" hits="0" branch="true" condition-coverage="0% (0/2)" missing-branches="477,478"/>
						<line number="477" hits="0"/>
						<line number="478" hits="0"/>
						<line number="480" hits="0"/>
						<line number="483" hits="0"/>
						<line number="492" hits="0"/>
						<line number="493" hits="0"/>
						<line number="495" hits="0"/>
						<line number="497" hits="0"/>
						<line number="499" hits="0"/>
						<line number="501" hits="0"/>
						<line number="503" hits="0" branch="true" condition-coverage="0% (0/2)" missing-branches="504,505"/>
						<line number="504" hits="0"/>
						<line number="505" hits="0"/>
					</lines>
				</class>
				<class name="build.py" filename="build.py" complexity="0" line-rate="0.1057" branch-rate="0">
					<methods/>
					<lines>
						<line number="6" hits="1"/>
						<line number="7" hits="1"/>
						<line number="10" hits="1"/>
						<line number="11" hits="1"/>
						<line number="12" hits="1"/>
						<line number="13" hits="1"/>
						<line number="14" hits="1"/>
						<line number="16" hits="1"/>
						<line number="19" hits="0"/>
						<line number="20" hits="0" branch="true" condition-coverage="0% (0/2)" missing-branches="21,24"/>
						<line number="21" hits="0"/>
						<line number="24" hits="0" branch="true" condition-coverage="0% (0/2)" missing-branches="25,26"/>
						<line number="25" hits="0"/>
						<line number="26" hits="0" branch="true" condition-coverage="0% (0/2)" missing-branches="27,30"/>
						<line number="27" hits="0"/>
						<line number="30" hits="0"/>
						<line number="32" hits="1"/>
						<line number="34" hits="0"/>
						<line number="36" hits="0"/>
						<line number="39" hits="0" branch="true" condition-coverage="0% (0/2)" missing-branches="40,70"/>
						<line number="40" hits="0"/>
						<line number="41" hits="0" branch="true" condition-coverage="0% (0/2)" missing-branches="42,43"/>
						<line number="42" hits="0"/>
						<line number="43" hits="0" branch="true" condition-coverage="0% (0/2)" missing-branches="45,54"/>
						<line number="45" hits="0"/>
						<line number="46" hits="0" branch="true" condition-coverage="0% (0/2)" missing-branches="47,54"/>
						<line number="47" hits="0"/>
						<line number="48" hits="0" branch="true" condition-coverage="0% (0/2)" missing-branches="49,54"/>
						<line number="49" hits="0"/>
						<line number="50" hits="0"/>
						<line number="51" hits="0"/>
						<line number="54" hits="0" branch="true" condition-coverage="0% (0/2)" missing-branches="55,99"/>
						<line number="55" hits="0"/>
						<line number="56" hits="0"/>
						<line number="57" hits="0"/>
						<line number="58" hits="0" branch="true" condition-coverage="0% (0/2)" missing-branches="59,60"/>
						<line number="59" hits="0"/>
						<line number="60" hits="0" branch="true" condition-coverage="0% (0/2)" missing-branches="61,62"/>
						<line number="61" hits="0"/>
						<line number="62" hits="0" branch="true" condition-coverage="0% (0/2)" missing-branches="63,64"/>
						<line number="63" hits="0"/>
						<line number="64" hits="0" branch="true" condition-coverage="0% (0/2)" missing-branches="65,99"/>
						<line number="65" hits="0"/>
						<line number="66" hits="0"/>
						<line number="67" hits="0"/>
						<line number="70" hits="0" branch="true" condition-coverage="0% (0/2)" missing-branches="71,88"/>
						<line number="71" hits="0"/>
						<line number="72" hits="0"/>
						<line number="73" hits="0"/>
						<line number="75" hits="0"/>
						<line number="76" hits="0"/>
						<line number="77" hits="0"/>
						<line number="78" hits="0" branch="true" condition-coverage="0% (0/2)" missing-branches="79,80"/>
						<line number="79" hits="0"/>
						<line number="80" hits="0" branch="true" condition-coverage="0% (0/2)" missing-branches="81,82"/>
						<line number="81" hits="0"/>
						<line number="82" hits="0" branch="true" condition-coverage="0% (0/2)" missing-branches="83,99"/>
						<line number="83" hits="0"/>
						<line number="84" hits="0"/>
						<line number="85" hits="0"/>
						<line number="88" hits="0" branch="true" condition-coverage="0% (0/2)" missing-branches="89,92"/>
						<line number="89" hits="0"/>
						<line number="92" hits="0" branch="true" condition-coverage="0% (0/2)" missing-branches="93,96"/>
						<line number="93" hits="0"/>
						<line number="96" hits="0" branch="true" condition-coverage="0% (0/2)" missing-branches="97,99"/>
						<line number="97" hits="0"/>
						<line number="99" hits="0"/>
						<line number="101" hits="1"/>
						<line number="104" hits="0"/>
						<line number="105" hits="0" branch="true" condition-coverage="0% (0/2)" missing-branches="106,109"/>
						<line number="106" hits="0"/>
						<line number="107" hits="0"/>
						<line number="109" hits="0" branch="true" condition-coverage="0% (0/2)" missing-branches="110,111"/>
						<line number="110" hits="0"/>
						<line number="111" hits="0" branch="true" condition-coverage="0% (0/2)" missing-branches="112,113"/>
						<line number="112" hits="0"/>
						<line number="113" hits="0" branch="true" condition-coverage="0% (0/2)" missing-branches="114,115"/>
						<line number="114" hits="0"/>
						<line number="115" hits="0" branch="true" condition-coverage="0% (0/2)" missing-branches="116,118"/>
						<line number="116" hits="0"/>
						<line number="118" hits="0"/>
						<line number="120" hits="1"/>
						<line number="122" hits="0"/>
						<line number="125" hits="0"/>
						<line number="126" hits="0"/>
						<line number="127" hits="0"/>
						<line number="132" hits="0"/>
						<line number="133" hits="0"/>
						<line number="136" hits="0"/>
						<line number="137" hits="0"/>
						<line number="138" hits="0"/>
						<line number="143" hits="0"/>
						<line number="144" hits="0"/>
						<line number="146" hits="0"/>
						<line number="148" hits="1"/>
						<line number="150" hits="0"/>
						<line number="152" hits="0"/>
						<line number="153" hits="0"/>
						<line number="154" hits="0"/>
						<line number="159" hits="0"/>
						<line number="160" hits="0"/>
						<line number="162" hits="1"/>
						<line number="164" hits="0"/>
						<line number="166" hits="0"/>
						<line number="167" hits="0"/>
						<line number="168" hits="0"/>
						<line number="173" hits="0"/>
						<line number="174" hits="0"/>
						<line number="176" hits="1"/>
						<line number="178" hits="0"/>
						<line number="180" hits="0"/>
						<line number="181" hits="0"/>
						<line number="182" hits="0"/>
						<line number="187" hits="0"/>
						<line number="188" hits="0"/>
						<line number="190" hits="1"/>
						<line number="192" hits="0"/>
						<line number="194" hits="0" branch="true" condition-coverage="0% (0/2)" missing-branches="195,196"/>
						<line number="195" hits="0"/>
						<line number="196" hits="0" branch="true" condition-coverage="0% (0/2)" missing-branches="197,198"/>
						<line number="197" hits="0"/>
						<line number="198" hits="0" branch="true" condition-coverage="0% (0/2)" missing-branches="199,200"/>
						<line number="199" hits="0"/>
						<line number="200" hits="0" branch="true" condition-coverage="0% (0/2)" missing-branches="201,202"/>
						<line number="201" hits="0"/>
						<line number="202" hits="0" branch="true" condition-coverage="0% (0/2)" missing-branches="203,206"/>
						<line number="203" hits="0"/>
						<line number="206" hits="0"/>
						<line number="208" hits="1"/>
						<line number="211" hits="0"/>
						<line number="212" hits="0" branch="true" condition-coverage="0% (0/2)" missing-branches="213,217"/>
						<line number="213" hits="0"/>
						<line number="214" hits="0"/>
						<line number="217" hits="0" branch="true" condition-coverage="0% (0/2)" missing-branches="218,219"/>
						<line number="218" hits="0"/>
						<line number="219" hits="0" branch="true" condition-coverage="0% (0/2)" missing-branches="220,222"/>
						<line number="220" hits="0"/>
						<line number="222" hits="0"/>
						<line number="224" hits="1"/>
						<line number="226" hits="0"/>
						<line number="239" hits="0" branch="true" condition-coverage="0% (0/2)" missing-branches="240,251"/>
						<line number="240" hits="0"/>
						<line number="241" hits="0"/>
						<line number="242" hits="0"/>
						<line number="243" hits="0" branch="true" condition-coverage="0% (0/2)" missing-branches="244,247"/>
						<line number="244" hits="0"/>
						<line number="245" hits="0"/>
						<line number="246" hits="0"/>
						<line number="247" hits="0"/>
						<line number="248" hits="0"/>
						<line number="249" hits="0"/>
						<line number="251" hits="0"/>
						<line number="253" hits="1"/>
						<line number="255" hits="0"/>
						<line number="261" hits="0" branch="true" condition-coverage="0% (0/2)" missing-branches="262,273"/>
						<line number="262" hits="0"/>
						<line number="263" hits="0"/>
						<line number="264" hits="0"/>
						<line number="265" hits="0" branch="true" condition-coverage="0% (0/2)" missing-branches="266,269"/>
						<line number="266" hits="0"/>
						<line number="267" hits="0"/>
						<line number="268" hits="0"/>
						<line number="269" hits="0"/>
						<line number="270" hits="0"/>
						<line number="271" hits="0"/>
						<line number="273" hits="0"/>
						<line number="275" hits="1"/>
						<line number="277" hits="0" branch="true" condition-coverage="0% (0/2)" missing-branches="278,287"/>
						<line number="278" hits="0"/>
						<line number="287" hits="0" branch="true" condition-coverage="0% (0/2)" missing-branches="288,289"/>
						<line number="288" hits="0"/>
						<line number="289" hits="0" branch="true" condition-coverage="0% (0/2)" missing-branches="290,292"/>
						<line number="290" hits="0"/>
						<line number="292" hits="0"/>
						<line number="294" hits="1"/>
						<line number="296" hits="0"/>
						<line number="297" hits="0"/>
						<line number="299" hits="0"/>
						<line number="300" hits="0"/>
						<line number="302" hits="0"/>
						<line number="303" hits="0"/>
						<line number="307" hits="0"/>
						<line number="308" hits="0"/>
						<line number="310" hits="1"/>
						<line number="312" hits="0"/>
						<line number="313" hits="0"/>
						<line number="315" hits="0"/>
						<line number="316" hits="0"/>
						<line number="318" hits="0"/>
						<line number="319" hits="0"/>
						<line number="323" hits="0"/>
						<line number="324" hits="0"/>
						<line number="326" hits="1"/>
						<line number="329" hits="0"/>
						<line number="346" hits="0" branch="true" condition-coverage="0% (0/2)" missing-branches="347,403"/>
						<line number="347" hits="0"/>
						<line number="349" hits="0"/>
						<line number="351" hits="0" branch="true" condition-coverage="0% (0/2)" missing-branches="346,353"/>
						<line number="353" hits="0" branch="true" condition-coverage="0% (0/2)" missing-branches="354,355"/>
						<line number="354" hits="0"/>
						<line number="355" hits="0" branch="true" condition-coverage="0% (0/2)" missing-branches="356,357"/>
						<line number="356" hits="0"/>
						<line number="357" hits="0" branch="true" condition-coverage="0% (0/2)" missing-branches="358,359"/>
						<line number="358" hits="0"/>
						<line number="359" hits="0" branch="true" condition-coverage="0% (0/2)" missing-branches="360,361"/>
						<line number="360" hits="0"/>
						<line number="361" hits="0" branch="true" condition-coverage="0% (0/2)" missing-branches="362,363"/>
						<line number="362" hits="0"/>
						<line number="363" hits="0" branch="true" condition-coverage="0% (0/2)" missing-branches="364,365"/>
						<line number="364" hits="0"/>
						<line number="365" hits="0" branch="true" condition-coverage="0% (0/2)" missing-branches="366,368"/>
						<line number="366" hits="0"/>
						<line number="368" hits="0"/>
						<line number="371" hits="0"/>
						<line number="379" hits="0" branch="true" condition-coverage="0% (0/2)" missing-branches="381,394"/>
						<line number="381" hits="0"/>
						<line number="382" hits="0" branch="true" condition-coverage="0% (0/2)" missing-branches="383,388"/>
						<line number="383" hits="0"/>
						<line number="388" hits="0"/>
						<line number="394" hits="0"/>
						<line number="399" hits="0"/>
						<line number="400" hits="0"/>
						<line number="403" hits="0"/>
						<line number="408" hits="1"/>
						<line number="410" hits="0"/>
						<line number="411" hits="0"/>
						<line number="418" hits="0"/>
						<line number="422" hits="0"/>
						<line number="423" hits="0"/>
						<line number="425" hits="1"/>
						<line number="428" hits="0" branch="true" condition-coverage="0% (0/2)" missing-branches="429,435"/>
						<line number="429" hits="0"/>
						<line number="430" hits="0"/>
						<line number="431" hits="0" branch="true" condition-coverage="0% (0/2)" missing-branches="428,432"/>
						<line number="432" hits="0"/>
						<line number="433" hits="0"/>
						<line number="434" hits="0"/>
						<line number="435" hits="0"/>
						<line number="437" hits="1"/>
						<line number="439" hits="0"/>
						<line number="440" hits="0"/>
						<line number="441" hits="0"/>
						<line number="445" hits="0"/>
						<line number="446" hits="0"/>
						<line number="448" hits="1"/>
						<line number="450" hits="0"/>
						<line number="451" hits="0"/>
						<line number="452" hits="0"/>
						<line number="456" hits="0"/>
						<line number="457" hits="0"/>
						<line number="459" hits="1"/>
						<line number="462" hits="0" branch="true" condition-coverage="0% (0/2)" missing-branches="467,473"/>
						<line number="467" hits="0"/>
						<line number="468" hits="0"/>
						<line number="469" hits="0" branch="true" condition-coverage="0% (0/2)" missing-branches="462,470"/>
						<line number="470" hits="0"/>
						<line number="471" hits="0"/>
						<line number="472" hits="0"/>
						<line number="473" hits="0"/>
						<line number="475" hits="1"/>
						<line number="477" hits="0"/>
						<line number="478" hits="0" branch="true" condition-coverage="0% (0/2)" missing-branches="479,481"/>
						<line number="479" hits="0" branch="true" condition-coverage="0% (0/2)" missing-branches="478,480"/>
						<line number="480" hits="0"/>
						<line number="481" hits="0"/>
					</lines>
				</class>
				<class name="claude_integration.py" filename="claude_integration.py" complexity="0" line-rate="0" branch-rate="0">
					<methods/>
					<lines>
						<line number="6" hits="0"/>
						<line number="7" hits="0"/>
						<line number="10" hits="0"/>
						<line number="14" hits="0"/>
						<line number="122" hits="0"/>
						<line number="123" hits="0"/>
						<line number="125" hits="0"/>
						<line number="126" hits="0"/>
						<line number="129" hits="0"/>
						<line number="131" hits="0"/>
						<line number="132" hits="0" branch="true" condition-coverage="0% (0/2)" missing-branches="134,143"/>
						<line number="134" hits="0"/>
						<line number="136" hits="0" branch="true" condition-coverage="0% (0/2)" missing-branches="137,149"/>
						<line number="137" hits="0"/>
						<line number="138" hits="0" branch="true" condition-coverage="0% (0/2)" missing-branches="136,139"/>
						<line number="139" hits="0"/>
						<line number="140" hits="0"/>
						<line number="143" hits="0" branch="true" condition-coverage="0% (0/2)" missing-branches="144,149"/>
						<line number="144" hits="0"/>
						<line number="145" hits="0" branch="true" condition-coverage="0% (0/2)" missing-branches="143,146"/>
						<line number="146" hits="0"/>
						<line number="147" hits="0"/>
						<line number="149" hits="0"/>
						<line number="151" hits="0"/>
						<line number="152" hits="0"/>
						<line number="154" hits="0"/>
						<line number="155" hits="0"/>
						<line number="157" hits="0"/>
						<line number="158" hits="0" branch="true" condition-coverage="0% (0/2)" missing-branches="159,182"/>
						<line number="159" hits="0"/>
						<line number="180" hits="0"/>
						<line number="181" hits="0"/>
						<line number="182" hits="0"/>
						<line number="184" hits="0"/>
						<line number="185" hits="0"/>
						<line number="187" hits="0"/>
						<line number="189" hits="0" branch="true" condition-coverage="0% (0/2)" missing-branches="190,218"/>
						<line number="190" hits="0"/>
						<line number="216" hits="0"/>
						<line number="217" hits="0"/>
						<line number="218" hits="0"/>
						<line number="220" hits="0"/>
						<line number="221" hits="0"/>
						<line number="223" hits="0"/>
						<line number="228" hits="0"/>
					</lines>
				</class>
				<class name="cli.py" filename="cli.py" complexity="0" line-rate="0" branch-rate="0">
					<methods/>
					<lines>
						<line number="7" hits="0"/>
						<line number="8" hits="0"/>
						<line number="9" hits="0"/>
						<line number="10" hits="0"/>
						<line number="11" hits="0"/>
						<line number="12" hits="0"/>
						<line number="14" hits="0"/>
						<line number="16" hits="0"/>
						<line number="17" hits="0"/>
						<line number="20" hits="0"/>
						<line number="21" hits="0"/>
						<line number="22" hits="0"/>
						<line number="23" hits="0"/>
						<line number="25" hits="0"/>
						<line number="28" hits="0"/>
						<line number="29" hits="0"/>
						<line number="30" hits="0"/>
						<line number="31" hits="0"/>
						<line number="37" hits="0"/>
						<line number="38" hits="0"/>
						<line number="42" hits="0" branch="true" condition-coverage="0% (0/2)" missing-branches="43,59"/>
						<line number="43" hits="0"/>
						<line number="45" hits="0"/>
						<line number="47" hits="0" branch="true" condition-coverage="0% (0/2)" missing-branches="49,55"/>
						<line number="49" hits="0"/>
						<line number="50" hits="0"/>
						<line number="51" hits="0"/>
						<line number="52" hits="0"/>
						<line number="55" hits="0"/>
						<line number="56" hits="0"/>
						<line number="59" hits="0"/>
						<line number="62" hits="0"/>
						<line number="65" hits="0" branch="true" condition-coverage="0% (0/2)" missing-branches="66,70"/>
						<line number="66" hits="0"/>
						<line number="67" hits="0"/>
						<line number="70" hits="0"/>
						<line number="72" hits="0"/>
						<line number="73" hits="0"/>
						<line number="75" hits="0" branch="true" condition-coverage="0% (0/2)" missing-branches="76,77"/>
						<line number="76" hits="0"/>
						<line number="77" hits="0" branch="true" condition-coverage="0% (0/2)" missing-branches="78,79"/>
						<line number="78" hits="0"/>
						<line number="79" hits="0" branch="true" condition-coverage="0% (0/2)" missing-branches="80,83"/>
						<line number="80" hits="0"/>
						<line number="83" hits="0"/>
						<line number="93" hits="0"/>
						<line number="94" hits="0"/>
						<line number="95" hits="0"/>
						<line number="96" hits="0"/>
						<line number="97" hits="0"/>
						<line number="100" hits="0" branch="true" condition-coverage="0% (0/2)" missing-branches="101,105"/>
						<line number="101" hits="0"/>
						<line number="102" hits="0"/>
						<line number="105" hits="0" branch="true" condition-coverage="0% (0/2)" missing-branches="106,110"/>
						<line number="106" hits="0"/>
						<line number="107" hits="0"/>
						<line number="110" hits="0"/>
						<line number="112" hits="0"/>
						<line number="113" hits="0"/>
						<line number="115" hits="0"/>
						<line number="116" hits="0"/>
						<line number="119" hits="0"/>
						<line number="120" hits="0"/>
						<line number="121" hits="0"/>
						<line number="127" hits="0"/>
						<line number="128" hits="0"/>
						<line number="130" hits="0" branch="true" condition-coverage="0% (0/2)" missing-branches="131,132"/>
						<line number="131" hits="0"/>
						<line number="132" hits="0" branch="true" condition-coverage="0% (0/2)" missing-branches="133,134"/>
						<line number="133" hits="0"/>
						<line number="134" hits="0" branch="true" condition-coverage="0% (0/2)" missing-branches="135,136"/>
						<line number="135" hits="0"/>
						<line number="136" hits="0" branch="true" condition-coverage="0% (0/2)" missing-branches="exit,137"/>
						<line number="137" hits="0"/>
						<line number="138" hits="0"/>
						<line number="140" hits="0"/>
						<line number="141" hits="0"/>
						<line number="144" hits="0"/>
						<line number="156" hits="0" branch="true" condition-coverage="0% (0/2)" missing-branches="157,161"/>
						<line number="157" hits="0"/>
						<line number="158" hits="0"/>
						<line number="159" hits="0" branch="true" condition-coverage="0% (0/2)" missing-branches="exit,160"/>
						<line number="160" hits="0"/>
						<line number="161" hits="0" branch="true" condition-coverage="0% (0/2)" missing-branches="162,167"/>
						<line number="162" hits="0"/>
						<line number="163" hits="0"/>
						<line number="164" hits="0"/>
						<line number="165" hits="0"/>
						<line number="166" hits="0"/>
						<line number="167" hits="0" branch="true" condition-coverage="0% (0/2)" missing-branches="168,174"/>
						<line number="168" hits="0"/>
						<line number="169" hits="0"/>
						<line number="170" hits="0"/>
						<line number="171" hits="0"/>
						<line number="172" hits="0"/>
						<line number="173" hits="0"/>
						<line number="174" hits="0" branch="true" condition-coverage="0% (0/2)" missing-branches="175,181"/>
						<line number="175" hits="0"/>
						<line number="176" hits="0"/>
						<line number="177" hits="0"/>
						<line number="178" hits="0"/>
						<line number="179" hits="0"/>
						<line number="180" hits="0"/>
						<line number="181" hits="0" branch="true" condition-coverage="0% (0/2)" missing-branches="182,188"/>
						<line number="182" hits="0"/>
						<line number="183" hits="0"/>
						<line number="184" hits="0"/>
						<line number="185" hits="0"/>
						<line number="186" hits="0"/>
						<line number="187" hits="0"/>
						<line number="188" hits="0" branch="true" condition-coverage="0% (0/2)" missing-branches="exit,189"/>
						<line number="189" hits="0"/>
						<line number="190" hits="0"/>
						<line number="191" hits="0"/>
						<line number="192" hits="0"/>
						<line number="193" hits="0"/>
						<line number="194" hits="0"/>
						<line number="197" hits="0"/>
						<line number="198" hits="0"/>
						<line number="199" hits="0"/>
						<line number="200" hits="0"/>
						<line number="202" hits="0" branch="true" condition-coverage="0% (0/2)" missing-branches="203,205"/>
						<line number="203" hits="0"/>
						<line number="205" hits="0" branch="true" condition-coverage="0% (0/2)" missing-branches="206,209"/>
						<line number="206" hits="0"/>
						<line number="207" hits="0"/>
						<line number="209" hits="0"/>
						<line number="210" hits="0"/>
						<line number="212" hits="0" branch="true" condition-coverage="0% (0/2)" missing-branches="213,216"/>
						<line number="213" hits="0"/>
						<line number="214" hits="0"/>
						<line number="216" hits="0"/>
						<line number="219" hits="0"/>
						<line number="220" hits="0"/>
						<line number="221" hits="0"/>
						<line number="222" hits="0"/>
						<line number="223" hits="0"/>
						<line number="225" hits="0"/>
						<line number="226" hits="0"/>
						<line number="228" hits="0" branch="true" condition-coverage="0% (0/2)" missing-branches="exit,229"/>
						<line number="229" hits="0"/>
						<line number="232" hits="0"/>
						<line number="233" hits="0"/>
						<line number="234" hits="0"/>
						<line number="235" hits="0"/>
						<line number="237" hits="0"/>
						<line number="239" hits="0"/>
						<line number="242" hits="0"/>
						<line number="244" hits="0" branch="true" condition-coverage="0% (0/2)" missing-branches="245,248"/>
						<line number="245" hits="0"/>
						<line number="246" hits="0"/>
						<line number="248" hits="0"/>
						<line number="251" hits="0"/>
						<line number="252" hits="0"/>
						<line number="253" hits="0"/>
						<line number="255" hits="0"/>
						<line number="257" hits="0"/>
						<line number="259" hits="0"/>
						<line number="260" hits="0"/>
						<line number="262" hits="0"/>
						<line number="263" hits="0"/>
						<line number="264" hits="0"/>
						<line number="267" hits="0"/>
						<line number="268" hits="0"/>
						<line number="269" hits="0"/>
						<line number="270" hits="0"/>
						<line number="271" hits="0"/>
						<line number="276" hits="0" branch="true" condition-coverage="0% (0/2)" missing-branches="277,299"/>
						<line number="277" hits="0"/>
						<line number="278" hits="0"/>
						<line number="281" hits="0"/>
						<line number="282" hits="0"/>
						<line number="290" hits="0"/>
						<line number="292" hits="0" branch="true" condition-coverage="0% (0/2)" missing-branches="293,299"/>
						<line number="293" hits="0"/>
						<line number="294" hits="0" branch="true" condition-coverage="0% (0/2)" missing-branches="295,299"/>
						<line number="295" hits="0"/>
						<line number="296" hits="0"/>
						<line number="299" hits="0"/>
						<line number="300" hits="0" branch="true" condition-coverage="0% (0/2)" missing-branches="301,307"/>
						<line number="301" hits="0"/>
						<line number="302" hits="0" branch="true" condition-coverage="0% (0/2)" missing-branches="303,307"/>
						<line number="303" hits="0"/>
						<line number="304" hits="0"/>
						<line number="307" hits="0"/>
						<line number="308" hits="0" branch="true" condition-coverage="0% (0/2)" missing-branches="309,311"/>
						<line number="309" hits="0"/>
						<line number="310" hits="0"/>
						<line number="311" hits="0" branch="true" condition-coverage="0% (0/2)" missing-branches="312,316"/>
						<line number="312" hits="0"/>
						<line number="313" hits="0" branch="true" condition-coverage="0% (0/2)" missing-branches="314,319"/>
						<line number="314" hits="0"/>
						<line number="316" hits="0"/>
						<line number="319" hits="0"/>
						<line number="320" hits="0"/>
						<line number="321" hits="0" branch="true" condition-coverage="0% (0/2)" missing-branches="exit,322"/>
						<line number="322" hits="0"/>
						<line number="324" hits="0"/>
						<line number="325" hits="0"/>
						<line number="326" hits="0" branch="true" condition-coverage="0% (0/2)" missing-branches="exit,327"/>
						<line number="327" hits="0"/>
						<line number="328" hits="0"/>
						<line number="329" hits="0" branch="true" condition-coverage="0% (0/2)" missing-branches="330,331"/>
						<line number="330" hits="0"/>
						<line number="331" hits="0" branch="true" condition-coverage="0% (0/2)" missing-branches="332,333"/>
						<line number="332" hits="0"/>
						<line number="333" hits="0"/>
						<line number="336" hits="0"/>
						<line number="337" hits="0"/>
						<line number="338" hits="0"/>
						<line number="340" hits="0"/>
						<line number="342" hits="0"/>
						<line number="343" hits="0"/>
						<line number="345" hits="0"/>
						<line number="348" hits="0"/>
						<line number="349" hits="0"/>
						<line number="350" hits="0"/>
						<line number="351" hits="0"/>
						<line number="352" hits="0"/>
						<line number="355" hits="0" branch="true" condition-coverage="0% (0/2)" missing-branches="356,359"/>
						<line number="356" hits="0"/>
						<line number="359" hits="0"/>
						<line number="360" hits="0" branch="true" condition-coverage="0% (0/2)" missing-branches="exit,361"/>
						<line number="361" hits="0"/>
						<line number="362" hits="0"/>
						<line number="363" hits="0" branch="true" condition-coverage="0% (0/2)" missing-branches="360,364"/>
						<line number="364" hits="0"/>
						<line number="367" hits="0"/>
						<line number="368" hits="0"/>
						<line number="369" hits="0"/>
						<line number="371" hits="0"/>
						<line number="374" hits="0"/>
						<line number="377" hits="0"/>
						<line number="378" hits="0"/>
						<line number="381" hits="0"/>
						<line number="382" hits="0"/>
						<line number="385" hits="0"/>
						<line number="386" hits="0" branch="true" condition-coverage="0% (0/2)" missing-branches="387,390"/>
						<line number="387" hits="0"/>
						<line number="390" hits="0"/>
						<line number="391" hits="0" branch="true" condition-coverage="0% (0/2)" missing-branches="392,396"/>
						<line number="392" hits="0"/>
						<line number="393" hits="0"/>
						<line number="396" hits="0"/>
						<line number="399" hits="0"/>
						<line number="400" hits="0"/>
						<line number="401" hits="0"/>
						<line number="403" hits="0"/>
						<line number="406" hits="0"/>
						<line number="407" hits="0"/>
						<line number="408" hits="0"/>
						<line number="409" hits="0"/>
						<line number="411" hits="0"/>
						<line number="412" hits="0"/>
						<line number="413" hits="0"/>
						<line number="414" hits="0"/>
						<line number="415" hits="0"/>
						<line number="416" hits="0"/>
						<line number="417" hits="0"/>
						<line number="418" hits="0"/>
						<line number="421" hits="0"/>
						<line number="422" hits="0"/>
						<line number="423" hits="0"/>
						<line number="424" hits="0"/>
						<line number="426" hits="0"/>
						<line number="427" hits="0" branch="true" condition-coverage="0% (0/2)" missing-branches="exit,428"/>
						<line number="428" hits="0"/>
						<line number="431" hits="0"/>
						<line number="432" hits="0"/>
						<line number="433" hits="0"/>
						<line number="434" hits="0"/>
						<line number="437" hits="0"/>
						<line number="438" hits="0"/>
						<line number="441" hits="0"/>
						<line number="442" hits="0"/>
						<line number="443" hits="0"/>
						<line number="444" hits="0"/>
						<line number="447" hits="0"/>
						<line number="448" hits="0"/>
						<line number="463" hits="0"/>
						<line number="466" hits="0"/>
						<line number="467" hits="0"/>
						<line number="468" hits="0"/>
						<line number="469" hits="0"/>
						<line number="470" hits="0"/>
						<line number="471" hits="0"/>
						<line number="473" hits="0"/>
						<line number="476" hits="0"/>
						<line number="477" hits="0"/>
						<line number="478" hits="0"/>
						<line number="480" hits="0"/>
						<line number="482" hits="0" branch="true" condition-coverage="0% (0/2)" missing-branches="483,485"/>
						<line number="483" hits="0"/>
						<line number="485" hits="0"/>
						<line number="488" hits="0"/>
						<line number="489" hits="0"/>
						<line number="490" hits="0"/>
						<line number="492" hits="0"/>
						<line number="495" hits="0"/>
						<line number="498" hits="0"/>
						<line number="501" hits="0"/>
						<line number="503" hits="0"/>
						<line number="565" hits="0"/>
						<line number="566" hits="0"/>
						<line number="567" hits="0"/>
						<line number="569" hits="0"/>
						<line number="572" hits="0"/>
						<line number="573" hits="0"/>
						<line number="574" hits="0"/>
						<line number="575" hits="0"/>
						<line number="577" hits="0"/>
						<line number="579" hits="0"/>
						<line number="581" hits="0"/>
						<line number="582" hits="0" branch="true" condition-coverage="0% (0/2)" missing-branches="583,599"/>
						<line number="583" hits="0"/>
						<line number="586" hits="0"/>
						<line number="587" hits="0"/>
						<line number="588" hits="0"/>
						<line number="591" hits="0"/>
						<line number="592" hits="0" branch="true" condition-coverage="0% (0/2)" missing-branches="593,596"/>
						<line number="593" hits="0"/>
						<line number="594" hits="0"/>
						<line number="596" hits="0"/>
						<line number="597" hits="0"/>
						<line number="599" hits="0"/>
						<line number="602" hits="0"/>
						<line number="603" hits="0"/>
						<line number="604" hits="0"/>
						<line number="605" hits="0"/>
						<line number="607" hits="0"/>
						<line number="609" hits="0" branch="true" condition-coverage="0% (0/2)" missing-branches="610,613"/>
						<line number="610" hits="0"/>
						<line number="611" hits="0"/>
						<line number="613" hits="0"/>
						<line number="614" hits="0"/>
						<line number="615" hits="0"/>
						<line number="618" hits="0" branch="true" condition-coverage="0% (0/2)" missing-branches="619,624"/>
						<line number="619" hits="0"/>
						<line number="620" hits="0" branch="true" condition-coverage="0% (0/2)" missing-branches="621,624"/>
						<line number="621" hits="0"/>
						<line number="624" hits="0" branch="true" condition-coverage="0% (0/2)" missing-branches="625,628"/>
						<line number="625" hits="0"/>
						<line number="628" hits="0"/>
						<line number="629" hits="0"/>
						<line number="632" hits="0"/>
						<line number="633" hits="0" branch="true" condition-coverage="0% (0/2)" missing-branches="634,636"/>
						<line number="634" hits="0"/>
						<line number="636" hits="0"/>
						<line number="639" hits="0"/>
						<line number="640" hits="0"/>
						<line number="641" hits="0"/>
						<line number="642" hits="0"/>
						<line number="644" hits="0"/>
						<line number="646" hits="0"/>
						<line number="648" hits="0"/>
						<line number="650" hits="0" branch="true" condition-coverage="0% (0/2)" missing-branches="651,673"/>
						<line number="651" hits="0"/>
						<line number="654" hits="0"/>
						<line number="655" hits="0"/>
						<line number="656" hits="0"/>
						<line number="659" hits="0"/>
						<line number="660" hits="0"/>
						<line number="670" hits="0" branch="true" condition-coverage="0% (0/2)" missing-branches="exit,671"/>
						<line number="671" hits="0"/>
						<line number="673" hits="0"/>
						<line number="674" hits="0"/>
						<line number="677" hits="0"/>
						<line number="678" hits="0"/>
						<line number="679" hits="0"/>
						<line number="680" hits="0"/>
						<line number="681" hits="0"/>
						<line number="683" hits="0"/>
						<line number="684" hits="0"/>
						<line number="685" hits="0"/>
						<line number="686" hits="0"/>
						<line number="689" hits="0"/>
						<line number="690" hits="0"/>
						<line number="691" hits="0"/>
						<line number="692" hits="0"/>
						<line number="693" hits="0"/>
						<line number="695" hits="0"/>
						<line number="696" hits="0"/>
						<line number="697" hits="0"/>
						<line number="700" hits="0"/>
						<line number="701" hits="0"/>
						<line number="702" hits="0"/>
						<line number="704" hits="0"/>
						<line number="706" hits="0"/>
						<line number="709" hits="0" branch="true" condition-coverage="0% (0/2)" missing-branches="710,713"/>
						<line number="710" hits="0"/>
						<line number="711" hits="0"/>
						<line number="713" hits="0"/>
						<line number="716" hits="0"/>
						<line number="717" hits="0" branch="true" condition-coverage="0% (0/2)" missing-branches="718,726"/>
						<line number="718" hits="0"/>
						<line number="719" hits="0" branch="true" condition-coverage="0% (0/2)" missing-branches="720,722"/>
						<line number="720" hits="0"/>
						<line number="722" hits="0" branch="true" condition-coverage="0% (0/2)" missing-branches="723,726"/>
						<line number="723" hits="0"/>
						<line number="726" hits="0"/>
						<line number="727" hits="0"/>
						<line number="729" hits="0" branch="true" condition-coverage="0% (0/2)" missing-branches="730,734"/>
						<line number="730" hits="0"/>
						<line number="731" hits="0"/>
						<line number="732" hits="0" branch="true" condition-coverage="0% (0/2)" missing-branches="exit,733"/>
						<line number="733" hits="0"/>
						<line number="734" hits="0" branch="true" condition-coverage="0% (0/2)" missing-branches="735,738"/>
						<line number="735" hits="0"/>
						<line number="736" hits="0"/>
						<line number="738" hits="0"/>
						<line number="741" hits="0"/>
						<line number="742" hits="0"/>
						<line number="743" hits="0"/>
						<line number="745" hits="0"/>
						<line number="748" hits="0"/>
						<line number="750" hits="0"/>
						<line number="753" hits="0"/>
						<line number="754" hits="0"/>
						<line number="761" hits="0" branch="true" condition-coverage="0% (0/2)" missing-branches="763,777"/>
						<line number="763" hits="0"/>
						<line number="764" hits="0" branch="true" condition-coverage="0% (0/2)" missing-branches="765,777"/>
						<line number="765" hits="0" branch="true" condition-coverage="0% (0/2)" missing-branches="764,766"/>
						<line number="766" hits="0"/>
						<line number="767" hits="0"/>
						<line number="769" hits="0" branch="true" condition-coverage="0% (0/2)" missing-branches="770,774"/>
						<line number="770" hits="0"/>
						<line number="771" hits="0"/>
						<line number="772" hits="0"/>
						<line number="774" hits="0"/>
						<line number="775" hits="0"/>
						<line number="777" hits="0"/>
						<line number="779" hits="0"/>
						<line number="780" hits="0"/>
						<line number="783" hits="0"/>
						<line number="784" hits="0"/>
						<line number="785" hits="0"/>
						<line number="787" hits="0"/>
						<line number="790" hits="0"/>
						<line number="791" hits="0"/>
						<line number="792" hits="0"/>
						<line number="794" hits="0"/>
						<line number="795" hits="0"/>
						<line number="798" hits="0"/>
						<line number="799" hits="0"/>
						<line number="800" hits="0"/>
						<line number="801" hits="0"/>
						<line number="804" hits="0"/>
						<line number="805" hits="0" branch="true" condition-coverage="0% (0/2)" missing-branches="806,809"/>
						<line number="806" hits="0"/>
						<line number="807" hits="0"/>
						<line number="809" hits="0"/>
						<line number="810" hits="0"/>
						<line number="813" hits="0"/>
						<line number="814" hits="0"/>
						<line number="815" hits="0"/>
						<line number="816" hits="0"/>
						<line number="819" hits="0"/>
						<line number="820" hits="0" branch="true" condition-coverage="0% (0/2)" missing-branches="821,824"/>
						<line number="821" hits="0"/>
						<line number="822" hits="0"/>
						<line number="824" hits="0"/>
						<line number="825" hits="0"/>
						<line number="828" hits="0"/>
						<line number="829" hits="0"/>
						<line number="830" hits="0"/>
						<line number="831" hits="0"/>
						<line number="834" hits="0"/>
						<line number="835" hits="0" branch="true" condition-coverage="0% (0/2)" missing-branches="836,839"/>
						<line number="836" hits="0"/>
						<line number="837" hits="0"/>
						<line number="839" hits="0"/>
						<line number="840" hits="0"/>
						<line number="843" hits="0"/>
						<line number="844" hits="0"/>
						<line number="845" hits="0"/>
						<line number="846" hits="0"/>
						<line number="849" hits="0"/>
						<line number="850" hits="0" branch="true" condition-coverage="0% (0/2)" missing-branches="851,854"/>
						<line number="851" hits="0"/>
						<line number="852" hits="0"/>
						<line number="854" hits="0"/>
						<line number="855" hits="0" branch="true" condition-coverage="0% (0/2)" missing-branches="856,858"/>
						<line number="856" hits="0"/>
						<line number="858" hits="0"/>
						<line number="861" hits="0"/>
						<line number="862" hits="0"/>
						<line number="863" hits="0"/>
						<line number="865" hits="0"/>
						<line number="868" hits="0"/>
						<line number="869" hits="0"/>
						<line number="870" hits="0"/>
						<line number="872" hits="0"/>
						<line number="873" hits="0" branch="true" condition-coverage="0% (0/2)" missing-branches="exit,874"/>
						<line number="874" hits="0"/>
						<line number="875" hits="0"/>
						<line number="878" hits="0"/>
						<line number="879" hits="0"/>
						<line number="880" hits="0"/>
						<line number="882" hits="0"/>
						<line number="883" hits="0"/>
						<line number="884" hits="0"/>
						<line number="887" hits="0"/>
						<line number="889" hits="0"/>
						<line number="950" hits="0"/>
						<line number="953" hits="0"/>
						<line number="955" hits="0"/>
					</lines>
				</class>
				<class name="db_utils.py" filename="db_utils.py" complexity="0" line-rate="0.4394" branch-rate="0.1">
					<methods/>
					<lines>
						<line number="6" hits="1"/>
						<line number="7" hits="1"/>
						<line number="8" hits="1"/>
						<line number="11" hits="1"/>
						<line number="28" hits="1"/>
						<line number="31" hits="1"/>
						<line number="34" hits="1"/>
						<line number="35" hits="1"/>
						<line number="36" hits="1"/>
						<line number="39" hits="1"/>
						<line number="42" hits="1"/>
						<line number="44" hits="1"/>
						<line number="47" hits="1"/>
						<line number="52" hits="1"/>
						<line number="53" hits="1"/>
						<line number="56" hits="1"/>
						<line number="199" hits="1"/>
						<line number="200" hits="1"/>
						<line number="203" hits="1"/>
						<line number="210" hits="1"/>
						<line number="211" hits="1"/>
						<line number="212" hits="1"/>
						<line number="215" hits="1"/>
						<line number="216" hits="1"/>
						<line number="218" hits="1" branch="true" condition-coverage="50% (1/2)" missing-branches="224"/>
						<line number="219" hits="1"/>
						<line number="220" hits="1"/>
						<line number="221" hits="1"/>
						<line number="224" hits="0"/>
						<line number="225" hits="0"/>
						<line number="226" hits="0"/>
						<line number="228" hits="0" branch="true" condition-coverage="0% (0/2)" missing-branches="229,234"/>
						<line number="229" hits="0"/>
						<line number="230" hits="0"/>
						<line number="231" hits="0"/>
						<line number="232" hits="0"/>
						<line number="234" hits="0"/>
						<line number="235" hits="0"/>
						<line number="236" hits="0"/>
						<line number="238" hits="0"/>
[...]
						<line number="387" hits="0"/>
						<line number="388" hits="0" branch="true" condition-coverage="0% (0/2)" missing-branches="389,392"/>
						<line number="389" hits="0"/>
						<line number="392" hits="0"/>
						<line number="394" hits="0"/>
						<line number="404" hits="1"/>
						<line number="406" hits="0"/>
						<line number="409" hits="0"/>
						<line number="412" hits="0" branch="true" condition-coverage="0% (0/2)" missing-branches="413,421"/>
						<line number="413" hits="0"/>
						<line number="421" hits="0"/>
						<line number="422" hits="0"/>
						<line number="424" hits="1"/>
						<line number="429" hits="0"/>
						<line number="430" hits="0"/>
						<line number="431" hits="0"/>
						<line number="434" hits="0"/>
						<line number="435" hits="0"/>
						<line number="437" hits="0" branch="true" condition-coverage="0% (0/2)" missing-branches="438,441"/>
						<line number="438" hits="0"/>
						<line number="439" hits="0"/>
						<line number="441" hits="0"/>
						<line number="442" hits="0"/>
						<line number="444" hits="0"/>
						<line number="446" hits="1"/>
						<line number="452" hits="0"/>
						<line number="453" hits="0"/>
						<line number="461" hits="0"/>
						<line number="463" hits="0" branch="true" condition-coverage="0% (0/2)" missing-branches="464,467"/>
						<line number="464" hits="0"/>
						<line number="465" hits="0"/>
						<line number="467" hits="0"/>
						<line number="469" hits="0" branch="true" condition-coverage="0% (0/2)" missing-branches="470,498"/>
						<line number="470" hits="0" branch="true" condition-coverage="0% (0/2)" missing-branches="471,474"/>
						<line number="471" hits="0"/>
						<line number="472" hits="0"/>
						<line number="474" hits="0"/>
						<line number="475" hits="0"/>
						<line number="476" hits="0"/>
						<line number="479" hits="0"/>
						<line number="481" hits="0" branch="true" condition-coverage="0% (0/2)" missing-branches="483,495"/>
						<line number="483" hits="0"/>
						<line number="484" hits="0"/>
						<line number="491" hits="0"/>
						<line number="492" hits="0"/>
						<line number="493" hits="0"/>
						<line number="495" hits="0"/>
						<line number="496" hits="0"/>
						<line number="498" hits="0"/>
						<line number="499" hits="0"/>
					</lines>
				</class>
				<class name="validation.py" filename="validation.py" complexity="0" line-rate="0.1572" branch-rate="0">
					<methods/>
					<lines>
						<line number="6" hits="1"/>
						<line number="7" hits="1"/>
						<line number="8" hits="1"/>
						<line number="10" hits="1"/>
						<line number="12" hits="1"/>
						<line number="13" hits="1"/>
						<line number="14" hits="0"/>
						<line number="15" hits="0"/>
						<line number="18" hits="1"/>
						<line number="19" hits="1"/>
						<line number="20" hits="1"/>
						<line number="21" hits="1"/>
						<line number="22" hits="1"/>
						<line number="23" hits="1"/>
						<line number="25" hits="1"/>
						<line number="27" hits="0"/>
						<line number="30" hits="0"/>
						<line number="33" hits="0" branch="true" condition-coverage="0% (0/2)" missing-branches="34,37"/>
						<line number="34" hits="0"/>
						<line number="37" hits="0" branch="true" condition-coverage="0% (0/2)" missing-branches="38,39"/>
						<line number="38" hits="0"/>
						<line number="39" hits="0" branch="true" condition-coverage="0% (0/2)" missing-branches="40,44"/>
						<line number="40" hits="0" branch="true" condition-coverage="0% (0/2)" missing-branches="41,44"/>
						<line number="41" hits="0"/>
						<line number="44" hits="0"/>
						<line number="46" hits="0"/>
						<line number="51" hits="1"/>
						<line number="53" hits="0"/>
						<line number="54" hits="0"/>
						<line number="60" hits="1"/>
						<line number="62" hits="0"/>
						<line number="63" hits="0"/>
						<line number="65" hits="1"/>
						<line number="67" hits="0"/>
						<line number="70" hits="0"/>
						<line number="71" hits="0" branch="true" condition-coverage="0% (0/2)" missing-branches="72,82"/>
						<line number="72" hits="0"/>
						<line number="73" hits="0"/>
						<line number="82" hits="0" branch="true" condition-coverage="0% (0/2)" missing-branches="84,104"/>
						<line number="84" hits="0"/>
						<line number="93" hits="0"/>
						<line number="94" hits="0"/>
						<line number="95" hits="0"/>
						<line number="104" hits="0" branch="true" condition-coverage="0% (0/2)" missing-branches="exit,106"/>
						<line number="106" hits="0"/>
						<line number="115" hits="0" branch="true" condition-coverage="0% (0/2)" missing-branches="exit,116"/>
						<line number="116" hits="0" branch="true" condition-coverage="0% (0/2)" missing-branches="117,118"/>
						<line number="117" hits="0"/>
						<line number="118" hits="0"/>
						<line number="119" hits="0"/>
						<line number="120" hits="0"/>
						<line number="121" hits="0" branch="true" condition-coverage="0% (0/2)" missing-branches="115,122"/>
						<line number="122" hits="0"/>
						<line number="129" hits="0"/>
						<line number="130" hits="0"/>
						<line number="132" hits="1"/>
						<line number="134" hits="0"/>
						<line number="135" hits="0"/>
						<line number="138" hits="0"/>
						<line number="139" hits="0"/>
						<line number="140" hits="0"/>
						<line number="147" hits="0"/>
						<line number="148" hits="0"/>
						<line number="155" hits="0"/>
						<line number="158" hits="0" branch="true" condition-coverage="0% (0/2)" missing-branches="exit,159"/>
						<line number="159" hits="0"/>
						<line number="161" hits="1"/>
						<line number="163" hits="0"/>
						<line number="164" hits="0"/>
						<line number="167" hits="0"/>
						<line number="169" hits="0"/>
						<line number="170" hits="0" branch="true" condition-coverage="0% (0/2)" missing-branches="171,172"/>
						<line number="171" hits="0"/>
						<line number="172" hits="0" branch="true" condition-coverage="0% (0/2)" missing-branches="173,174"/>
						<line number="173" hits="0"/>
						<line number="174" hits="0" branch="true" condition-coverage="0% (0/2)" missing-branches="175,176"/>
						<line number="175" hits="0"/>
						<line number="176" hits="0" branch="true" condition-coverage="0% (0/2)" missing-branches="177,179"/>
						<line number="177" hits="0"/>
						<line number="179" hits="0"/>
						<line number="181" hits="0" branch="true" condition-coverage="0% (0/2)" missing-branches="exit,182"/>
						<line number="182" hits="0"/>
						<line number="183" hits="0"/>
						<line number="184" hits="0"/>
						<line number="191" hits="0"/>
						<line number="192" hits="0"/>
						<line number="200" hits="1"/>
						<line number="202" hits="0" branch="true" condition-coverage="0% (0/2)" missing-branches="203,204"/>
						<line number="203" hits="0"/>
						<line number="204" hits="0" branch="true" condition-coverage="0% (0/2)" missing-branches="205,206"/>
						<line number="205" hits="0"/>
						<line number="206" hits="0" branch="true" condition-coverage="0% (0/2)" missing-branches="207,208"/>
						<line number="207" hits="0"/>
						<line number="208" hits="0" branch="true" condition-coverage="0% (0/2)" missing-branches="209,210"/>
						<line number="209" hits="0"/>
						<line number="210" hits="0" branch="true" condition-coverage="0% (0/2)" missing-branches="211,212"/>
						<line number="211" hits="0"/>
						<line number="212" hits="0" branch="true" condition-coverage="0% (0/2)" missing-branches="213,216"/>
						<line number="213" hits="0"/>
						<line number="216" hits="0"/>
						<line number="218" hits="1"/>
						<line number="221" hits="0"/>
						<line number="222" hits="0" branch="true" condition-coverage="0% (0/2)" missing-branches="223,227"/>
						<line number="223" hits="0" branch="true" condition-coverage="0% (0/2)" missing-branches="222,224"/>
						<line number="224" hits="0"/>
						<line number="225" hits="0"/>
						<line number="227" hits="0" branch="true" condition-coverage="0% (0/2)" missing-branches="228,238"/>
						<line number="228" hits="0"/>
						<line number="235" hits="0"/>
						<line number="238" hits="0" branch="true" condition-coverage="0% (0/2)" missing-branches="239,250"/>
						<line number="239" hits="0" branch="true" condition-coverage="0% (0/2)" missing-branches="240,250"/>
						<line number="240" hits="0"/>
						<line number="241" hits="0"/>
						<line number="250" hits="0" branch="true" condition-coverage="0% (0/2)" missing-branches="252,285"/>
						<line number="252" hits="0"/>
						<line number="256" hits="0"/>
						<line number="257" hits="0"/>
						<line number="259" hits="0"/>
						<line number="273" hits="0" branch="true" condition-coverage="0% (0/2)" missing-branches="274,282"/>
						<line number="274" hits="0" branch="true" condition-coverage="0% (0/2)" missing-branches="275,282"/>
						<line number="275" hits="0"/>
						<line number="282" hits="0"/>
						<line number="285" hits="0"/>
						<line number="286" hits="0"/>
						<line number="294" hits="1"/>
						<line number="296" hits="0" branch="true" condition-coverage="0% (0/2)" missing-branches="297,299"/>
						<line number="297" hits="0"/>
						<line number="299" hits="0"/>
						<line number="301" hits="0" branch="true" condition-coverage="0% (0/2)" missing-branches="exit,303"/>
						<line number="303" hits="0"/>
						<line number="304" hits="0" branch="true" condition-coverage="0% (0/2)" missing-branches="306,319"/>
						<line number="306" hits="0" branch="true" condition-coverage="0% (0/2)" missing-branches="307,310"/>
						<line number="307" hits="0"/>
						<line number="310" hits="0"/>
						<line number="319" hits="0" branch="true" condition-coverage="0% (0/2)" missing-branches="320,342"/>
						<line number="320" hits="0"/>
						<line number="321" hits="0"/>
						<line number="322" hits="0"/>
						<line number="323" hits="0"/>
						<line number="324" hits="0"/>
						<line number="325" hits="0"/>
						<line number="326" hits="0"/>
						<line number="333" hits="0"/>
						<line number="334" hits="0"/>
						<line number="342" hits="0"/>
						<line number="350" hits="1"/>
						<line number="353" hits="0" branch="true" condition-coverage="0% (0/2)" missing-branches="354,355"/>
						<line number="354" hits="0"/>
						<line number="355" hits="0" branch="true" condition-coverage="0% (0/2)" missing-branches="356,357"/>
						<line number="356" hits="0"/>
						<line number="357" hits="0"/>
						<line number="359" hits="1"/>
						<line number="364" hits="1"/>
						<line number="366" hits="1"/>
						<line number="368" hits="0"/>
						<line number="370" hits="0" branch="true" condition-coverage="0% (0/2)" missing-branches="371,374"/>
						<line number="371" hits="0"/>
						<line number="372" hits="0"/>
						<line number="374" hits="0"/>
					</lines>
				</class>
				<class name="workflow_engine.py" filename="workflow_engine.py" complexity="0" line-rate="0.2328" branch-rate="0">
					<methods/>
					<lines>
						<line number="6" hits="1"/>
						<line number="7" hits="1"/>
						<line number="8" hits="1"/>
						<line number="9" hits="1"/>
						<line number="10" hits="1"/>
						<line number="13" hits="1"/>
						<line number="16" hits="1"/>
						<line number="17" hits="1"/>
						<line number="18" hits="1"/>
						<line number="19" hits="1"/>
						<line number="20" hits="1"/>
						<line number="21" hits="1"/>
						<line number="22" hits="1"/>
						<line number="23" hits="1"/>
						<line number="26" hits="1"/>
						<line number="32" hits="1"/>
						<line number="33" hits="1"/>
						<line number="34" hits="1"/>
						<line number="35" hits="1"/>
						<line number="38" hits="1"/>
						<line number="50" hits="1"/>
						<line number="61" hits="1"/>
						<line number="63" hits="1"/>
						<line number="65" hits="1"/>
						<line number="116" hits="1"/>
						<line number="117" hits="1"/>
						<line number="119" hits="1"/>
						<line number="124" hits="0"/>
						<line number="127" hits="0"/>
						<line number="129" hits="0" branch="true" condition-coverage="0% (0/2)" missing-branches="130,134"/>
						<line number="130" hits="0"/>
						<line number="131" hits="0"/>
						<line number="134" hits="0"/>
						<line number="139" hits="0" branch="true" condition-coverage="0% (0/2)" missing-branches="140,174"/>
						<line number="140" hits="0"/>
						<line number="143" hits="0" branch="true" condition-coverage="0% (0/2)" missing-branches="145,163"/>
						<line number="145" hits="0" branch="true" condition-coverage="0% (0/2)" missing-branches="146,163"/>
						<line number="146" hits="0"/>
						<line number="148" hits="0"/>
						<line number="149" hits="0" branch="true" condition-coverage="0% (0/2)" missing-branches="151,156"/>
						<line number="151" hits="0"/>
						<line number="156" hits="0"/>
						<line number="157" hits="0"/>
						<line number="163" hits="0"/>
						<line number="174" hits="0"/>
						<line number="187" hits="0"/>
						<line number="189" hits="0"/>
						<line number="190" hits="0"/>
						<line number="192" hits="0"/>
						<line number="194" hits="1"/>
						<line number="196" hits="0"/>
						<line number="197" hits="0"/>
						<line number="201" hits="0"/>
						<line number="203" hits="0" branch="true" condition-coverage="0% (0/2)" missing-branches="204,205"/>
						<line number="204" hits="0"/>
						<line number="205" hits="0"/>
						<line number="207" hits="1"/>
						<line number="212" hits="0"/>
						<line number="213" hits="0" branch="true" condition-coverage="0% (0/2)" missing-branches="214,217"/>
						<line number="214" hits="0"/>
						<line number="217" hits="0"/>
						<line number="218" hits="0" branch="true" condition-coverage="0% (0/2)" missing-branches="219,223"/>
						<line number="219" hits="0"/>
						<line number="220" hits="0" branch="true" condition-coverage="0% (0/2)" missing-branches="221,223"/>
						<line number="221" hits="0"/>
						<line number="223" hits="0"/>
						<line number="225" hits="1"/>
						<line number="231" hits="0"/>
						<line number="232" hits="0"/>
						<line number="234" hits="0" branch="true" condition-coverage="0% (0/2)" missing-branches="235,239"/>
						<line number="235" hits="0"/>
						<line number="236" hits="0"/>
						<line number="239" hits="0"/>
						<line number="240" hits="0" branch="true" condition-coverage="0% (0/2)" missing-branches="242,258"/>
						<line number="242" hits="0"/>
						<line number="253" hits="0"/>
						<line number="254" hits="0"/>
						<line number="255" hits="0"/>
						<line number="258" hits="0"/>
						<line number="259" hits="0"/>
						<line number="261" hits="0" branch="true" condition-coverage="0% (0/2)" missing-branches="262,265"/>
						<line number="262" hits="0"/>
						<line number="263" hits="0"/>
						<line number="265" hits="0"/>
						<line number="268" hits="0"/>
						<line number="275" hits="0"/>
						<line number="280" hits="0"/>
						<line number="281" hits="0"/>
						<line number="283" hits="0"/>
						<line number="285" hits="1"/>
						<line number="290" hits="0"/>
						<line number="291" hits="0"/>
						<line number="293" hits="0"/>
						<line number="304" hits="0"/>
						<line number="305" hits="0"/>
						<line number="306" hits="0"/>
						<line number="308" hits="0"/>
						<line number="310" hits="1"/>
						<line number="312" hits="0"/>
						<line number="313" hits="0"/>
						<line number="317" hits="0"/>
						<line number="318" hits="0"/>
						<line number="320" hits="1"/>
						<line number="322" hits="0"/>
						<line number="323" hits="0"/>
						<line number="330" hits="0"/>
						<line number="332" hits="0"/>
						<line number="334" hits="1"/>
						<line number="339" hits="0"/>
						<line number="342" hits="0"/>
						<line number="350" hits="0" branch="true" condition-coverage="0% (0/2)" missing-branches="351,367"/>
						<line number="351" hits="0"/>
						<line number="352" hits="0"/>
						<line number="363" hits="0"/>
						<line number="364" hits="0"/>
						<line number="365" hits="0"/>
						<line number="367" hits="0"/>
						<line number="371" hits="1"/>
						<line number="374" hits="0"/>
						<line number="375" hits="0" branch="true" condition-coverage="0% (0/2)" missing-branches="376,380"/>
						<line number="376" hits="0" branch="true" condition-coverage="0% (0/2)" missing-branches="375,377"/>
						<line number="377" hits="0" branch="true" condition-coverage="0% (0/2)" missing-branches="378,379"/>
						<line number="378" hits="0"/>
						<line number="379" hits="0"/>
						<line number="380" hits="0"/>
						<line number="382" hits="1"/>
						<line number="385" hits="0" branch="true" condition-coverage="0% (0/2)" missing-branches="386,387"/>
						<line number="386" hits="0"/>
						<line number="387" hits="0"/>
						<line number="389" hits="1"/>
						<line number="391" hits="0"/>
						<line number="392" hits="0" branch="true" condition-coverage="0% (0/2)" missing-branches="393,394"/>
						<line number="393" hits="0"/>
						<line number="394" hits="0"/>
						<line number="396" hits="1"/>
						<line number="398" hits="0" branch="true" condition-coverage="0% (0/2)" missing-branches="399,400"/>
						<line number="399" hits="0"/>
						<line number="400" hits="0"/>
						<line number="402" hits="1"/>
						<line number="404" hits="0"/>
						<line number="405" hits="0"/>
						<line number="406" hits="0"/>
						<line number="408" hits="0" branch="true" condition-coverage="0% (0/2)" missing-branches="409,410"/>
						<line number="409" hits="0"/>
						<line number="410" hits="0"/>
						<line number="412" hits="1"/>
						<line number="416" hits="0"/>
						<line number="418" hits="0"/>
						<line number="421" hits="0"/>
						<line number="427" hits="0" branch="true" condition-coverage="0% (0/2)" missing-branches="428,432"/>
						<line number="428" hits="0"/>
						<line number="429" hits="0" branch="true" condition-coverage="0% (0/2)" missing-branches="427,430"/>
						<line number="430" hits="0"/>
						<line number="432" hits="0"/>
						<line number="434" hits="1"/>
						<line number="437" hits="0"/>
						<line number="439" hits="0" branch="true" condition-coverage="0% (0/2)" missing-branches="440,442"/>
						<line number="440" hits="0"/>
						<line number="442" hits="0"/>
						<line number="443" hits="0"/>
						<line number="445" hits="1"/>
						<line number="448" hits="0" branch="true" condition-coverage="0% (0/2)" missing-branches="449,455"/>
						<line number="449" hits="0"/>
						<line number="450" hits="0" branch="true" condition-coverage="0% (0/2)" missing-branches="448,451"/>
						<line number="451" hits="0"/>
						<line number="452" hits="0" branch="true" condition-coverage="0% (0/2)" missing-branches="448,453"/>
						<line number="453" hits="0"/>
						<line number="455" hits="0"/>
						<line number="457" hits="1"/>
						<line number="459" hits="0"/>
						<line number="460" hits="0" branch="true" condition-coverage="0% (0/2)" missing-branches="461,463"/>
						<line number="461" hits="0"/>
						<line number="463" hits="0"/>
						<line number="466" hits="0"/>
						<line number="475" hits="0"/>
						<line number="480" hits="0"/>
						<line number="482" hits="0"/>
						<line number="485" hits="0"/>
						<line number="496" hits="0"/>
						<line number="498" hits="1"/>
						<line number="503" hits="0"/>
						<line number="505" hits="0" branch="true" condition-coverage="0% (0/2)" missing-branches="506,509"/>
						<line number="506" hits="0"/>
						<line number="509" hits="0"/>
						<line number="519" hits="0"/>
						<line number="521" hits="0" branch="true" condition-coverage="0% (0/2)" missing-branches="522,528"/>
						<line number="522" hits="0" branch="true" condition-coverage="0% (0/2)" missing-branches="523,528"/>
						<line number="523" hits="0"/>
						<line number="528" hits="0"/>
					</lines>
				</class>
			</classes>
		</package>
	</packages>
</coverage>
